#
# A fatal error has been detected by the Java Runtime Environment:
#
#  SIGSEGV (0xb) at pc=0x00007f507e15b95d, pid=14505, tid=14511
#
# JRE version: OpenJDK Runtime Environment Corretto-17.0.5.8.1 (17.0.5+8) (build 17.0.5+8-LTS)
# Java VM: OpenJDK 64-Bit Server VM Corretto-17.0.5.8.1 (17.0.5+8-LTS, mixed mode, sharing, tiered, compressed oops, compressed class ptrs, g1 gc, linux-amd64)
# Problematic frame:
# C  [libLLVM-13.so+0xc2f95d]  LLVMBuildICmp+0x3d
#
# Core dump will be written. Default location: Core dumps may be processed with "/usr/share/apport/apport -p%p -s%s -c%c -d%d -P%P -u%u -g%g -- %E" (or dumping to /home/zhangfengming/Desktop/Lab/core.14505)
#
# If you would like to submit a bug report, please visit:
#   https://github.com/corretto/corretto-17/issues/
# The crash happened outside the Java Virtual Machine in native code.
# See problematic frame for where to report the bug.
#

---------------  S U M M A R Y ------------

Command Line: -javaagent:/home/zhangfengming/idea-IU-223.8214.52/lib/idea_rt.jar=41193:/home/zhangfengming/idea-IU-223.8214.52/bin -Dfile.encoding=UTF-8 Main

Host: AMD Ryzen 7 5800H with Radeon Graphics, 16 cores, 7G, Ubuntu 20.04.5 LTS
Time: Tue Dec 27 22:59:05 2022 CST elapsed time: 0.469131 seconds (0d 0h 0m 0s)

---------------  T H R E A D  ---------------

Current thread (0x00007f50f4027ae0):  JavaThread "main" [_thread_in_native, id=14511, stack(0x00007f50fbd3d000,0x00007f50fbe3e000)]

Stack: [0x00007f50fbd3d000,0x00007f50fbe3e000],  sp=0x00007f50fbe3bac0,  free space=1018k
Native frames: (J=compiled Java code, j=interpreted, Vv=VM code, C=native code)
C  [libLLVM-13.so+0xc2f95d]  LLVMBuildICmp+0x3d

Java frames: (J=compiled Java code, j=interpreted, Vv=VM code)
j  org.bytedeco.llvm.global.LLVM.LLVMBuildICmp(Lorg/bytedeco/llvm/LLVM/LLVMBuilderRef;ILorg/bytedeco/llvm/LLVM/LLVMValueRef;Lorg/bytedeco/llvm/LLVM/LLVMValueRef;Ljava/lang/String;)Lorg/bytedeco/llvm/LLVM/LLVMValueRef;+0
j  MyVisitor.visitUnary(LSysYParser$UnaryContext;)Lorg/bytedeco/llvm/LLVM/LLVMValueRef;+43
j  MyVisitor.visitUnary(LSysYParser$UnaryContext;)Ljava/lang/Object;+2
j  SysYParser$UnaryContext.accept(Lorg/antlr/v4/runtime/tree/ParseTreeVisitor;)Ljava/lang/Object;+12
j  org.antlr.v4.runtime.tree.AbstractParseTreeVisitor.visit(Lorg/antlr/v4/runtime/tree/ParseTree;)Ljava/lang/Object;+2
j  MyVisitor.visit(Lorg/antlr/v4/runtime/tree/ParseTree;)Lorg/bytedeco/llvm/LLVM/LLVMValueRef;+2
j  MyVisitor.visitReturnStmt(LSysYParser$ReturnStmtContext;)Lorg/bytedeco/llvm/LLVM/LLVMValueRef;+5
j  MyVisitor.visitReturnStmt(LSysYParser$ReturnStmtContext;)Ljava/lang/Object;+2
j  SysYParser$ReturnStmtContext.accept(Lorg/antlr/v4/runtime/tree/ParseTreeVisitor;)Ljava/lang/Object;+12
j  org.antlr.v4.runtime.tree.AbstractParseTreeVisitor.visitChildren(Lorg/antlr/v4/runtime/tree/RuleNode;)Ljava/lang/Object;+46
j  SysYParserBaseVisitor.visitBlockItem(LSysYParser$BlockItemContext;)Ljava/lang/Object;+2
j  SysYParser$BlockItemContext.accept(Lorg/antlr/v4/runtime/tree/ParseTreeVisitor;)Ljava/lang/Object;+12
j  org.antlr.v4.runtime.tree.AbstractParseTreeVisitor.visitChildren(Lorg/antlr/v4/runtime/tree/RuleNode;)Ljava/lang/Object;+46
j  SysYParserBaseVisitor.visitBlock(LSysYParser$BlockContext;)Ljava/lang/Object;+2
j  SysYParser$BlockContext.accept(Lorg/antlr/v4/runtime/tree/ParseTreeVisitor;)Ljava/lang/Object;+12
j  org.antlr.v4.runtime.tree.AbstractParseTreeVisitor.visitChildren(Lorg/antlr/v4/runtime/tree/RuleNode;)Ljava/lang/Object;+46
j  MyVisitor.visitFuncDef(LSysYParser$FuncDefContext;)Lorg/bytedeco/llvm/LLVM/LLVMValueRef;+48
j  MyVisitor.visitFuncDef(LSysYParser$FuncDefContext;)Ljava/lang/Object;+2
j  SysYParser$FuncDefContext.accept(Lorg/antlr/v4/runtime/tree/ParseTreeVisitor;)Ljava/lang/Object;+12
j  org.antlr.v4.runtime.tree.AbstractParseTreeVisitor.visitChildren(Lorg/antlr/v4/runtime/tree/RuleNode;)Ljava/lang/Object;+46
j  SysYParserBaseVisitor.visitCompUnit(LSysYParser$CompUnitContext;)Ljava/lang/Object;+2
j  MyVisitor.visitCompUnit(LSysYParser$CompUnitContext;)Lorg/bytedeco/llvm/LLVM/LLVMValueRef;+2
j  MyVisitor.visitCompUnit(LSysYParser$CompUnitContext;)Ljava/lang/Object;+2
j  SysYParser$CompUnitContext.accept(Lorg/antlr/v4/runtime/tree/ParseTreeVisitor;)Ljava/lang/Object;+12
j  org.antlr.v4.runtime.tree.AbstractParseTreeVisitor.visitChildren(Lorg/antlr/v4/runtime/tree/RuleNode;)Ljava/lang/Object;+46
j  SysYParserBaseVisitor.visitProgram(LSysYParser$ProgramContext;)Ljava/lang/Object;+2
j  MyVisitor.visitProgram(LSysYParser$ProgramContext;)Lorg/bytedeco/llvm/LLVM/LLVMValueRef;+2
j  MyVisitor.visitProgram(LSysYParser$ProgramContext;)Ljava/lang/Object;+2
j  SysYParser$ProgramContext.accept(Lorg/antlr/v4/runtime/tree/ParseTreeVisitor;)Ljava/lang/Object;+12
j  org.antlr.v4.runtime.tree.AbstractParseTreeVisitor.visit(Lorg/antlr/v4/runtime/tree/ParseTree;)Ljava/lang/Object;+2
j  MyVisitor.visit(Lorg/antlr/v4/runtime/tree/ParseTree;)Lorg/bytedeco/llvm/LLVM/LLVMValueRef;+2
j  Main.main([Ljava/lang/String;)V+58
v  ~StubRoutines::call_stub

siginfo: si_signo: 11 (SIGSEGV), si_code: 1 (SEGV_MAPERR), si_addr: 0x0000000000000010

Register to memory mapping:

RAX=0x00007f50f44cdc70 points into unknown readable memory: 0x000000005f706d74 | 74 6d 70 5f 00 00 00 00
RBX=0x00007f50f44a2d80 points into unknown readable memory: 0x00007f50f44a2d90 | 90 2d 4a f4 50 7f 00 00
RCX=0x0 is NULL
RDX=0x0000000000000101 is an unknown value
RSP=0x00007f50fbe3bac0 is pointing into the stack for thread: 0x00007f50f4027ae0
RBP=0x00007f50f44cdad0 points into unknown readable memory: 0x00007f50f44ca2e8 | e8 a2 4c f4 50 7f 00 00
RSI=0x0000000000000021 is an unknown value
RDI=0x00007f50f44a2d80 points into unknown readable memory: 0x00007f50f44a2d90 | 90 2d 4a f4 50 7f 00 00
R8 =0x00007f50f44cdc70 points into unknown readable memory: 0x000000005f706d74 | 74 6d 70 5f 00 00 00 00
R9 =0x0000000000000002 is an unknown value
R10=0xfffffffffffff55a is an unknown value
R11=0x00007f507e15b920: LLVMBuildICmp+0x0000000000000000 in /home/zhangfengming/.javacpp/cache/llvm-13.0.1-1.5.7-linux-x86_64.jar/org/bytedeco/llvm/linux-x86_64/libLLVM-13.so at 0x00007f507d52c000
R12=0x00007f50fbe3bc50 is pointing into the stack for thread: 0x00007f50f4027ae0
R13=0x0000000000000021 is an unknown value
R14=0x0 is NULL
R15=0x00007f50f44a2d80 points into unknown readable memory: 0x00007f50f44a2d90 | 90 2d 4a f4 50 7f 00 00


Registers:
RAX=0x00007f50f44cdc70, RBX=0x00007f50f44a2d80, RCX=0x0000000000000000, RDX=0x0000000000000101
RSP=0x00007f50fbe3bac0, RBP=0x00007f50f44cdad0, RSI=0x0000000000000021, RDI=0x00007f50f44a2d80
R8 =0x00007f50f44cdc70, R9 =0x0000000000000002, R10=0xfffffffffffff55a, R11=0x00007f507e15b920
R12=0x00007f50fbe3bc50, R13=0x0000000000000021, R14=0x0000000000000000, R15=0x00007f50f44a2d80
RIP=0x00007f507e15b95d, EFLAGS=0x0000000000010283, CSGSFS=0x002b000000000033, ERR=0x0000000000000004
  TRAPNO=0x000000000000000e

Top of Stack: (sp=0x00007f50fbe3bac0)
0x00007f50fbe3bac0:   00007f50f44cdc70 00007f50f44cdc70
0x00007f50fbe3bad0:   00007f50f4027ae0 0000000000000000
0x00007f50fbe3bae0:   00007f50f44a0103 00007f50fd664299
0x00007f50fbe3baf0:   0000000000000005 0000000000000004 

Instructions: (pc=0x00007f507e15b95d)
0x00007f507e15b85d:   33 4c 89 e7 48 83 c3 10 e8 d6 e5 0d 00 48 39 dd
0x00007f507e15b86d:   75 e9 48 83 c4 60 4c 89 e0 5b 5d 41 5c c3 0f 1f
0x00007f507e15b87d:   44 00 00 b8 01 01 00 00 48 8d 54 24 30 31 c9 66
0x00007f507e15b88d:   89 44 24 50 e8 9a 8e 09 00 48 8b 7d 50 48 8b 4d
0x00007f507e15b89d:   30 48 89 e2 49 89 c4 4c 8b 45 38 48 8b 07 4c 89
0x00007f507e15b8ad:   e6 ff 50 10 48 8b 5d 00 8b 6d 08 48 c1 e5 04 48
0x00007f507e15b8bd:   01 dd 48 39 eb 74 ab 0f 1f 40 00 48 8b 53 08 8b
0x00007f507e15b8cd:   33 4c 89 e7 48 83 c3 10 e8 66 e5 0d 00 48 39 dd
0x00007f507e15b8dd:   75 e9 48 83 c4 60 4c 89 e0 5b 5d 41 5c c3 0f 1f
0x00007f507e15b8ed:   44 00 00 48 89 f2 48 89 fe 4c 89 c7 ff d0 49 89
0x00007f507e15b8fd:   c4 e9 1f ff ff ff 0f 1f 44 00 00 48 83 c4 60 49
0x00007f507e15b90d:   89 fc 4c 89 e0 5b 5d 41 5c c3 66 0f 1f 84 00 00
0x00007f507e15b91d:   00 00 00 41 57 41 56 49 89 ce 41 55 41 89 f5 41
0x00007f507e15b92d:   54 55 48 89 d5 ba 01 01 00 00 53 48 89 fb 48 83
0x00007f507e15b93d:   ec 68 41 80 38 00 66 89 54 24 20 74 09 4c 89 04
0x00007f507e15b94d:   24 c6 44 24 20 03 80 7d 10 12 0f 87 a3 00 00 00
0x00007f507e15b95d:   41 80 7e 10 12 0f 87 98 00 00 00 48 8b 7b 48 48
0x00007f507e15b96d:   8d 15 bd b1 f9 ff 48 8b 07 48 8b 80 50 01 00 00
0x00007f507e15b97d:   48 39 d0 0f 85 3a 01 00 00 41 0f b7 fd 31 c9 4c
0x00007f507e15b98d:   89 f2 48 89 ee e8 29 ba fe ff 49 89 c4 41 80 7c
0x00007f507e15b99d:   24 10 19 76 45 48 8b 7b 50 48 8b 4b 30 48 89 e2
0x00007f507e15b9ad:   4c 89 e6 4c 8b 43 38 48 8b 07 ff 50 10 8b 6b 08
0x00007f507e15b9bd:   48 8b 03 48 c1 e5 04 48 01 c5 48 39 e8 74 1b 48
0x00007f507e15b9cd:   89 c3 90 48 8b 53 08 8b 33 4c 89 e7 48 83 c3 10
0x00007f507e15b9dd:   e8 5e e4 0d 00 48 39 dd 75 e9 48 83 c4 68 4c 89
0x00007f507e15b9ed:   e0 5b 5d 41 5c 41 5d 41 5e 41 5f c3 0f 1f 80 00
0x00007f507e15b9fd:   00 00 00 b8 01 01 00 00 be 02 00 00 00 bf 40 00
0x00007f507e15ba0d:   00 00 66 89 44 24 50 e8 67 d9 12 00 49 89 c4 48
0x00007f507e15ba1d:   8b 45 00 0f b6 50 08 83 fa 12 0f 84 d3 00 00 00
0x00007f507e15ba2d:   48 8b 38 83 fa 13 0f 84 9f 00 00 00 e8 f2 f6 11
0x00007f507e15ba3d:   00 48 89 c6 48 83 ec 08 49 89 e8 4d 89 f1 44 89
0x00007f507e15ba4d:   e9 6a 00 ba 35 00 00 00 4c 89 e7 6a 00 48 8d 44 


Stack slot to memory mapping:
stack at sp + 0 slots: 0x00007f50f44cdc70 points into unknown readable memory: 0x000000005f706d74 | 74 6d 70 5f 00 00 00 00
stack at sp + 1 slots: 0x00007f50f44cdc70 points into unknown readable memory: 0x000000005f706d74 | 74 6d 70 5f 00 00 00 00
stack at sp + 2 slots: 0x00007f50f4027ae0 is a thread
stack at sp + 3 slots: 0x0 is NULL
stack at sp + 4 slots: 0x00007f50f44a0103 points into unknown readable memory: 00 00 00 00 00
stack at sp + 5 slots: 0x00007f50fd664299: __libc_malloc+0x00000000000001b9 in /lib/x86_64-linux-gnu/libc.so.6 at 0x00007f50fd5ca000
stack at sp + 6 slots: 0x0000000000000005 is an unknown value
stack at sp + 7 slots: 0x0000000000000004 is an unknown value


---------------  P R O C E S S  ---------------

Threads class SMR info:
_java_thread_list=0x00007f50f4434ae0, length=14, elements={
0x00007f50f4027ae0, 0x00007f50f4151200, 0x00007f50f41525e0, 0x00007f50f4158a30,
0x00007f50f4159de0, 0x00007f50f415b1f0, 0x00007f50f415cc20, 0x00007f50f415e150,
0x00007f50f415f5c0, 0x00007f50f416af90, 0x00007f509c085d90, 0x00007f50f41cf020,
0x00007f50f42f1f90, 0x00007f50f4434150
}

Java Threads: ( => current thread )
=>0x00007f50f4027ae0 JavaThread "main" [_thread_in_native, id=14511, stack(0x00007f50fbd3d000,0x00007f50fbe3e000)]
  0x00007f50f4151200 JavaThread "Reference Handler" daemon [_thread_blocked, id=14527, stack(0x00007f50f838c000,0x00007f50f848d000)]
  0x00007f50f41525e0 JavaThread "Finalizer" daemon [_thread_blocked, id=14528, stack(0x00007f50f828b000,0x00007f50f838c000)]
  0x00007f50f4158a30 JavaThread "Signal Dispatcher" daemon [_thread_blocked, id=14529, stack(0x00007f50f818a000,0x00007f50f828b000)]
  0x00007f50f4159de0 JavaThread "Service Thread" daemon [_thread_blocked, id=14530, stack(0x00007f50f8089000,0x00007f50f818a000)]
  0x00007f50f415b1f0 JavaThread "Monitor Deflation Thread" daemon [_thread_blocked, id=14531, stack(0x00007f50d95aa000,0x00007f50d96ab000)]
  0x00007f50f415cc20 JavaThread "C2 CompilerThread0" daemon [_thread_blocked, id=14532, stack(0x00007f50d94a9000,0x00007f50d95aa000)]
  0x00007f50f415e150 JavaThread "C1 CompilerThread0" daemon [_thread_blocked, id=14533, stack(0x00007f50d8aff000,0x00007f50d8c00000)]
  0x00007f50f415f5c0 JavaThread "Sweeper thread" daemon [_thread_blocked, id=14534, stack(0x00007f50d89fe000,0x00007f50d8aff000)]
  0x00007f50f416af90 JavaThread "Common-Cleaner" daemon [_thread_blocked, id=14539, stack(0x00007f50d88fd000,0x00007f50d89fe000)]
  0x00007f509c085d90 JavaThread "C1 CompilerThread1" daemon [_thread_blocked, id=14540, stack(0x00007f50d87fc000,0x00007f50d88fd000)]
  0x00007f50f41cf020 JavaThread "Monitor Ctrl-Break" daemon [_thread_in_native, id=14541, stack(0x00007f50d80b6000,0x00007f50d81b7000)]
  0x00007f50f42f1f90 JavaThread "Notification Thread" daemon [_thread_blocked, id=14542, stack(0x00007f50c9121000,0x00007f50c9222000)]
  0x00007f50f4434150 JavaThread "JavaCPP Deallocator" daemon [_thread_blocked, id=14545, stack(0x00007f50c8b39000,0x00007f50c8c3a000)]

Other Threads:
  0x00007f50f414d150 VMThread "VM Thread" [stack: 0x00007f50f848f000,0x00007f50f858f000] [id=14525]
  0x00007f50f40296c0 WatcherThread [stack: 0x00007f50c9021000,0x00007f50c9121000] [id=14543]
  0x00007f50f40827e0 GCTaskThread "GC Thread#0" [stack: 0x00007f50f9a92000,0x00007f50f9b92000] [id=14513]
  0x00007f50f4093580 ConcurrentGCThread "G1 Main Marker" [stack: 0x00007f50f9990000,0x00007f50f9a90000] [id=14514]
  0x00007f50f40944e0 ConcurrentGCThread "G1 Conc#0" [stack: 0x00007f50f988e000,0x00007f50f998e000] [id=14515]
  0x00007f50f411f5a0 ConcurrentGCThread "G1 Refine#0" [stack: 0x00007f50f8a7f000,0x00007f50f8b7f000] [id=14518]
  0x00007f50f4120490 ConcurrentGCThread "G1 Service" [stack: 0x00007f50f897d000,0x00007f50f8a7d000] [id=14519]

Threads with active compile tasks:

VM state: not at safepoint (normal execution)

VM Mutex/Monitor currently owned by a thread: None

Heap address: 0x0000000084400000, size: 1980 MB, Compressed Oops mode: 32-bit

CDS archive(s) mapped at: [0x0000000800000000-0x0000000800be1000-0x0000000800be1000), size 12455936, SharedBaseAddress: 0x0000000800000000, ArchiveRelocationMode: 0.
Compressed class space mapped at: 0x0000000800c00000-0x0000000840c00000, reserved size: 1073741824
Narrow klass base: 0x0000000800000000, Narrow klass shift: 0, Narrow klass range: 0x100000000

GC Precious Log:
 CPUs: 16 total, 16 available
 Memory: 7915M
 Large Page Support: Disabled
 NUMA Support: Disabled
 Compressed Oops: Enabled (32-bit)
 Heap Region Size: 1M
 Heap Min Capacity: 8M
 Heap Initial Capacity: 124M
 Heap Max Capacity: 1980M
 Pre-touch: Disabled
 Parallel Workers: 13
 Concurrent Workers: 3
 Concurrent Refinement Workers: 13
 Periodic GC: Disabled

Heap:
 garbage-first heap   total 129024K, used 15328K [0x0000000084400000, 0x0000000100000000)
  region size 1024K, 16 young (16384K), 0 survivors (0K)
 Metaspace       used 3595K, committed 3776K, reserved 1056768K
  class space    used 402K, committed 512K, reserved 1048576K

Heap Regions: E=young(eden), S=young(survivor), O=old, HS=humongous(starts), HC=humongous(continues), CS=collection set, F=free, OA=open archive, CA=closed archive, TAMS=top-at-mark-start (previous, next)
|   0|0x0000000084400000, 0x0000000084400000, 0x0000000084500000|  0%| F|  |TAMS 0x0000000084400000, 0x0000000084400000| Untracked 
|   1|0x0000000084500000, 0x0000000084500000, 0x0000000084600000|  0%| F|  |TAMS 0x0000000084500000, 0x0000000084500000| Untracked 
|   2|0x0000000084600000, 0x0000000084600000, 0x0000000084700000|  0%| F|  |TAMS 0x0000000084600000, 0x0000000084600000| Untracked 
|   3|0x0000000084700000, 0x0000000084700000, 0x0000000084800000|  0%| F|  |TAMS 0x0000000084700000, 0x0000000084700000| Untracked 
|   4|0x0000000084800000, 0x0000000084800000, 0x0000000084900000|  0%| F|  |TAMS 0x0000000084800000, 0x0000000084800000| Untracked 
|   5|0x0000000084900000, 0x0000000084900000, 0x0000000084a00000|  0%| F|  |TAMS 0x0000000084900000, 0x0000000084900000| Untracked 
|   6|0x0000000084a00000, 0x0000000084a00000, 0x0000000084b00000|  0%| F|  |TAMS 0x0000000084a00000, 0x0000000084a00000| Untracked 
|   7|0x0000000084b00000, 0x0000000084b00000, 0x0000000084c00000|  0%| F|  |TAMS 0x0000000084b00000, 0x0000000084b00000| Untracked 
|   8|0x0000000084c00000, 0x0000000084c00000, 0x0000000084d00000|  0%| F|  |TAMS 0x0000000084c00000, 0x0000000084c00000| Untracked 
|   9|0x0000000084d00000, 0x0000000084d00000, 0x0000000084e00000|  0%| F|  |TAMS 0x0000000084d00000, 0x0000000084d00000| Untracked 
|  10|0x0000000084e00000, 0x0000000084e00000, 0x0000000084f00000|  0%| F|  |TAMS 0x0000000084e00000, 0x0000000084e00000| Untracked 
|  11|0x0000000084f00000, 0x0000000084f00000, 0x0000000085000000|  0%| F|  |TAMS 0x0000000084f00000, 0x0000000084f00000| Untracked 
|  12|0x0000000085000000, 0x0000000085000000, 0x0000000085100000|  0%| F|  |TAMS 0x0000000085000000, 0x0000000085000000| Untracked 
|  13|0x0000000085100000, 0x0000000085100000, 0x0000000085200000|  0%| F|  |TAMS 0x0000000085100000, 0x0000000085100000| Untracked 
|  14|0x0000000085200000, 0x0000000085200000, 0x0000000085300000|  0%| F|  |TAMS 0x0000000085200000, 0x0000000085200000| Untracked 
|  15|0x0000000085300000, 0x0000000085300000, 0x0000000085400000|  0%| F|  |TAMS 0x0000000085300000, 0x0000000085300000| Untracked 
|  16|0x0000000085400000, 0x0000000085400000, 0x0000000085500000|  0%| F|  |TAMS 0x0000000085400000, 0x0000000085400000| Untracked 
|  17|0x0000000085500000, 0x0000000085500000, 0x0000000085600000|  0%| F|  |TAMS 0x0000000085500000, 0x0000000085500000| Untracked 
|  18|0x0000000085600000, 0x0000000085600000, 0x0000000085700000|  0%| F|  |TAMS 0x0000000085600000, 0x0000000085600000| Untracked 
|  19|0x0000000085700000, 0x0000000085700000, 0x0000000085800000|  0%| F|  |TAMS 0x0000000085700000, 0x0000000085700000| Untracked 
|  20|0x0000000085800000, 0x0000000085800000, 0x0000000085900000|  0%| F|  |TAMS 0x0000000085800000, 0x0000000085800000| Untracked 
|  21|0x0000000085900000, 0x0000000085900000, 0x0000000085a00000|  0%| F|  |TAMS 0x0000000085900000, 0x0000000085900000| Untracked 
|  22|0x0000000085a00000, 0x0000000085a00000, 0x0000000085b00000|  0%| F|  |TAMS 0x0000000085a00000, 0x0000000085a00000| Untracked 
|  23|0x0000000085b00000, 0x0000000085b00000, 0x0000000085c00000|  0%| F|  |TAMS 0x0000000085b00000, 0x0000000085b00000| Untracked 
|  24|0x0000000085c00000, 0x0000000085c00000, 0x0000000085d00000|  0%| F|  |TAMS 0x0000000085c00000, 0x0000000085c00000| Untracked 
|  25|0x0000000085d00000, 0x0000000085d00000, 0x0000000085e00000|  0%| F|  |TAMS 0x0000000085d00000, 0x0000000085d00000| Untracked 
|  26|0x0000000085e00000, 0x0000000085e00000, 0x0000000085f00000|  0%| F|  |TAMS 0x0000000085e00000, 0x0000000085e00000| Untracked 
|  27|0x0000000085f00000, 0x0000000085f00000, 0x0000000086000000|  0%| F|  |TAMS 0x0000000085f00000, 0x0000000085f00000| Untracked 
|  28|0x0000000086000000, 0x0000000086000000, 0x0000000086100000|  0%| F|  |TAMS 0x0000000086000000, 0x0000000086000000| Untracked 
|  29|0x0000000086100000, 0x0000000086100000, 0x0000000086200000|  0%| F|  |TAMS 0x0000000086100000, 0x0000000086100000| Untracked 
|  30|0x0000000086200000, 0x0000000086200000, 0x0000000086300000|  0%| F|  |TAMS 0x0000000086200000, 0x0000000086200000| Untracked 
|  31|0x0000000086300000, 0x0000000086300000, 0x0000000086400000|  0%| F|  |TAMS 0x0000000086300000, 0x0000000086300000| Untracked 
|  32|0x0000000086400000, 0x0000000086400000, 0x0000000086500000|  0%| F|  |TAMS 0x0000000086400000, 0x0000000086400000| Untracked 
|  33|0x0000000086500000, 0x0000000086500000, 0x0000000086600000|  0%| F|  |TAMS 0x0000000086500000, 0x0000000086500000| Untracked 
|  34|0x0000000086600000, 0x0000000086600000, 0x0000000086700000|  0%| F|  |TAMS 0x0000000086600000, 0x0000000086600000| Untracked 
|  35|0x0000000086700000, 0x0000000086700000, 0x0000000086800000|  0%| F|  |TAMS 0x0000000086700000, 0x0000000086700000| Untracked 
|  36|0x0000000086800000, 0x0000000086800000, 0x0000000086900000|  0%| F|  |TAMS 0x0000000086800000, 0x0000000086800000| Untracked 
|  37|0x0000000086900000, 0x0000000086900000, 0x0000000086a00000|  0%| F|  |TAMS 0x0000000086900000, 0x0000000086900000| Untracked 
|  38|0x0000000086a00000, 0x0000000086a00000, 0x0000000086b00000|  0%| F|  |TAMS 0x0000000086a00000, 0x0000000086a00000| Untracked 
|  39|0x0000000086b00000, 0x0000000086b00000, 0x0000000086c00000|  0%| F|  |TAMS 0x0000000086b00000, 0x0000000086b00000| Untracked 
|  40|0x0000000086c00000, 0x0000000086c00000, 0x0000000086d00000|  0%| F|  |TAMS 0x0000000086c00000, 0x0000000086c00000| Untracked 
|  41|0x0000000086d00000, 0x0000000086d00000, 0x0000000086e00000|  0%| F|  |TAMS 0x0000000086d00000, 0x0000000086d00000| Untracked 
|  42|0x0000000086e00000, 0x0000000086e00000, 0x0000000086f00000|  0%| F|  |TAMS 0x0000000086e00000, 0x0000000086e00000| Untracked 
|  43|0x0000000086f00000, 0x0000000086f00000, 0x0000000087000000|  0%| F|  |TAMS 0x0000000086f00000, 0x0000000086f00000| Untracked 
|  44|0x0000000087000000, 0x0000000087000000, 0x0000000087100000|  0%| F|  |TAMS 0x0000000087000000, 0x0000000087000000| Untracked 
|  45|0x0000000087100000, 0x0000000087100000, 0x0000000087200000|  0%| F|  |TAMS 0x0000000087100000, 0x0000000087100000| Untracked 
|  46|0x0000000087200000, 0x0000000087200000, 0x0000000087300000|  0%| F|  |TAMS 0x0000000087200000, 0x0000000087200000| Untracked 
|  47|0x0000000087300000, 0x0000000087300000, 0x0000000087400000|  0%| F|  |TAMS 0x0000000087300000, 0x0000000087300000| Untracked 
|  48|0x0000000087400000, 0x0000000087400000, 0x0000000087500000|  0%| F|  |TAMS 0x0000000087400000, 0x0000000087400000| Untracked 
|  49|0x0000000087500000, 0x0000000087500000, 0x0000000087600000|  0%| F|  |TAMS 0x0000000087500000, 0x0000000087500000| Untracked 
|  50|0x0000000087600000, 0x0000000087600000, 0x0000000087700000|  0%| F|  |TAMS 0x0000000087600000, 0x0000000087600000| Untracked 
|  51|0x0000000087700000, 0x0000000087700000, 0x0000000087800000|  0%| F|  |TAMS 0x0000000087700000, 0x0000000087700000| Untracked 
|  52|0x0000000087800000, 0x0000000087800000, 0x0000000087900000|  0%| F|  |TAMS 0x0000000087800000, 0x0000000087800000| Untracked 
|  53|0x0000000087900000, 0x0000000087900000, 0x0000000087a00000|  0%| F|  |TAMS 0x0000000087900000, 0x0000000087900000| Untracked 
|  54|0x0000000087a00000, 0x0000000087a00000, 0x0000000087b00000|  0%| F|  |TAMS 0x0000000087a00000, 0x0000000087a00000| Untracked 
|  55|0x0000000087b00000, 0x0000000087b00000, 0x0000000087c00000|  0%| F|  |TAMS 0x0000000087b00000, 0x0000000087b00000| Untracked 
|  56|0x0000000087c00000, 0x0000000087c00000, 0x0000000087d00000|  0%| F|  |TAMS 0x0000000087c00000, 0x0000000087c00000| Untracked 
|  57|0x0000000087d00000, 0x0000000087d00000, 0x0000000087e00000|  0%| F|  |TAMS 0x0000000087d00000, 0x0000000087d00000| Untracked 
|  58|0x0000000087e00000, 0x0000000087e00000, 0x0000000087f00000|  0%| F|  |TAMS 0x0000000087e00000, 0x0000000087e00000| Untracked 
|  59|0x0000000087f00000, 0x0000000087f00000, 0x0000000088000000|  0%| F|  |TAMS 0x0000000087f00000, 0x0000000087f00000| Untracked 
|  60|0x0000000088000000, 0x0000000088000000, 0x0000000088100000|  0%| F|  |TAMS 0x0000000088000000, 0x0000000088000000| Untracked 
|  61|0x0000000088100000, 0x0000000088100000, 0x0000000088200000|  0%| F|  |TAMS 0x0000000088100000, 0x0000000088100000| Untracked 
|  62|0x0000000088200000, 0x0000000088200000, 0x0000000088300000|  0%| F|  |TAMS 0x0000000088200000, 0x0000000088200000| Untracked 
|  63|0x0000000088300000, 0x0000000088300000, 0x0000000088400000|  0%| F|  |TAMS 0x0000000088300000, 0x0000000088300000| Untracked 
|  64|0x0000000088400000, 0x0000000088400000, 0x0000000088500000|  0%| F|  |TAMS 0x0000000088400000, 0x0000000088400000| Untracked 
|  65|0x0000000088500000, 0x0000000088500000, 0x0000000088600000|  0%| F|  |TAMS 0x0000000088500000, 0x0000000088500000| Untracked 
|  66|0x0000000088600000, 0x0000000088600000, 0x0000000088700000|  0%| F|  |TAMS 0x0000000088600000, 0x0000000088600000| Untracked 
|  67|0x0000000088700000, 0x0000000088700000, 0x0000000088800000|  0%| F|  |TAMS 0x0000000088700000, 0x0000000088700000| Untracked 
|  68|0x0000000088800000, 0x0000000088800000, 0x0000000088900000|  0%| F|  |TAMS 0x0000000088800000, 0x0000000088800000| Untracked 
|  69|0x0000000088900000, 0x0000000088900000, 0x0000000088a00000|  0%| F|  |TAMS 0x0000000088900000, 0x0000000088900000| Untracked 
|  70|0x0000000088a00000, 0x0000000088a00000, 0x0000000088b00000|  0%| F|  |TAMS 0x0000000088a00000, 0x0000000088a00000| Untracked 
|  71|0x0000000088b00000, 0x0000000088b00000, 0x0000000088c00000|  0%| F|  |TAMS 0x0000000088b00000, 0x0000000088b00000| Untracked 
|  72|0x0000000088c00000, 0x0000000088c00000, 0x0000000088d00000|  0%| F|  |TAMS 0x0000000088c00000, 0x0000000088c00000| Untracked 
|  73|0x0000000088d00000, 0x0000000088d00000, 0x0000000088e00000|  0%| F|  |TAMS 0x0000000088d00000, 0x0000000088d00000| Untracked 
|  74|0x0000000088e00000, 0x0000000088e00000, 0x0000000088f00000|  0%| F|  |TAMS 0x0000000088e00000, 0x0000000088e00000| Untracked 
|  75|0x0000000088f00000, 0x0000000088f00000, 0x0000000089000000|  0%| F|  |TAMS 0x0000000088f00000, 0x0000000088f00000| Untracked 
|  76|0x0000000089000000, 0x0000000089000000, 0x0000000089100000|  0%| F|  |TAMS 0x0000000089000000, 0x0000000089000000| Untracked 
|  77|0x0000000089100000, 0x0000000089100000, 0x0000000089200000|  0%| F|  |TAMS 0x0000000089100000, 0x0000000089100000| Untracked 
|  78|0x0000000089200000, 0x0000000089200000, 0x0000000089300000|  0%| F|  |TAMS 0x0000000089200000, 0x0000000089200000| Untracked 
|  79|0x0000000089300000, 0x0000000089300000, 0x0000000089400000|  0%| F|  |TAMS 0x0000000089300000, 0x0000000089300000| Untracked 
|  80|0x0000000089400000, 0x0000000089400000, 0x0000000089500000|  0%| F|  |TAMS 0x0000000089400000, 0x0000000089400000| Untracked 
|  81|0x0000000089500000, 0x0000000089500000, 0x0000000089600000|  0%| F|  |TAMS 0x0000000089500000, 0x0000000089500000| Untracked 
|  82|0x0000000089600000, 0x0000000089600000, 0x0000000089700000|  0%| F|  |TAMS 0x0000000089600000, 0x0000000089600000| Untracked 
|  83|0x0000000089700000, 0x0000000089700000, 0x0000000089800000|  0%| F|  |TAMS 0x0000000089700000, 0x0000000089700000| Untracked 
|  84|0x0000000089800000, 0x0000000089800000, 0x0000000089900000|  0%| F|  |TAMS 0x0000000089800000, 0x0000000089800000| Untracked 
|  85|0x0000000089900000, 0x0000000089900000, 0x0000000089a00000|  0%| F|  |TAMS 0x0000000089900000, 0x0000000089900000| Untracked 
|  86|0x0000000089a00000, 0x0000000089a00000, 0x0000000089b00000|  0%| F|  |TAMS 0x0000000089a00000, 0x0000000089a00000| Untracked 
|  87|0x0000000089b00000, 0x0000000089b00000, 0x0000000089c00000|  0%| F|  |TAMS 0x0000000089b00000, 0x0000000089b00000| Untracked 
|  88|0x0000000089c00000, 0x0000000089c00000, 0x0000000089d00000|  0%| F|  |TAMS 0x0000000089c00000, 0x0000000089c00000| Untracked 
|  89|0x0000000089d00000, 0x0000000089d00000, 0x0000000089e00000|  0%| F|  |TAMS 0x0000000089d00000, 0x0000000089d00000| Untracked 
|  90|0x0000000089e00000, 0x0000000089e00000, 0x0000000089f00000|  0%| F|  |TAMS 0x0000000089e00000, 0x0000000089e00000| Untracked 
|  91|0x0000000089f00000, 0x0000000089f00000, 0x000000008a000000|  0%| F|  |TAMS 0x0000000089f00000, 0x0000000089f00000| Untracked 
|  92|0x000000008a000000, 0x000000008a000000, 0x000000008a100000|  0%| F|  |TAMS 0x000000008a000000, 0x000000008a000000| Untracked 
|  93|0x000000008a100000, 0x000000008a100000, 0x000000008a200000|  0%| F|  |TAMS 0x000000008a100000, 0x000000008a100000| Untracked 
|  94|0x000000008a200000, 0x000000008a200000, 0x000000008a300000|  0%| F|  |TAMS 0x000000008a200000, 0x000000008a200000| Untracked 
|  95|0x000000008a300000, 0x000000008a300000, 0x000000008a400000|  0%| F|  |TAMS 0x000000008a300000, 0x000000008a300000| Untracked 
|  96|0x000000008a400000, 0x000000008a400000, 0x000000008a500000|  0%| F|  |TAMS 0x000000008a400000, 0x000000008a400000| Untracked 
|  97|0x000000008a500000, 0x000000008a500000, 0x000000008a600000|  0%| F|  |TAMS 0x000000008a500000, 0x000000008a500000| Untracked 
|  98|0x000000008a600000, 0x000000008a600000, 0x000000008a700000|  0%| F|  |TAMS 0x000000008a600000, 0x000000008a600000| Untracked 
|  99|0x000000008a700000, 0x000000008a700000, 0x000000008a800000|  0%| F|  |TAMS 0x000000008a700000, 0x000000008a700000| Untracked 
| 100|0x000000008a800000, 0x000000008a800000, 0x000000008a900000|  0%| F|  |TAMS 0x000000008a800000, 0x000000008a800000| Untracked 
| 101|0x000000008a900000, 0x000000008a900000, 0x000000008aa00000|  0%| F|  |TAMS 0x000000008a900000, 0x000000008a900000| Untracked 
| 102|0x000000008aa00000, 0x000000008aa00000, 0x000000008ab00000|  0%| F|  |TAMS 0x000000008aa00000, 0x000000008aa00000| Untracked 
| 103|0x000000008ab00000, 0x000000008ab00000, 0x000000008ac00000|  0%| F|  |TAMS 0x000000008ab00000, 0x000000008ab00000| Untracked 
| 104|0x000000008ac00000, 0x000000008ac00000, 0x000000008ad00000|  0%| F|  |TAMS 0x000000008ac00000, 0x000000008ac00000| Untracked 
| 105|0x000000008ad00000, 0x000000008ad00000, 0x000000008ae00000|  0%| F|  |TAMS 0x000000008ad00000, 0x000000008ad00000| Untracked 
| 106|0x000000008ae00000, 0x000000008ae00000, 0x000000008af00000|  0%| F|  |TAMS 0x000000008ae00000, 0x000000008ae00000| Untracked 
| 107|0x000000008af00000, 0x000000008af00000, 0x000000008b000000|  0%| F|  |TAMS 0x000000008af00000, 0x000000008af00000| Untracked 
| 108|0x000000008b000000, 0x000000008b076750, 0x000000008b100000| 46%| E|  |TAMS 0x000000008b000000, 0x000000008b000000| Complete 
| 109|0x000000008b100000, 0x000000008b200000, 0x000000008b200000|100%| E|CS|TAMS 0x000000008b100000, 0x000000008b100000| Complete 
| 110|0x000000008b200000, 0x000000008b300000, 0x000000008b300000|100%| E|CS|TAMS 0x000000008b200000, 0x000000008b200000| Complete 
| 111|0x000000008b300000, 0x000000008b400000, 0x000000008b400000|100%| E|CS|TAMS 0x000000008b300000, 0x000000008b300000| Complete 
| 112|0x000000008b400000, 0x000000008b500000, 0x000000008b500000|100%| E|CS|TAMS 0x000000008b400000, 0x000000008b400000| Complete 
| 113|0x000000008b500000, 0x000000008b600000, 0x000000008b600000|100%| E|CS|TAMS 0x000000008b500000, 0x000000008b500000| Complete 
| 114|0x000000008b600000, 0x000000008b700000, 0x000000008b700000|100%| E|CS|TAMS 0x000000008b600000, 0x000000008b600000| Complete 
| 115|0x000000008b700000, 0x000000008b800000, 0x000000008b800000|100%| E|CS|TAMS 0x000000008b700000, 0x000000008b700000| Complete 
| 116|0x000000008b800000, 0x000000008b900000, 0x000000008b900000|100%| E|CS|TAMS 0x000000008b800000, 0x000000008b800000| Complete 
| 117|0x000000008b900000, 0x000000008ba00000, 0x000000008ba00000|100%| E|CS|TAMS 0x000000008b900000, 0x000000008b900000| Complete 
| 118|0x000000008ba00000, 0x000000008bb00000, 0x000000008bb00000|100%| E|  |TAMS 0x000000008ba00000, 0x000000008ba00000| Complete 
| 119|0x000000008bb00000, 0x000000008bc00000, 0x000000008bc00000|100%| E|CS|TAMS 0x000000008bb00000, 0x000000008bb00000| Complete 
| 120|0x000000008bc00000, 0x000000008bd00000, 0x000000008bd00000|100%| E|CS|TAMS 0x000000008bc00000, 0x000000008bc00000| Complete 
| 121|0x000000008bd00000, 0x000000008be00000, 0x000000008be00000|100%| E|CS|TAMS 0x000000008bd00000, 0x000000008bd00000| Complete 
| 122|0x000000008be00000, 0x000000008bf00000, 0x000000008bf00000|100%| E|CS|TAMS 0x000000008be00000, 0x000000008be00000| Complete 
| 123|0x000000008bf00000, 0x000000008c000000, 0x000000008c000000|100%| E|CS|TAMS 0x000000008bf00000, 0x000000008bf00000| Complete 
|1978|0x00000000ffe00000, 0x00000000ffe76000, 0x00000000fff00000| 46%|OA|  |TAMS 0x00000000ffe00000, 0x00000000ffe00000| Untracked 
|1979|0x00000000fff00000, 0x00000000fff82000, 0x0000000100000000| 50%|CA|  |TAMS 0x00000000fff00000, 0x00000000fff00000| Untracked 

Card table byte_map: [0x00007f50fa02e000,0x00007f50fa40c000] _byte_map_base: 0x00007f50f9c0c000

Marking Bits (Prev, Next): (CMBitMap*) 0x00007f50f4083260, (CMBitMap*) 0x00007f50f40832a0
 Prev Bits: [0x00007f50db59b000, 0x00007f50dd48b000)
 Next Bits: [0x00007f50d96ab000, 0x00007f50db59b000)

Polling page: 0x00007f50fd7f5000

Metaspace:

Usage:
  Non-class:      3.12 MB used.
      Class:    402.02 KB used.
       Both:      3.51 MB used.

Virtual space:
  Non-class space:        8.00 MB reserved,       3.19 MB ( 40%) committed,  1 nodes.
      Class space:        1.00 GB reserved,     512.00 KB ( <1%) committed,  1 nodes.
             Both:        1.01 GB reserved,       3.69 MB ( <1%) committed. 

Chunk freelists:
   Non-Class:  2.42 MB
       Class:  3.48 MB
        Both:  5.91 MB

MaxMetaspaceSize: unlimited
CompressedClassSpaceSize: 1.00 GB
Initial GC threshold: 21.00 MB
Current GC threshold: 21.00 MB
CDS: on
MetaspaceReclaimPolicy: balanced
 - commit_granule_bytes: 65536.
 - commit_granule_words: 8192.
 - virtual_space_node_default_size: 1048576.
 - enlarge_chunks_in_place: 1.
 - new_chunks_are_fully_committed: 0.
 - uncommit_free_chunks: 1.
 - use_allocation_guard: 0.
 - handle_deallocations: 1.


Internal statistics:

num_allocs_failed_limit: 0.
num_arena_births: 20.
num_arena_deaths: 0.
num_vsnodes_births: 2.
num_vsnodes_deaths: 0.
num_space_committed: 59.
num_space_uncommitted: 0.
num_chunks_returned_to_freelist: 0.
num_chunks_taken_from_freelist: 93.
num_chunk_merges: 0.
num_chunk_splits: 73.
num_chunks_enlarged: 63.
num_purges: 0.
num_inconsistent_stats: 0.

CodeHeap 'non-profiled nmethods': size=119168Kb used=214Kb max_used=214Kb free=118953Kb
 bounds [0x00007f50e502b000, 0x00007f50e529b000, 0x00007f50ec48b000]
CodeHeap 'profiled nmethods': size=119164Kb used=1455Kb max_used=1455Kb free=117708Kb
 bounds [0x00007f50ddbcc000, 0x00007f50dde3c000, 0x00007f50e502b000]
CodeHeap 'non-nmethods': size=7428Kb used=1714Kb max_used=1734Kb free=5713Kb
 bounds [0x00007f50dd48b000, 0x00007f50dd6fb000, 0x00007f50ddbcc000]
 total_blobs=1229 nmethods=784 adapters=358
 compilation: enabled
              stopped_count=0, restarted_count=0
 full_count=0

Compilation events (20 events):
Event: 0.443 Thread 0x00007f509c085d90 nmethod 776 0x00007f50ddd2bf90 code [0x00007f50ddd2c140, 0x00007f50ddd2c300]
Event: 0.443 Thread 0x00007f509c085d90  777  s!   3       java.util.jar.JarFile::ensureInitialization (74 bytes)
Event: 0.443 Thread 0x00007f509c085d90 nmethod 777 0x00007f50ddd2c410 code [0x00007f50ddd2c620, 0x00007f50ddd2cc50]
Event: 0.443 Thread 0x00007f509c085d90  778       3       jdk.internal.loader.ClassLoaders$AppClassLoader::defineOrCheckPackage (8 bytes)
Event: 0.443 Thread 0x00007f509c085d90 nmethod 778 0x00007f50ddd2ce10 code [0x00007f50ddd2cfc0, 0x00007f50ddd2d100]
Event: 0.443 Thread 0x00007f509c085d90  779   !   3       jdk.internal.loader.BuiltinClassLoader::defineOrCheckPackage (94 bytes)
Event: 0.444 Thread 0x00007f50f415e150 nmethod 772 0x00007f50ddd2d190 code [0x00007f50ddd2d600, 0x00007f50ddd2fc70]
Event: 0.444 Thread 0x00007f50f415e150  780       3       jdk.internal.loader.URLClassPath$JarLoader$2::getBytes (48 bytes)
Event: 0.444 Thread 0x00007f509c085d90 nmethod 779 0x00007f50ddd30b10 code [0x00007f50ddd30d80, 0x00007f50ddd316d0]
Event: 0.444 Thread 0x00007f509c085d90  781   !   3       jdk.internal.loader.URLClassPath$JarLoader::checkResource (78 bytes)
Event: 0.444 Thread 0x00007f50f415e150 nmethod 780 0x00007f50ddd31a10 code [0x00007f50ddd31c20, 0x00007f50ddd32260]
Event: 0.444 Thread 0x00007f509c085d90 nmethod 781 0x00007f50ddd32510 code [0x00007f50ddd32760, 0x00007f50ddd33180]
Event: 0.445 Thread 0x00007f50f415e150  782       3       java.lang.ClassLoader::definePackage (85 bytes)
Event: 0.445 Thread 0x00007f509c085d90  783       3       java.lang.Package::isSealed (26 bytes)
Event: 0.445 Thread 0x00007f509c085d90 nmethod 783 0x00007f50ddd33610 code [0x00007f50ddd337c0, 0x00007f50ddd33ad0]
Event: 0.445 Thread 0x00007f509c085d90  784       3       jdk.internal.loader.BuiltinClassLoader::isSealed (71 bytes)
Event: 0.446 Thread 0x00007f50f415e150 nmethod 782 0x00007f50ddd33c10 code [0x00007f50ddd33ee0, 0x00007f50ddd34df0]
Event: 0.446 Thread 0x00007f50f415e150  785       1       sun.nio.fs.NativeBuffer::address (5 bytes)
Event: 0.446 Thread 0x00007f50f415e150 nmethod 785 0x00007f50e505d090 code [0x00007f50e505d220, 0x00007f50e505d2f0]
Event: 0.447 Thread 0x00007f509c085d90 nmethod 784 0x00007f50ddd35290 code [0x00007f50ddd356a0, 0x00007f50ddd37220]

GC Heap History (0 events):
No events

Dll operation events (14 events):
Event: 0.002 Loaded shared library /home/zhangfengming/.jdks/corretto-17.0.5/lib/libjava.so
Event: 0.012 Loaded shared library /home/zhangfengming/.jdks/corretto-17.0.5/lib/libjsvml.so
Event: 0.063 Loaded shared library /home/zhangfengming/.jdks/corretto-17.0.5/lib/libzip.so
Event: 0.065 Loaded shared library /home/zhangfengming/.jdks/corretto-17.0.5/lib/libinstrument.so
Event: 0.071 Loaded shared library /home/zhangfengming/.jdks/corretto-17.0.5/lib/libnio.so
Event: 0.078 Loaded shared library /home/zhangfengming/.jdks/corretto-17.0.5/lib/libzip.so
Event: 0.111 Loaded shared library /home/zhangfengming/.jdks/corretto-17.0.5/lib/libnet.so
Event: 0.119 Loaded shared library /home/zhangfengming/.jdks/corretto-17.0.5/lib/libextnet.so
Event: 0.212 Loaded shared library /home/zhangfengming/.jdks/corretto-17.0.5/lib/libjimage.so
Event: 0.244 Loaded shared library /home/zhangfengming/.javacpp/cache/javacpp-1.5.7-linux-x86_64.jar/org/bytedeco/javacpp/linux-x86_64/libjnijavacpp.so
Event: 0.408 Loaded shared library /home/zhangfengming/.javacpp/cache/llvm-13.0.1-1.5.7-linux-x86_64.jar/org/bytedeco/llvm/linux-x86_64/libLLVM-13.so
Event: 0.413 Loaded shared library /home/zhangfengming/.javacpp/cache/llvm-13.0.1-1.5.7-linux-x86_64.jar/org/bytedeco/llvm/linux-x86_64/libLTO.so.13
Event: 0.419 Loaded shared library /home/zhangfengming/.javacpp/cache/llvm-13.0.1-1.5.7-linux-x86_64.jar/org/bytedeco/llvm/linux-x86_64/libRemarks.so.13
Event: 0.424 Loaded shared library /home/zhangfengming/.javacpp/cache/llvm-13.0.1-1.5.7-linux-x86_64.jar/org/bytedeco/llvm/linux-x86_64/libjniLLVM.so

Deoptimization events (20 events):
Event: 0.157 Thread 0x00007f50f4027ae0 DEOPT PACKING pc=0x00007f50ddc047ee sp=0x00007f50fbe3bd30
Event: 0.157 Thread 0x00007f50f4027ae0 DEOPT UNPACKING pc=0x00007f50dd4dd82f sp=0x00007f50fbe3b1a0 mode 0
Event: 0.188 Thread 0x00007f50f4027ae0 Uncommon trap: trap_request=0xffffff45 fr.pc=0x00007f50e5037f64 relative=0x00000000000007e4
Event: 0.188 Thread 0x00007f50f4027ae0 Uncommon trap: reason=unstable_if action=reinterpret pc=0x00007f50e5037f64 method=java.util.HashMap.putVal(ILjava/lang/Object;Ljava/lang/Object;ZZ)Ljava/lang/Object; @ 181 c2
Event: 0.188 Thread 0x00007f50f4027ae0 DEOPT PACKING pc=0x00007f50e5037f64 sp=0x00007f50fbe3b750
Event: 0.188 Thread 0x00007f50f4027ae0 DEOPT UNPACKING pc=0x00007f50dd4dd099 sp=0x00007f50fbe3b6e0 mode 2
Event: 0.214 Thread 0x00007f50f4027ae0 Uncommon trap: trap_request=0xffffff45 fr.pc=0x00007f50e5045a70 relative=0x00000000000004d0
Event: 0.214 Thread 0x00007f50f4027ae0 Uncommon trap: reason=unstable_if action=reinterpret pc=0x00007f50e5045a70 method=java.lang.StringLatin1.indexOf([BI[BII)I @ 80 c2
Event: 0.214 Thread 0x00007f50f4027ae0 DEOPT PACKING pc=0x00007f50e5045a70 sp=0x00007f50fbe3b150
Event: 0.214 Thread 0x00007f50f4027ae0 DEOPT UNPACKING pc=0x00007f50dd4dd099 sp=0x00007f50fbe3b0d0 mode 2
Event: 0.242 Thread 0x00007f50f4027ae0 DEOPT PACKING pc=0x00007f50ddcb60ee sp=0x00007f50fbe3ae40
Event: 0.242 Thread 0x00007f50f4027ae0 DEOPT UNPACKING pc=0x00007f50dd4dd82f sp=0x00007f50fbe3a2b0 mode 0
Event: 0.253 Thread 0x00007f50f4027ae0 DEOPT PACKING pc=0x00007f50ddcb60ee sp=0x00007f50fbe3b350
Event: 0.253 Thread 0x00007f50f4027ae0 DEOPT UNPACKING pc=0x00007f50dd4dd82f sp=0x00007f50fbe3a7c0 mode 0
Event: 0.410 Thread 0x00007f50f4027ae0 DEOPT PACKING pc=0x00007f50ddcb60ee sp=0x00007f50fbe3b2d0
Event: 0.410 Thread 0x00007f50f4027ae0 DEOPT UNPACKING pc=0x00007f50dd4dd82f sp=0x00007f50fbe3a740 mode 0
Event: 0.414 Thread 0x00007f50f4027ae0 DEOPT PACKING pc=0x00007f50ddcb60ee sp=0x00007f50fbe3b270
Event: 0.414 Thread 0x00007f50f4027ae0 DEOPT UNPACKING pc=0x00007f50dd4dd82f sp=0x00007f50fbe3a6e0 mode 0
Event: 0.417 Thread 0x00007f50f4027ae0 DEOPT PACKING pc=0x00007f50ddcb60ee sp=0x00007f50fbe3b2c0
Event: 0.417 Thread 0x00007f50f4027ae0 DEOPT UNPACKING pc=0x00007f50dd4dd82f sp=0x00007f50fbe3a730 mode 0

Classes unloaded (0 events):
No events

Classes redefined (0 events):
No events

Internal exceptions (8 events):
Event: 0.078 Thread 0x00007f50f4027ae0 Implicit null exception at 0x00007f50e50360d5 to 0x00007f50e5036234
Event: 0.113 Thread 0x00007f50f41cf020 Exception <a 'java/lang/NoSuchMethodError'{0x000000008bacb298}: 'java.lang.Object java.lang.invoke.DirectMethodHandle$Holder.invokeStaticInit(java.lang.Object)'> (0x000000008bacb298) 
thrown [src/hotspot/share/interpreter/linkResolver.cpp, line 759]
Event: 0.120 Thread 0x00007f50f41cf020 Exception <a 'java/lang/NoSuchMethodError'{0x000000008baf1970}: 'void java.lang.invoke.DirectMethodHandle$Holder.invokeStatic(java.lang.Object, java.lang.Object)'> (0x000000008baf1970) 
thrown [src/hotspot/share/interpreter/linkResolver.cpp, line 759]
Event: 0.204 Thread 0x00007f50f4027ae0 Exception <a 'java/lang/NoSuchMethodError'{0x000000008b436310}: 'int java.lang.invoke.DirectMethodHandle$Holder.invokeStaticInit(java.lang.Object, java.lang.Object, java.lang.Object, java.lang.Object)'> (0x000000008b436310) 
thrown [src/hotspot/share/interpreter/linkResolver.cpp, line 759]
Event: 0.205 Thread 0x00007f50f4027ae0 Exception <a 'java/lang/NoSuchMethodError'{0x000000008b440760}: 'java.lang.Object java.lang.invoke.DirectMethodHandle$Holder.invokeInterface(java.lang.Object, java.lang.Object)'> (0x000000008b440760) 
thrown [src/hotspot/share/interpreter/linkResolver.cpp, line 759]
Event: 0.206 Thread 0x00007f50f4027ae0 Exception <a 'java/lang/IncompatibleClassChangeError'{0x000000008b443dd8}: Found class java.lang.Object, but interface was expected> (0x000000008b443dd8) 
thrown [src/hotspot/share/interpreter/linkResolver.cpp, line 826]
Event: 0.206 Thread 0x00007f50f4027ae0 Exception <a 'java/lang/NoSuchMethodError'{0x000000008b446d58}: 'void java.lang.invoke.DirectMethodHandle$Holder.invokeStaticInit(java.lang.Object, java.lang.Object)'> (0x000000008b446d58) 
thrown [src/hotspot/share/interpreter/linkResolver.cpp, line 759]
Event: 0.207 Thread 0x00007f50f4027ae0 Exception <a 'java/lang/NoSuchMethodError'{0x000000008b44c8d0}: 'int java.lang.invoke.DirectMethodHandle$Holder.invokeStaticInit(java.lang.Object, java.lang.Object)'> (0x000000008b44c8d0) 
thrown [src/hotspot/share/interpreter/linkResolver.cpp, line 759]

VM Operations (10 events):
Event: 0.051 Executing VM operation: HandshakeAllThreads
Event: 0.051 Executing VM operation: HandshakeAllThreads done
Event: 0.112 Executing VM operation: HandshakeAllThreads
Event: 0.112 Executing VM operation: HandshakeAllThreads done
Event: 0.114 Executing VM operation: HandshakeAllThreads
Event: 0.114 Executing VM operation: HandshakeAllThreads done
Event: 0.145 Executing VM operation: HandshakeAllThreads
Event: 0.145 Executing VM operation: HandshakeAllThreads done
Event: 0.215 Executing VM operation: HandshakeAllThreads
Event: 0.215 Executing VM operation: HandshakeAllThreads done

Events (20 events):
Event: 0.228 loading class java/lang/reflect/Proxy$ProxyBuilder$1
Event: 0.228 loading class java/lang/reflect/Proxy$ProxyBuilder$1 done
Event: 0.228 loading class java/lang/annotation/Target
Event: 0.228 loading class java/lang/annotation/Target done
Event: 0.232 loading class java/lang/reflect/UndeclaredThrowableException
Event: 0.232 loading class java/lang/reflect/UndeclaredThrowableException done
Event: 0.232 loading class java/lang/Class$AnnotationData
Event: 0.232 loading class java/lang/Class$AnnotationData done
Event: 0.239 loading class java/lang/InstantiationException
Event: 0.239 loading class java/lang/InstantiationException done
Event: 0.240 loading class java/util/regex/Pattern$BnM
Event: 0.240 loading class java/util/regex/Pattern$BnM done
Event: 0.240 loading class java/util/regex/Pattern$SliceS
Event: 0.240 loading class java/util/regex/Pattern$SliceS done
Event: 0.250 loading class java/lang/NumberFormatException
Event: 0.250 loading class java/lang/NumberFormatException done
Event: 0.251 Thread 0x00007f50f4434150 Thread added: 0x00007f50f4434150
Event: 0.251 Protecting memory [0x00007f50c8b39000,0x00007f50c8b3d000] with protection modes 0
Event: 0.410 loading class jdk/internal/misc/ScopedMemoryAccess$Scope
Event: 0.410 loading class jdk/internal/misc/ScopedMemoryAccess$Scope done


Dynamic libraries:
84400000-8c000000 rw-p 00000000 00:00 0 
8c000000-ffe00000 ---p 00000000 00:00 0 
ffe00000-ffe76000 rw-p 00c9c000 08:05 1450933                            /home/zhangfengming/.jdks/corretto-17.0.5/lib/server/classes.jsa
ffe76000-fff00000 rw-p 00000000 00:00 0 
fff00000-fff82000 rw-p 00c1a000 08:05 1450933                            /home/zhangfengming/.jdks/corretto-17.0.5/lib/server/classes.jsa
fff82000-100000000 rw-p 00000000 00:00 0 
800000000-800458000 rw-p 00001000 08:05 1450933                          /home/zhangfengming/.jdks/corretto-17.0.5/lib/server/classes.jsa
800458000-800be1000 r--p 00459000 08:05 1450933                          /home/zhangfengming/.jdks/corretto-17.0.5/lib/server/classes.jsa
800be1000-800c00000 ---p 00000000 00:00 0 
800c00000-800c40000 rw-p 00000000 00:00 0 
800c40000-800c70000 rw-p 00000000 00:00 0 
800c70000-800c80000 ---p 00000000 00:00 0 
800c80000-800c90000 rw-p 00000000 00:00 0 
800c90000-840c00000 ---p 00000000 00:00 0 
55cdfc200000-55cdfc201000 r-xp 00000000 08:05 1451034                    /home/zhangfengming/.jdks/corretto-17.0.5/bin/java
55cdfc401000-55cdfc402000 r--p 00001000 08:05 1451034                    /home/zhangfengming/.jdks/corretto-17.0.5/bin/java
55cdfc402000-55cdfc403000 rw-p 00002000 08:05 1451034                    /home/zhangfengming/.jdks/corretto-17.0.5/bin/java
55cdfc48e000-55cdfc4d6000 rw-p 00000000 00:00 0                          [heap]
7f507d52c000-7f507de52000 r--p 00000000 08:05 1575455                    /home/zhangfengming/.javacpp/cache/llvm-13.0.1-1.5.7-linux-x86_64.jar/org/bytedeco/llvm/linux-x86_64/libLLVM-13.so
7f507de52000-7f5081815000 r-xp 00926000 08:05 1575455                    /home/zhangfengming/.javacpp/cache/llvm-13.0.1-1.5.7-linux-x86_64.jar/org/bytedeco/llvm/linux-x86_64/libLLVM-13.so
7f5081815000-7f5083a6a000 r--p 042e9000 08:05 1575455                    /home/zhangfengming/.javacpp/cache/llvm-13.0.1-1.5.7-linux-x86_64.jar/org/bytedeco/llvm/linux-x86_64/libLLVM-13.so
7f5083a6a000-7f5083f7f000 r--p 0653d000 08:05 1575455                    /home/zhangfengming/.javacpp/cache/llvm-13.0.1-1.5.7-linux-x86_64.jar/org/bytedeco/llvm/linux-x86_64/libLLVM-13.so
7f5083f7f000-7f5083f8a000 rw-p 06a52000 08:05 1575455                    /home/zhangfengming/.javacpp/cache/llvm-13.0.1-1.5.7-linux-x86_64.jar/org/bytedeco/llvm/linux-x86_64/libLLVM-13.so
7f5083f8a000-7f5084000000 rw-p 00000000 00:00 0 
7f5084000000-7f5084021000 rw-p 00000000 00:00 0 
7f5084021000-7f5088000000 ---p 00000000 00:00 0 
7f5088000000-7f5088021000 rw-p 00000000 00:00 0 
7f5088021000-7f508c000000 ---p 00000000 00:00 0 
7f508c000000-7f508c021000 rw-p 00000000 00:00 0 
7f508c021000-7f5090000000 ---p 00000000 00:00 0 
7f5090000000-7f5090021000 rw-p 00000000 00:00 0 
7f5090021000-7f5094000000 ---p 00000000 00:00 0 
7f5094000000-7f5094021000 rw-p 00000000 00:00 0 
7f5094021000-7f5098000000 ---p 00000000 00:00 0 
7f5098000000-7f50980b6000 rw-p 00000000 00:00 0 
7f50980b6000-7f509c000000 ---p 00000000 00:00 0 
7f509c000000-7f509c289000 rw-p 00000000 00:00 0 
7f509c289000-7f50a0000000 ---p 00000000 00:00 0 
7f50a0000000-7f50a0021000 rw-p 00000000 00:00 0 
7f50a0021000-7f50a4000000 ---p 00000000 00:00 0 
7f50a4000000-7f50a4021000 rw-p 00000000 00:00 0 
7f50a4021000-7f50a8000000 ---p 00000000 00:00 0 
7f50a8000000-7f50a835f000 rw-p 00000000 00:00 0 
7f50a835f000-7f50ac000000 ---p 00000000 00:00 0 
7f50ac000000-7f50ac021000 rw-p 00000000 00:00 0 
7f50ac021000-7f50b0000000 ---p 00000000 00:00 0 
7f50b0000000-7f50b0021000 rw-p 00000000 00:00 0 
7f50b0021000-7f50b4000000 ---p 00000000 00:00 0 
7f50b4000000-7f50b4021000 rw-p 00000000 00:00 0 
7f50b4021000-7f50b8000000 ---p 00000000 00:00 0 
7f50b8000000-7f50b8021000 rw-p 00000000 00:00 0 
7f50b8021000-7f50bc000000 ---p 00000000 00:00 0 
7f50bc000000-7f50bc021000 rw-p 00000000 00:00 0 
7f50bc021000-7f50c0000000 ---p 00000000 00:00 0 
7f50c0000000-7f50c0021000 rw-p 00000000 00:00 0 
7f50c0021000-7f50c4000000 ---p 00000000 00:00 0 
7f50c4000000-7f50c4021000 rw-p 00000000 00:00 0 
7f50c4021000-7f50c8000000 ---p 00000000 00:00 0 
7f50c8a33000-7f50c8a98000 r--p 00000000 08:05 1575460                    /home/zhangfengming/.javacpp/cache/llvm-13.0.1-1.5.7-linux-x86_64.jar/org/bytedeco/llvm/linux-x86_64/libjniLLVM.so
7f50c8a98000-7f50c8b06000 r-xp 00065000 08:05 1575460                    /home/zhangfengming/.javacpp/cache/llvm-13.0.1-1.5.7-linux-x86_64.jar/org/bytedeco/llvm/linux-x86_64/libjniLLVM.so
7f50c8b06000-7f50c8b31000 r--p 000d3000 08:05 1575460                    /home/zhangfengming/.javacpp/cache/llvm-13.0.1-1.5.7-linux-x86_64.jar/org/bytedeco/llvm/linux-x86_64/libjniLLVM.so
7f50c8b31000-7f50c8b34000 r--p 000fd000 08:05 1575460                    /home/zhangfengming/.javacpp/cache/llvm-13.0.1-1.5.7-linux-x86_64.jar/org/bytedeco/llvm/linux-x86_64/libjniLLVM.so
7f50c8b34000-7f50c8b37000 rw-p 00100000 08:05 1575460                    /home/zhangfengming/.javacpp/cache/llvm-13.0.1-1.5.7-linux-x86_64.jar/org/bytedeco/llvm/linux-x86_64/libjniLLVM.so
7f50c8b37000-7f50c8b39000 rw-p 00000000 00:00 0 
7f50c8b39000-7f50c8b3d000 ---p 00000000 00:00 0 
7f50c8b3d000-7f50c8c3a000 rw-p 00000000 00:00 0 
7f50c8c3a000-7f50c8cd0000 r--p 00000000 08:05 664396                     /usr/lib/x86_64-linux-gnu/libstdc++.so.6.0.28
7f50c8cd0000-7f50c8dc1000 r-xp 00096000 08:05 664396                     /usr/lib/x86_64-linux-gnu/libstdc++.so.6.0.28
7f50c8dc1000-7f50c8e0a000 r--p 00187000 08:05 664396                     /usr/lib/x86_64-linux-gnu/libstdc++.so.6.0.28
7f50c8e0a000-7f50c8e0b000 ---p 001d0000 08:05 664396                     /usr/lib/x86_64-linux-gnu/libstdc++.so.6.0.28
7f50c8e0b000-7f50c8e16000 r--p 001d0000 08:05 664396                     /usr/lib/x86_64-linux-gnu/libstdc++.so.6.0.28
7f50c8e16000-7f50c8e19000 rw-p 001db000 08:05 664396                     /usr/lib/x86_64-linux-gnu/libstdc++.so.6.0.28
7f50c8e19000-7f50c8e1c000 rw-p 00000000 00:00 0 
7f50c8e1c000-7f50c8e1e000 r-xp 00000000 08:05 1450967                    /home/zhangfengming/.jdks/corretto-17.0.5/lib/libextnet.so
7f50c8e1e000-7f50c901d000 ---p 00002000 08:05 1450967                    /home/zhangfengming/.jdks/corretto-17.0.5/lib/libextnet.so
7f50c901d000-7f50c901e000 r--p 00001000 08:05 1450967                    /home/zhangfengming/.jdks/corretto-17.0.5/lib/libextnet.so
7f50c901e000-7f50c901f000 rw-p 00000000 00:00 0 
7f50c901f000-7f50c9020000 ---p 00000000 00:00 0 
7f50c9020000-7f50c9121000 rw-p 00000000 00:00 0 
7f50c9121000-7f50c9125000 ---p 00000000 00:00 0 
7f50c9125000-7f50c9222000 rw-p 00000000 00:00 0 
7f50c9222000-7f50ca000000 r--p 00000000 08:05 661000                     /usr/lib/locale/locale-archive
7f50ca000000-7f50cc000000 rw-p 00000000 00:00 0 
7f50cc000000-7f50cc021000 rw-p 00000000 00:00 0 
7f50cc021000-7f50d0000000 ---p 00000000 00:00 0 
7f50d0000000-7f50d0021000 rw-p 00000000 00:00 0 
7f50d0021000-7f50d4000000 ---p 00000000 00:00 0 
7f50d4000000-7f50d4021000 rw-p 00000000 00:00 0 
7f50d4021000-7f50d8000000 ---p 00000000 00:00 0 
7f50d80b6000-7f50d80ba000 ---p 00000000 00:00 0 
7f50d80ba000-7f50d81b7000 rw-p 00000000 00:00 0 
7f50d81b7000-7f50d81cb000 r-xp 00000000 08:05 1448805                    /home/zhangfengming/.jdks/corretto-17.0.5/lib/libnet.so
7f50d81cb000-7f50d83cb000 ---p 00014000 08:05 1448805                    /home/zhangfengming/.jdks/corretto-17.0.5/lib/libnet.so
7f50d83cb000-7f50d83cc000 r--p 00014000 08:05 1448805                    /home/zhangfengming/.jdks/corretto-17.0.5/lib/libnet.so
7f50d83cc000-7f50d83cd000 rw-p 00015000 08:05 1448805                    /home/zhangfengming/.jdks/corretto-17.0.5/lib/libnet.so
7f50d83cd000-7f50d83df000 r-xp 00000000 08:05 1448806                    /home/zhangfengming/.jdks/corretto-17.0.5/lib/libnio.so
7f50d83df000-7f50d85de000 ---p 00012000 08:05 1448806                    /home/zhangfengming/.jdks/corretto-17.0.5/lib/libnio.so
7f50d85de000-7f50d85df000 r--p 00011000 08:05 1448806                    /home/zhangfengming/.jdks/corretto-17.0.5/lib/libnio.so
7f50d85df000-7f50d85e0000 rw-p 00012000 08:05 1448806                    /home/zhangfengming/.jdks/corretto-17.0.5/lib/libnio.so
7f50d85e0000-7f50d85fa000 r-xp 00000000 08:05 1448808                    /home/zhangfengming/.jdks/corretto-17.0.5/lib/libzip.so
7f50d85fa000-7f50d87fa000 ---p 0001a000 08:05 1448808                    /home/zhangfengming/.jdks/corretto-17.0.5/lib/libzip.so
7f50d87fa000-7f50d87fb000 r--p 0001a000 08:05 1448808                    /home/zhangfengming/.jdks/corretto-17.0.5/lib/libzip.so
7f50d87fb000-7f50d87fc000 rw-p 00000000 00:00 0 
7f50d87fc000-7f50d8800000 ---p 00000000 00:00 0 
7f50d8800000-7f50d88fd000 rw-p 00000000 00:00 0 
7f50d88fd000-7f50d8901000 ---p 00000000 00:00 0 
7f50d8901000-7f50d89fe000 rw-p 00000000 00:00 0 
7f50d89fe000-7f50d8a02000 ---p 00000000 00:00 0 
7f50d8a02000-7f50d8aff000 rw-p 00000000 00:00 0 
7f50d8aff000-7f50d8b03000 ---p 00000000 00:00 0 
7f50d8b03000-7f50d8d90000 rw-p 00000000 00:00 0 
7f50d8d90000-7f50d9000000 ---p 00000000 00:00 0 
7f50d9000000-7f50d91a0000 rw-p 00000000 00:00 0 
7f50d91a0000-7f50d9400000 ---p 00000000 00:00 0 
7f50d94a9000-7f50d94ad000 ---p 00000000 00:00 0 
7f50d94ad000-7f50d95aa000 rw-p 00000000 00:00 0 
7f50d95aa000-7f50d95ae000 ---p 00000000 00:00 0 
7f50d95ae000-7f50d989b000 rw-p 00000000 00:00 0 
7f50d989b000-7f50db593000 ---p 00000000 00:00 0 
7f50db593000-7f50db78b000 rw-p 00000000 00:00 0 
7f50db78b000-7f50dd483000 ---p 00000000 00:00 0 
7f50dd483000-7f50dd48b000 rw-p 00000000 00:00 0 
7f50dd48b000-7f50dd6fb000 rwxp 00000000 00:00 0 
7f50dd6fb000-7f50ddbcc000 ---p 00000000 00:00 0 
7f50ddbcc000-7f50dde3c000 rwxp 00000000 00:00 0 
7f50dde3c000-7f50e502b000 ---p 00000000 00:00 0 
7f50e502b000-7f50e529b000 rwxp 00000000 00:00 0 
7f50e529b000-7f50ec48b000 ---p 00000000 00:00 0 
7f50ec48b000-7f50f4000000 r--s 00000000 08:05 1448795                    /home/zhangfengming/.jdks/corretto-17.0.5/lib/modules
7f50f4000000-7f50f44d0000 rw-p 00000000 00:00 0 
7f50f44d0000-7f50f8000000 ---p 00000000 00:00 0 
7f50f801c000-7f50f8023000 r--p 00000000 08:05 1575456                    /home/zhangfengming/.javacpp/cache/llvm-13.0.1-1.5.7-linux-x86_64.jar/org/bytedeco/llvm/linux-x86_64/libLTO.so.13
7f50f8023000-7f50f802b000 r-xp 00007000 08:05 1575456                    /home/zhangfengming/.javacpp/cache/llvm-13.0.1-1.5.7-linux-x86_64.jar/org/bytedeco/llvm/linux-x86_64/libLTO.so.13
7f50f802b000-7f50f802d000 r--p 0000f000 08:05 1575456                    /home/zhangfengming/.javacpp/cache/llvm-13.0.1-1.5.7-linux-x86_64.jar/org/bytedeco/llvm/linux-x86_64/libLTO.so.13
7f50f802d000-7f50f802e000 r--p 00010000 08:05 1575456                    /home/zhangfengming/.javacpp/cache/llvm-13.0.1-1.5.7-linux-x86_64.jar/org/bytedeco/llvm/linux-x86_64/libLTO.so.13
7f50f802e000-7f50f802f000 rw-p 00011000 08:05 1575456                    /home/zhangfengming/.javacpp/cache/llvm-13.0.1-1.5.7-linux-x86_64.jar/org/bytedeco/llvm/linux-x86_64/libLTO.so.13
7f50f802f000-7f50f8031000 r--p 00000000 08:05 656093                     /usr/lib/x86_64-linux-gnu/libz.so.1.2.11
7f50f8031000-7f50f8042000 r-xp 00002000 08:05 656093                     /usr/lib/x86_64-linux-gnu/libz.so.1.2.11
7f50f8042000-7f50f8048000 r--p 00013000 08:05 656093                     /usr/lib/x86_64-linux-gnu/libz.so.1.2.11
7f50f8048000-7f50f8049000 ---p 00019000 08:05 656093                     /usr/lib/x86_64-linux-gnu/libz.so.1.2.11
7f50f8049000-7f50f804a000 r--p 00019000 08:05 656093                     /usr/lib/x86_64-linux-gnu/libz.so.1.2.11
7f50f804a000-7f50f804b000 rw-p 0001a000 08:05 656093                     /usr/lib/x86_64-linux-gnu/libz.so.1.2.11
7f50f804b000-7f50f804e000 r--p 00000000 08:05 663591                     /usr/lib/x86_64-linux-gnu/libgcc_s.so.1
7f50f804e000-7f50f8060000 r-xp 00003000 08:05 663591                     /usr/lib/x86_64-linux-gnu/libgcc_s.so.1
7f50f8060000-7f50f8064000 r--p 00015000 08:05 663591                     /usr/lib/x86_64-linux-gnu/libgcc_s.so.1
7f50f8064000-7f50f8065000 r--p 00018000 08:05 663591                     /usr/lib/x86_64-linux-gnu/libgcc_s.so.1
7f50f8065000-7f50f8066000 rw-p 00019000 08:05 663591                     /usr/lib/x86_64-linux-gnu/libgcc_s.so.1
7f50f8071000-7f50f8078000 r--s 00000000 08:05 1054439                    /usr/lib/x86_64-linux-gnu/gconv/gconv-modules.cache
7f50f8078000-7f50f807c000 r--p 00000000 08:05 1575446                    /home/zhangfengming/.javacpp/cache/javacpp-1.5.7-linux-x86_64.jar/org/bytedeco/javacpp/linux-x86_64/libjnijavacpp.so
7f50f807c000-7f50f8083000 r-xp 00004000 08:05 1575446                    /home/zhangfengming/.javacpp/cache/javacpp-1.5.7-linux-x86_64.jar/org/bytedeco/javacpp/linux-x86_64/libjnijavacpp.so
7f50f8083000-7f50f8087000 r--p 0000b000 08:05 1575446                    /home/zhangfengming/.javacpp/cache/javacpp-1.5.7-linux-x86_64.jar/org/bytedeco/javacpp/linux-x86_64/libjnijavacpp.so
7f50f8087000-7f50f8088000 r--p 0000e000 08:05 1575446                    /home/zhangfengming/.javacpp/cache/javacpp-1.5.7-linux-x86_64.jar/org/bytedeco/javacpp/linux-x86_64/libjnijavacpp.so
7f50f8088000-7f50f8089000 rw-p 0000f000 08:05 1575446                    /home/zhangfengming/.javacpp/cache/javacpp-1.5.7-linux-x86_64.jar/org/bytedeco/javacpp/linux-x86_64/libjnijavacpp.so
7f50f8089000-7f50f808d000 ---p 00000000 00:00 0 
7f50f808d000-7f50f818a000 rw-p 00000000 00:00 0 
7f50f818a000-7f50f818e000 ---p 00000000 00:00 0 
7f50f818e000-7f50f828b000 rw-p 00000000 00:00 0 
7f50f828b000-7f50f828f000 ---p 00000000 00:00 0 
7f50f828f000-7f50f838c000 rw-p 00000000 00:00 0 
7f50f838c000-7f50f8390000 ---p 00000000 00:00 0 
7f50f8390000-7f50f848d000 rw-p 00000000 00:00 0 
7f50f848d000-7f50f848e000 ---p 00000000 00:00 0 
7f50f848e000-7f50f858f000 rw-p 00000000 00:00 0 
7f50f858f000-7f50f865d000 r-xp 00000000 08:05 1450959                    /home/zhangfengming/.jdks/corretto-17.0.5/lib/libjsvml.so
7f50f865d000-7f50f885c000 ---p 000ce000 08:05 1450959                    /home/zhangfengming/.jdks/corretto-17.0.5/lib/libjsvml.so
7f50f885c000-7f50f885d000 r--p 000cd000 08:05 1450959                    /home/zhangfengming/.jdks/corretto-17.0.5/lib/libjsvml.so
7f50f885d000-7f50f885e000 rw-p 000ce000 08:05 1450959                    /home/zhangfengming/.jdks/corretto-17.0.5/lib/libjsvml.so
7f50f885e000-7f50f897b000 rw-p 00000000 00:00 0 
7f50f897b000-7f50f897c000 ---p 00000000 00:00 0 
7f50f897c000-7f50f8a7d000 rw-p 00000000 00:00 0 
7f50f8a7d000-7f50f8a7e000 ---p 00000000 00:00 0 
7f50f8a7e000-7f50f988c000 rw-p 00000000 00:00 0 
7f50f988c000-7f50f988d000 ---p 00000000 00:00 0 
7f50f988d000-7f50f998e000 rw-p 00000000 00:00 0 
7f50f998e000-7f50f998f000 ---p 00000000 00:00 0 
7f50f998f000-7f50f9a90000 rw-p 00000000 00:00 0 
7f50f9a90000-7f50f9a91000 ---p 00000000 00:00 0 
7f50f9a91000-7f50f9c8e000 rw-p 00000000 00:00 0 
7f50f9c8e000-7f50fa02d000 ---p 00000000 00:00 0 
7f50fa02d000-7f50fa06c000 rw-p 00000000 00:00 0 
7f50fa06c000-7f50fa40b000 ---p 00000000 00:00 0 
7f50fa40b000-7f50fa44a000 rw-p 00000000 00:00 0 
7f50fa44a000-7f50fa7e9000 ---p 00000000 00:00 0 
7f50fa7e9000-7f50fb4fc000 rw-p 00000000 00:00 0 
7f50fb4fc000-7f50fb5e0000 ---p 00000000 00:00 0 
7f50fb5e0000-7f50fb5e5000 rw-p 00000000 00:00 0 
7f50fb5e5000-7f50fb6c9000 ---p 00000000 00:00 0 
7f50fb6c9000-7f50fb6cc000 r--p 00000000 08:05 664078                     /usr/lib/x86_64-linux-gnu/libnss_files-2.31.so
7f50fb6cc000-7f50fb6d3000 r-xp 00003000 08:05 664078                     /usr/lib/x86_64-linux-gnu/libnss_files-2.31.so
7f50fb6d3000-7f50fb6d5000 r--p 0000a000 08:05 664078                     /usr/lib/x86_64-linux-gnu/libnss_files-2.31.so
7f50fb6d5000-7f50fb6d6000 r--p 0000b000 08:05 664078                     /usr/lib/x86_64-linux-gnu/libnss_files-2.31.so
7f50fb6d6000-7f50fb6d7000 rw-p 0000c000 08:05 664078                     /usr/lib/x86_64-linux-gnu/libnss_files-2.31.so
7f50fb6d7000-7f50fb6dd000 rw-p 00000000 00:00 0 
7f50fb6e0000-7f50fb6e5000 rw-p 00000000 00:00 0 
7f50fb6e5000-7f50fb6ef000 ---p 00000000 00:00 0 
7f50fb6ef000-7f50fb713000 r-xp 00000000 08:05 1448801                    /home/zhangfengming/.jdks/corretto-17.0.5/lib/libjava.so
7f50fb713000-7f50fb912000 ---p 00024000 08:05 1448801                    /home/zhangfengming/.jdks/corretto-17.0.5/lib/libjava.so
7f50fb912000-7f50fb913000 r--p 00023000 08:05 1448801                    /home/zhangfengming/.jdks/corretto-17.0.5/lib/libjava.so
7f50fb913000-7f50fb914000 rw-p 00024000 08:05 1448801                    /home/zhangfengming/.jdks/corretto-17.0.5/lib/libjava.so
7f50fb914000-7f50fb915000 rw-p 00000000 00:00 0 
7f50fb915000-7f50fb91f000 r-xp 00000000 08:05 1450948                    /home/zhangfengming/.jdks/corretto-17.0.5/lib/libinstrument.so
7f50fb91f000-7f50fbb1e000 ---p 0000a000 08:05 1450948                    /home/zhangfengming/.jdks/corretto-17.0.5/lib/libinstrument.so
7f50fbb1e000-7f50fbb1f000 r--p 00009000 08:05 1450948                    /home/zhangfengming/.jdks/corretto-17.0.5/lib/libinstrument.so
7f50fbb1f000-7f50fbb20000 rw-p 0000a000 08:05 1450948                    /home/zhangfengming/.jdks/corretto-17.0.5/lib/libinstrument.so
7f50fbb20000-7f50fbb3b000 r-xp 00000000 08:05 1448802                    /home/zhangfengming/.jdks/corretto-17.0.5/lib/libjimage.so
7f50fbb3b000-7f50fbd3a000 ---p 0001b000 08:05 1448802                    /home/zhangfengming/.jdks/corretto-17.0.5/lib/libjimage.so
7f50fbd3a000-7f50fbd3c000 r--p 0001a000 08:05 1448802                    /home/zhangfengming/.jdks/corretto-17.0.5/lib/libjimage.so
7f50fbd3c000-7f50fbd3d000 rw-p 0001c000 08:05 1448802                    /home/zhangfengming/.jdks/corretto-17.0.5/lib/libjimage.so
7f50fbd3d000-7f50fbd41000 ---p 00000000 00:00 0 
7f50fbd41000-7f50fbe3e000 rw-p 00000000 00:00 0 
7f50fbe3e000-7f50fbe4b000 r--p 00000000 08:05 663952                     /usr/lib/x86_64-linux-gnu/libm-2.31.so
7f50fbe4b000-7f50fbef2000 r-xp 0000d000 08:05 663952                     /usr/lib/x86_64-linux-gnu/libm-2.31.so
7f50fbef2000-7f50fbf8b000 r--p 000b4000 08:05 663952                     /usr/lib/x86_64-linux-gnu/libm-2.31.so
7f50fbf8b000-7f50fbf8c000 r--p 0014c000 08:05 663952                     /usr/lib/x86_64-linux-gnu/libm-2.31.so
7f50fbf8c000-7f50fbf8d000 rw-p 0014d000 08:05 663952                     /usr/lib/x86_64-linux-gnu/libm-2.31.so
7f50fbf8d000-7f50fbf8f000 r--p 00000000 08:05 664287                     /usr/lib/x86_64-linux-gnu/librt-2.31.so
7f50fbf8f000-7f50fbf93000 r-xp 00002000 08:05 664287                     /usr/lib/x86_64-linux-gnu/librt-2.31.so
7f50fbf93000-7f50fbf95000 r--p 00006000 08:05 664287                     /usr/lib/x86_64-linux-gnu/librt-2.31.so
7f50fbf95000-7f50fbf96000 r--p 00007000 08:05 664287                     /usr/lib/x86_64-linux-gnu/librt-2.31.so
7f50fbf96000-7f50fbf97000 rw-p 00008000 08:05 664287                     /usr/lib/x86_64-linux-gnu/librt-2.31.so
7f50fbf97000-7f50fd281000 r-xp 00000000 08:05 1450931                    /home/zhangfengming/.jdks/corretto-17.0.5/lib/server/libjvm.so
7f50fd281000-7f50fd480000 ---p 012ea000 08:05 1450931                    /home/zhangfengming/.jdks/corretto-17.0.5/lib/server/libjvm.so
7f50fd480000-7f50fd539000 r--p 012e9000 08:05 1450931                    /home/zhangfengming/.jdks/corretto-17.0.5/lib/server/libjvm.so
7f50fd539000-7f50fd56e000 rw-p 013a2000 08:05 1450931                    /home/zhangfengming/.jdks/corretto-17.0.5/lib/server/libjvm.so
7f50fd56e000-7f50fd5ca000 rw-p 00000000 00:00 0 
7f50fd5ca000-7f50fd5ec000 r--p 00000000 08:05 663294                     /usr/lib/x86_64-linux-gnu/libc-2.31.so
7f50fd5ec000-7f50fd764000 r-xp 00022000 08:05 663294                     /usr/lib/x86_64-linux-gnu/libc-2.31.so
7f50fd764000-7f50fd7b2000 r--p 0019a000 08:05 663294                     /usr/lib/x86_64-linux-gnu/libc-2.31.so
7f50fd7b2000-7f50fd7b6000 r--p 001e7000 08:05 663294                     /usr/lib/x86_64-linux-gnu/libc-2.31.so
7f50fd7b6000-7f50fd7b8000 rw-p 001eb000 08:05 663294                     /usr/lib/x86_64-linux-gnu/libc-2.31.so
7f50fd7b8000-7f50fd7bc000 rw-p 00000000 00:00 0 
7f50fd7bc000-7f50fd7bd000 r--p 00000000 08:05 663437                     /usr/lib/x86_64-linux-gnu/libdl-2.31.so
7f50fd7bd000-7f50fd7bf000 r-xp 00001000 08:05 663437                     /usr/lib/x86_64-linux-gnu/libdl-2.31.so
7f50fd7bf000-7f50fd7c0000 r--p 00003000 08:05 663437                     /usr/lib/x86_64-linux-gnu/libdl-2.31.so
7f50fd7c0000-7f50fd7c1000 r--p 00003000 08:05 663437                     /usr/lib/x86_64-linux-gnu/libdl-2.31.so
7f50fd7c1000-7f50fd7c2000 rw-p 00004000 08:05 663437                     /usr/lib/x86_64-linux-gnu/libdl-2.31.so
7f50fd7c2000-7f50fd7c8000 r--p 00000000 08:05 664222                     /usr/lib/x86_64-linux-gnu/libpthread-2.31.so
7f50fd7c8000-7f50fd7d9000 r-xp 00006000 08:05 664222                     /usr/lib/x86_64-linux-gnu/libpthread-2.31.so
7f50fd7d9000-7f50fd7df000 r--p 00017000 08:05 664222                     /usr/lib/x86_64-linux-gnu/libpthread-2.31.so
7f50fd7df000-7f50fd7e0000 r--p 0001c000 08:05 664222                     /usr/lib/x86_64-linux-gnu/libpthread-2.31.so
7f50fd7e0000-7f50fd7e1000 rw-p 0001d000 08:05 664222                     /usr/lib/x86_64-linux-gnu/libpthread-2.31.so
7f50fd7e1000-7f50fd7e5000 rw-p 00000000 00:00 0 
7f50fd7e8000-7f50fd7e9000 r--p 00000000 08:05 1575458                    /home/zhangfengming/.javacpp/cache/llvm-13.0.1-1.5.7-linux-x86_64.jar/org/bytedeco/llvm/linux-x86_64/libRemarks.so.13
7f50fd7e9000-7f50fd7ea000 r-xp 00001000 08:05 1575458                    /home/zhangfengming/.javacpp/cache/llvm-13.0.1-1.5.7-linux-x86_64.jar/org/bytedeco/llvm/linux-x86_64/libRemarks.so.13
7f50fd7ea000-7f50fd7eb000 r--p 00002000 08:05 1575458                    /home/zhangfengming/.javacpp/cache/llvm-13.0.1-1.5.7-linux-x86_64.jar/org/bytedeco/llvm/linux-x86_64/libRemarks.so.13
7f50fd7eb000-7f50fd7ec000 r--p 00002000 08:05 1575458                    /home/zhangfengming/.javacpp/cache/llvm-13.0.1-1.5.7-linux-x86_64.jar/org/bytedeco/llvm/linux-x86_64/libRemarks.so.13
7f50fd7ec000-7f50fd7ed000 rw-p 00003000 08:05 1575458                    /home/zhangfengming/.javacpp/cache/llvm-13.0.1-1.5.7-linux-x86_64.jar/org/bytedeco/llvm/linux-x86_64/libRemarks.so.13
7f50fd7ed000-7f50fd7f5000 rw-s 00000000 08:05 1450178                    /tmp/hsperfdata_zhangfengming/14505
7f50fd7f5000-7f50fd7f6000 ---p 00000000 00:00 0 
7f50fd7f6000-7f50fd7f7000 r--p 00000000 00:00 0 
7f50fd7f7000-7f50fd810000 r-xp 00000000 08:05 1448803                    /home/zhangfengming/.jdks/corretto-17.0.5/lib/libjli.so
7f50fd810000-7f50fda0f000 ---p 00019000 08:05 1448803                    /home/zhangfengming/.jdks/corretto-17.0.5/lib/libjli.so
7f50fda0f000-7f50fda10000 r--p 00018000 08:05 1448803                    /home/zhangfengming/.jdks/corretto-17.0.5/lib/libjli.so
7f50fda10000-7f50fda11000 rw-p 00019000 08:05 1448803                    /home/zhangfengming/.jdks/corretto-17.0.5/lib/libjli.so
7f50fda11000-7f50fda13000 rw-p 00000000 00:00 0 
7f50fda13000-7f50fda14000 r--p 00000000 08:05 663074                     /usr/lib/x86_64-linux-gnu/ld-2.31.so
7f50fda14000-7f50fda37000 r-xp 00001000 08:05 663074                     /usr/lib/x86_64-linux-gnu/ld-2.31.so
7f50fda37000-7f50fda3f000 r--p 00024000 08:05 663074                     /usr/lib/x86_64-linux-gnu/ld-2.31.so
7f50fda3f000-7f50fda40000 ---p 00000000 00:00 0 
7f50fda40000-7f50fda41000 r--p 0002c000 08:05 663074                     /usr/lib/x86_64-linux-gnu/ld-2.31.so
7f50fda41000-7f50fda42000 rw-p 0002d000 08:05 663074                     /usr/lib/x86_64-linux-gnu/ld-2.31.so
7f50fda42000-7f50fda43000 rw-p 00000000 00:00 0 
7ffea101a000-7ffea103c000 rw-p 00000000 00:00 0                          [stack]
7ffea1174000-7ffea1178000 r--p 00000000 00:00 0                          [vvar]
7ffea1178000-7ffea117a000 r-xp 00000000 00:00 0                          [vdso]
ffffffffff600000-ffffffffff601000 --xp 00000000 00:00 0                  [vsyscall]


VM Arguments:
jvm_args: -javaagent:/home/zhangfengming/idea-IU-223.8214.52/lib/idea_rt.jar=41193:/home/zhangfengming/idea-IU-223.8214.52/bin -Dfile.encoding=UTF-8 
java_command: Main
java_class_path (initial): /home/zhangfengming/Desktop/Lab/target/classes:/usr/local/lib/antlr-4.9.1-complete.jar:/home/zhangfengming/.m2/repository/org/bytedeco/llvm-platform/13.0.1-1.5.7/llvm-platform-13.0.1-1.5.7.jar:/home/zhangfengming/.m2/repository/org/bytedeco/javacpp-platform/1.5.7/javacpp-platform-1.5.7.jar:/home/zhangfengming/.m2/repository/org/bytedeco/javacpp/1.5.7/javacpp-1.5.7.jar:/home/zhangfengming/.m2/repository/org/bytedeco/javacpp/1.5.7/javacpp-1.5.7-android-arm.jar:/home/zhangfengming/.m2/repository/org/bytedeco/javacpp/1.5.7/javacpp-1.5.7-android-arm64.jar:/home/zhangfengming/.m2/repository/org/bytedeco/javacpp/1.5.7/javacpp-1.5.7-android-x86.jar:/home/zhangfengming/.m2/repository/org/bytedeco/javacpp/1.5.7/javacpp-1.5.7-android-x86_64.jar:/home/zhangfengming/.m2/repository/org/bytedeco/javacpp/1.5.7/javacpp-1.5.7-ios-arm64.jar:/home/zhangfengming/.m2/repository/org/bytedeco/javacpp/1.5.7/javacpp-1.5.7-ios-x86_64.jar:/home/zhangfengming/.m2/repository/org/bytedeco/javacpp/1.5.7/javacpp-1.5.7-linux-armhf.jar:/home/zhangfengming/.m2/repository/org/bytedeco/javacpp/1.5.7/javacpp-1.5.7-linux-arm64.jar:/home/zhangfengming/.m2/repository/org/bytedeco/javacpp/1.5.7/javacpp-1.5.7-linux-ppc64le.jar:/home/zhangfengming/.m2/repository/org/bytedeco/javacpp/1.5.7/javacpp-1.5.7-linux-x86.jar:/home/zhangfengming/.m2/repository/org/bytedeco/javacpp/1.5.7/javacpp-1.5.7-linux-x86_64.jar:/home/zhangfengming/.m2/repository/org/bytedeco/javacpp/1.5.7/javacpp-1.5.7-macosx-arm64.jar:/home/zhangfengming/.m2/repository/org/bytedeco/javacpp/1.5.7/javacpp-1.5.7-macosx-x86_64.jar:/home/zhangfengming/.m2/repository/org/bytedeco/javacpp/1.5.7/javacpp-1.5.7-windows-x86.jar:/home/zhangfengming/.m2/repository/org/bytedeco/javacpp/1.5.7/javacpp-1.5.7-windows-x86_64.jar:/home/zhangfengming/.m2/repository/org/bytedeco/llvm/13.0.1-1.5.7/llvm-13.0.1-1.5.7.jar:/home/zhangfengming/.m2/repository/org/bytedeco/llvm/13.0.1-1.5.7/llvm-13.0.1-1.5.7-linux-x86.jar:/home/zhangfengming/.m2/r
Launcher Type: SUN_STANDARD

[Global flags]
     intx CICompilerCount                          = 12                                        {product} {ergonomic}
     uint ConcGCThreads                            = 3                                         {product} {ergonomic}
     uint G1ConcRefinementThreads                  = 13                                        {product} {ergonomic}
   size_t G1HeapRegionSize                         = 1048576                                   {product} {ergonomic}
    uintx GCDrainStackTargetSize                   = 64                                        {product} {ergonomic}
   size_t InitialHeapSize                          = 130023424                                 {product} {ergonomic}
   size_t MarkStackSize                            = 4194304                                   {product} {ergonomic}
   size_t MaxHeapSize                              = 2076180480                                {product} {ergonomic}
   size_t MaxNewSize                               = 1245708288                                {product} {ergonomic}
   size_t MinHeapDeltaBytes                        = 1048576                                   {product} {ergonomic}
   size_t MinHeapSize                              = 8388608                                   {product} {ergonomic}
    uintx NonNMethodCodeHeapSize                   = 7602480                                {pd product} {ergonomic}
    uintx NonProfiledCodeHeapSize                  = 122027880                              {pd product} {ergonomic}
    uintx ProfiledCodeHeapSize                     = 122027880                              {pd product} {ergonomic}
    uintx ReservedCodeCacheSize                    = 251658240                              {pd product} {ergonomic}
     bool SegmentedCodeCache                       = true                                      {product} {ergonomic}
   size_t SoftMaxHeapSize                          = 2076180480                             {manageable} {ergonomic}
     bool UseCompressedClassPointers               = true                           {product lp64_product} {ergonomic}
     bool UseCompressedOops                        = true                           {product lp64_product} {ergonomic}
     bool UseG1GC                                  = true                                      {product} {ergonomic}

Logging:
Log output configuration:
 #0: stdout all=warning uptime,level,tags
 #1: stderr all=off uptime,level,tags

Environment Variables:
PATH=/usr/local/sbin:/usr/local/bin:/usr/sbin:/usr/bin:/sbin:/bin:/usr/games:/usr/local/games:/snap/bin
USERNAME=zhangfengming
SHELL=/bin/bash
DISPLAY=:0
LANG=en_US.UTF-8
LC_NUMERIC=zh_CN.UTF-8
LC_TIME=zh_CN.UTF-8
TERM=xterm-256color

Signal Handlers:
   SIGSEGV: crash_handler in libjvm.so, mask=11100100010111111101111111111110, flags=SA_RESTART|SA_SIGINFO
    SIGBUS: crash_handler in libjvm.so, mask=11100100010111111101111111111110, flags=SA_RESTART|SA_SIGINFO
    SIGFPE: crash_handler in libjvm.so, mask=11100100010111111101111111111110, flags=SA_RESTART|SA_SIGINFO
   SIGPIPE: javaSignalHandler in libjvm.so, mask=11100100010111111101111111111110, flags=SA_RESTART|SA_SIGINFO
   SIGXFSZ: javaSignalHandler in libjvm.so, mask=11100100010111111101111111111110, flags=SA_RESTART|SA_SIGINFO
    SIGILL: crash_handler in libjvm.so, mask=11100100010111111101111111111110, flags=SA_RESTART|SA_SIGINFO
   SIGUSR2: SR_handler in libjvm.so, mask=00100000000000000000000000000000, flags=SA_RESTART|SA_SIGINFO
    SIGHUP: UserHandler in libjvm.so, mask=11100100010111111101111111111110, flags=SA_RESTART|SA_SIGINFO
    SIGINT: UserHandler in libjvm.so, mask=11100100010111111101111111111110, flags=SA_RESTART|SA_SIGINFO
   SIGTERM: UserHandler in libjvm.so, mask=11100100010111111101111111111110, flags=SA_RESTART|SA_SIGINFO
   SIGQUIT: UserHandler in libjvm.so, mask=11100100010111111101111111111110, flags=SA_RESTART|SA_SIGINFO
  *** Handler was modified!
  *** Expected: javaSignalHandler in libjvm.so, mask=11100100110111111111111111111110, flags=SA_RESTART|SA_SIGINFO
   SIGTRAP: crash_handler in libjvm.so, mask=11100100010111111101111111111110, flags=SA_RESTART|SA_SIGINFO


---------------  S Y S T E M  ---------------

OS:
DISTRIB_ID=Ubuntu
DISTRIB_RELEASE=20.04
DISTRIB_CODENAME=focal
DISTRIB_DESCRIPTION="Ubuntu 20.04.5 LTS"
uname: Linux 5.15.0-56-generic #62~20.04.1-Ubuntu SMP Tue Nov 22 21:24:20 UTC 2022 x86_64
OS uptime: 0 days 8:51 hours
libc: glibc 2.31 NPTL 2.31 
rlimit (soft/hard): STACK 8192k/infinity , CORE 0k/infinity , NPROC 31362/31362 , NOFILE 1048576/1048576 , AS infinity/infinity , CPU infinity/infinity , DATA infinity/infinity , FSIZE infinity/infinity , MEMLOCK 65536k/65536k
load average: 0.28 0.36 0.29

/proc/meminfo:
MemTotal:        8105892 kB
MemFree:          209700 kB
MemAvailable:    1817904 kB
Buffers:           65784 kB
Cached:          1923604 kB
SwapCached:        48292 kB
Active:          1552460 kB
Inactive:        5084496 kB
Active(anon):     602608 kB
Inactive(anon):  4269700 kB
Active(file):     949852 kB
Inactive(file):   814796 kB
Unevictable:          16 kB
Mlocked:              16 kB
SwapTotal:       1190340 kB
SwapFree:         399060 kB
Dirty:               480 kB
Writeback:           204 kB
AnonPages:       4608576 kB
Mapped:          1174496 kB
Shmem:            226348 kB
KReclaimable:     128652 kB
Slab:             274020 kB
SReclaimable:     128652 kB
SUnreclaim:       145368 kB
KernelStack:       27368 kB
PageTables:        49964 kB
NFS_Unstable:          0 kB
Bounce:                0 kB
WritebackTmp:          0 kB
CommitLimit:     5243284 kB
Committed_AS:   11144808 kB
VmallocTotal:   34359738367 kB
VmallocUsed:       76400 kB
VmallocChunk:          0 kB
Percpu:           121856 kB
HardwareCorrupted:     0 kB
AnonHugePages:         0 kB
ShmemHugePages:        0 kB
ShmemPmdMapped:        0 kB
FileHugePages:         0 kB
FilePmdMapped:         0 kB
HugePages_Total:       0
HugePages_Free:        0
HugePages_Rsvd:        0
HugePages_Surp:        0
Hugepagesize:       2048 kB
Hugetlb:               0 kB
DirectMap4k:      413568 kB
DirectMap2M:     6926336 kB
DirectMap1G:     3145728 kB

/sys/kernel/mm/transparent_hugepage/enabled: always [madvise] never
/sys/kernel/mm/transparent_hugepage/defrag (defrag/compaction efforts parameter): always defer defer+madvise [madvise] never

Process Memory:
Virtual Size: 5183196K (peak: 5183196K)
Resident Set Size: 103292K (peak: 103292K) (anon: 45420K, file: 57872K, shmem: 0K)
Swapped out: 0K
C-Heap outstanding allocations: 42572K, retained: 2583K
glibc malloc tunables: (default)

/proc/sys/kernel/threads-max (system-wide limit on the number of threads): 62725
/proc/sys/vm/max_map_count (maximum number of memory map areas a process may have): 65530
/proc/sys/kernel/pid_max (system-wide limit on number of process identifiers): 4194304

container (cgroup) information:
container_type: cgroupv1
cpu_cpuset_cpus: 0-15
cpu_memory_nodes: 0
active_processor_count: 16
cpu_quota: no quota
cpu_period: 100000
cpu_shares: no shares
memory_limit_in_bytes: unlimited
memory_and_swap_limit_in_bytes: unlimited
memory_soft_limit_in_bytes: unlimited
memory_usage_in_bytes: 6250912 k
memory_max_usage_in_bytes: 6637600 k
maximum number of tasks: unlimited
current number of tasks: 1176

VMWare virtualization detected
Steal ticks since vm start: 0
Steal ticks percentage since vm start:  0.000

CPU: total 16 (initial active 16) (4 cores per cpu, 1 threads per core) family 25 model 80 stepping 0 microcode 0xffffffff, cx8, cmov, fxsr, mmx, sse, sse2, sse3, ssse3, sse4a, sse4.1, sse4.2, popcnt, lzcnt, tsc, tscinvbit, avx, avx2, aes, erms, clmul, bmi1, bmi2, adx, sha, fma, vzeroupper, clflush, clflushopt, hv
CPU Model and flags from /proc/cpuinfo:
model name	: AMD Ryzen 7 5800H with Radeon Graphics
flags		: fpu vme de pse tsc msr pae mce cx8 apic sep mtrr pge mca cmov pat pse36 clflush mmx fxsr sse sse2 ht syscall nx mmxext pdpe1gb rdtscp lm constant_tsc rep_good nopl tsc_reliable nonstop_tsc cpuid extd_apicid tsc_known_freq pni pclmulqdq ssse3 fma cx16 sse4_1 sse4_2 x2apic movbe popcnt aes xsave avx f16c rdrand hypervisor lahf_lm cmp_legacy cr8_legacy abm sse4a misalignsse 3dnowprefetch osvw topoext ibpb vmmcall fsgsbase bmi1 avx2 smep bmi2 erms invpcid rdseed adx smap clflushopt clwb sha_ni xsaveopt xsavec xgetbv1 xsaves clzero arat umip vaes vpclmulqdq rdpid overflow_recov succor fsrm

Online cpus: 0-15
Offline cpus: 16-127
BIOS frequency limitation: <Not Available>
Frequency switch latency (ns): <Not Available>
Available cpu frequencies: <Not Available>
Current governor: <Not Available>
Core performance/turbo boost: <Not Available>

Memory: 4k page, physical 8105892k(209448k free), swap 1190340k(399060k free)
Page Sizes: 4k

vm_info: OpenJDK 64-Bit Server VM (17.0.5+8-LTS) for linux-amd64 JRE (17.0.5+8-LTS), built on Oct 13 2022 05:01:28 by "jenkins" with gcc 7.3.1 20180303 (Red Hat 7.3.1-5)

END.
