#
# A fatal error has been detected by the Java Runtime Environment:
#
#  SIGSEGV (0xb) at pc=0x00007f0a8615b95d, pid=14857, tid=14862
#
# JRE version: OpenJDK Runtime Environment Corretto-17.0.5.8.1 (17.0.5+8) (build 17.0.5+8-LTS)
# Java VM: OpenJDK 64-Bit Server VM Corretto-17.0.5.8.1 (17.0.5+8-LTS, mixed mode, sharing, tiered, compressed oops, compressed class ptrs, g1 gc, linux-amd64)
# Problematic frame:
# C  [libLLVM-13.so+0xc2f95d]  LLVMBuildICmp+0x3d
#
# Core dump will be written. Default location: Core dumps may be processed with "/usr/share/apport/apport -p%p -s%s -c%c -d%d -P%P -u%u -g%g -- %E" (or dumping to /home/zhangfengming/Desktop/Lab/core.14857)
#
# If you would like to submit a bug report, please visit:
#   https://github.com/corretto/corretto-17/issues/
# The crash happened outside the Java Virtual Machine in native code.
# See problematic frame for where to report the bug.
#

---------------  S U M M A R Y ------------

Command Line: -javaagent:/home/zhangfengming/idea-IU-223.8214.52/lib/idea_rt.jar=41861:/home/zhangfengming/idea-IU-223.8214.52/bin -Dfile.encoding=UTF-8 Main

Host: AMD Ryzen 7 5800H with Radeon Graphics, 16 cores, 7G, Ubuntu 20.04.5 LTS
Time: Tue Dec 27 23:10:56 2022 CST elapsed time: 0.331555 seconds (0d 0h 0m 0s)

---------------  T H R E A D  ---------------

Current thread (0x00007f0b04027ae0):  JavaThread "main" [_thread_in_native, id=14862, stack(0x00007f0b0b07c000,0x00007f0b0b17d000)]

Stack: [0x00007f0b0b07c000,0x00007f0b0b17d000],  sp=0x00007f0b0b17aac0,  free space=1018k
Native frames: (J=compiled Java code, j=interpreted, Vv=VM code, C=native code)
C  [libLLVM-13.so+0xc2f95d]  LLVMBuildICmp+0x3d

Java frames: (J=compiled Java code, j=interpreted, Vv=VM code)
j  org.bytedeco.llvm.global.LLVM.LLVMBuildICmp(Lorg/bytedeco/llvm/LLVM/LLVMBuilderRef;ILorg/bytedeco/llvm/LLVM/LLVMValueRef;Lorg/bytedeco/llvm/LLVM/LLVMValueRef;Ljava/lang/String;)Lorg/bytedeco/llvm/LLVM/LLVMValueRef;+0
j  MyVisitor.visitUnary(LSysYParser$UnaryContext;)Lorg/bytedeco/llvm/LLVM/LLVMValueRef;+43
j  MyVisitor.visitUnary(LSysYParser$UnaryContext;)Ljava/lang/Object;+2
j  SysYParser$UnaryContext.accept(Lorg/antlr/v4/runtime/tree/ParseTreeVisitor;)Ljava/lang/Object;+12
j  org.antlr.v4.runtime.tree.AbstractParseTreeVisitor.visit(Lorg/antlr/v4/runtime/tree/ParseTree;)Ljava/lang/Object;+2
j  MyVisitor.visit(Lorg/antlr/v4/runtime/tree/ParseTree;)Lorg/bytedeco/llvm/LLVM/LLVMValueRef;+2
j  MyVisitor.visitReturnStmt(LSysYParser$ReturnStmtContext;)Lorg/bytedeco/llvm/LLVM/LLVMValueRef;+5
j  MyVisitor.visitReturnStmt(LSysYParser$ReturnStmtContext;)Ljava/lang/Object;+2
j  SysYParser$ReturnStmtContext.accept(Lorg/antlr/v4/runtime/tree/ParseTreeVisitor;)Ljava/lang/Object;+12
j  org.antlr.v4.runtime.tree.AbstractParseTreeVisitor.visitChildren(Lorg/antlr/v4/runtime/tree/RuleNode;)Ljava/lang/Object;+46
j  SysYParserBaseVisitor.visitBlockItem(LSysYParser$BlockItemContext;)Ljava/lang/Object;+2
j  SysYParser$BlockItemContext.accept(Lorg/antlr/v4/runtime/tree/ParseTreeVisitor;)Ljava/lang/Object;+12
j  org.antlr.v4.runtime.tree.AbstractParseTreeVisitor.visitChildren(Lorg/antlr/v4/runtime/tree/RuleNode;)Ljava/lang/Object;+46
j  SysYParserBaseVisitor.visitBlock(LSysYParser$BlockContext;)Ljava/lang/Object;+2
j  SysYParser$BlockContext.accept(Lorg/antlr/v4/runtime/tree/ParseTreeVisitor;)Ljava/lang/Object;+12
j  org.antlr.v4.runtime.tree.AbstractParseTreeVisitor.visitChildren(Lorg/antlr/v4/runtime/tree/RuleNode;)Ljava/lang/Object;+46
j  MyVisitor.visitFuncDef(LSysYParser$FuncDefContext;)Lorg/bytedeco/llvm/LLVM/LLVMValueRef;+48
j  MyVisitor.visitFuncDef(LSysYParser$FuncDefContext;)Ljava/lang/Object;+2
j  SysYParser$FuncDefContext.accept(Lorg/antlr/v4/runtime/tree/ParseTreeVisitor;)Ljava/lang/Object;+12
j  org.antlr.v4.runtime.tree.AbstractParseTreeVisitor.visitChildren(Lorg/antlr/v4/runtime/tree/RuleNode;)Ljava/lang/Object;+46
j  SysYParserBaseVisitor.visitCompUnit(LSysYParser$CompUnitContext;)Ljava/lang/Object;+2
j  MyVisitor.visitCompUnit(LSysYParser$CompUnitContext;)Lorg/bytedeco/llvm/LLVM/LLVMValueRef;+2
j  MyVisitor.visitCompUnit(LSysYParser$CompUnitContext;)Ljava/lang/Object;+2
j  SysYParser$CompUnitContext.accept(Lorg/antlr/v4/runtime/tree/ParseTreeVisitor;)Ljava/lang/Object;+12
j  org.antlr.v4.runtime.tree.AbstractParseTreeVisitor.visitChildren(Lorg/antlr/v4/runtime/tree/RuleNode;)Ljava/lang/Object;+46
j  SysYParserBaseVisitor.visitProgram(LSysYParser$ProgramContext;)Ljava/lang/Object;+2
j  MyVisitor.visitProgram(LSysYParser$ProgramContext;)Lorg/bytedeco/llvm/LLVM/LLVMValueRef;+2
j  MyVisitor.visitProgram(LSysYParser$ProgramContext;)Ljava/lang/Object;+2
j  SysYParser$ProgramContext.accept(Lorg/antlr/v4/runtime/tree/ParseTreeVisitor;)Ljava/lang/Object;+12
j  org.antlr.v4.runtime.tree.AbstractParseTreeVisitor.visit(Lorg/antlr/v4/runtime/tree/ParseTree;)Ljava/lang/Object;+2
j  MyVisitor.visit(Lorg/antlr/v4/runtime/tree/ParseTree;)Lorg/bytedeco/llvm/LLVM/LLVMValueRef;+2
j  Main.main([Ljava/lang/String;)V+58
v  ~StubRoutines::call_stub

siginfo: si_signo: 11 (SIGSEGV), si_code: 1 (SEGV_MAPERR), si_addr: 0x0000000000000010

Register to memory mapping:

RAX=0x00007f0b04505ef0 points into unknown readable memory: 0x000000005f706d74 | 74 6d 70 5f 00 00 00 00
RBX=0x00007f0b044dae80 points into unknown readable memory: 0x00007f0b044dae90 | 90 ae 4d 04 0b 7f 00 00
RCX=0x0 is NULL
RDX=0x0000000000000101 is an unknown value
RSP=0x00007f0b0b17aac0 is pointing into the stack for thread: 0x00007f0b04027ae0
RBP=0x00007f0b04505d50 points into unknown readable memory: 0x00007f0b045000f8 | f8 00 50 04 0b 7f 00 00
RSI=0x0000000000000021 is an unknown value
RDI=0x00007f0b044dae80 points into unknown readable memory: 0x00007f0b044dae90 | 90 ae 4d 04 0b 7f 00 00
R8 =0x00007f0b04505ef0 points into unknown readable memory: 0x000000005f706d74 | 74 6d 70 5f 00 00 00 00
R9 =0x0000000000000002 is an unknown value
R10=0xfffffffffffff55a is an unknown value
R11=0x00007f0a8615b920: LLVMBuildICmp+0x0000000000000000 in /home/zhangfengming/.javacpp/cache/llvm-13.0.1-1.5.7-linux-x86_64.jar/org/bytedeco/llvm/linux-x86_64/libLLVM-13.so at 0x00007f0a8552c000
R12=0x00007f0b0b17ac50 is pointing into the stack for thread: 0x00007f0b04027ae0
R13=0x0000000000000021 is an unknown value
R14=0x0 is NULL
R15=0x00007f0b044dae80 points into unknown readable memory: 0x00007f0b044dae90 | 90 ae 4d 04 0b 7f 00 00


Registers:
RAX=0x00007f0b04505ef0, RBX=0x00007f0b044dae80, RCX=0x0000000000000000, RDX=0x0000000000000101
RSP=0x00007f0b0b17aac0, RBP=0x00007f0b04505d50, RSI=0x0000000000000021, RDI=0x00007f0b044dae80
R8 =0x00007f0b04505ef0, R9 =0x0000000000000002, R10=0xfffffffffffff55a, R11=0x00007f0a8615b920
R12=0x00007f0b0b17ac50, R13=0x0000000000000021, R14=0x0000000000000000, R15=0x00007f0b044dae80
RIP=0x00007f0a8615b95d, EFLAGS=0x0000000000010283, CSGSFS=0x002b000000000033, ERR=0x0000000000000004
  TRAPNO=0x000000000000000e

Top of Stack: (sp=0x00007f0b0b17aac0)
0x00007f0b0b17aac0:   00007f0b04505ef0 00007f0b04505ef0
0x00007f0b0b17aad0:   00007f0b04027ae0 0000000000000000
0x00007f0b0b17aae0:   00007f0b044d0103 00007f0b0c9a3299
0x00007f0b0b17aaf0:   0000000000000005 0000000000000004 

Instructions: (pc=0x00007f0a8615b95d)
0x00007f0a8615b85d:   33 4c 89 e7 48 83 c3 10 e8 d6 e5 0d 00 48 39 dd
0x00007f0a8615b86d:   75 e9 48 83 c4 60 4c 89 e0 5b 5d 41 5c c3 0f 1f
0x00007f0a8615b87d:   44 00 00 b8 01 01 00 00 48 8d 54 24 30 31 c9 66
0x00007f0a8615b88d:   89 44 24 50 e8 9a 8e 09 00 48 8b 7d 50 48 8b 4d
0x00007f0a8615b89d:   30 48 89 e2 49 89 c4 4c 8b 45 38 48 8b 07 4c 89
0x00007f0a8615b8ad:   e6 ff 50 10 48 8b 5d 00 8b 6d 08 48 c1 e5 04 48
0x00007f0a8615b8bd:   01 dd 48 39 eb 74 ab 0f 1f 40 00 48 8b 53 08 8b
0x00007f0a8615b8cd:   33 4c 89 e7 48 83 c3 10 e8 66 e5 0d 00 48 39 dd
0x00007f0a8615b8dd:   75 e9 48 83 c4 60 4c 89 e0 5b 5d 41 5c c3 0f 1f
0x00007f0a8615b8ed:   44 00 00 48 89 f2 48 89 fe 4c 89 c7 ff d0 49 89
0x00007f0a8615b8fd:   c4 e9 1f ff ff ff 0f 1f 44 00 00 48 83 c4 60 49
0x00007f0a8615b90d:   89 fc 4c 89 e0 5b 5d 41 5c c3 66 0f 1f 84 00 00
0x00007f0a8615b91d:   00 00 00 41 57 41 56 49 89 ce 41 55 41 89 f5 41
0x00007f0a8615b92d:   54 55 48 89 d5 ba 01 01 00 00 53 48 89 fb 48 83
0x00007f0a8615b93d:   ec 68 41 80 38 00 66 89 54 24 20 74 09 4c 89 04
0x00007f0a8615b94d:   24 c6 44 24 20 03 80 7d 10 12 0f 87 a3 00 00 00
0x00007f0a8615b95d:   41 80 7e 10 12 0f 87 98 00 00 00 48 8b 7b 48 48
0x00007f0a8615b96d:   8d 15 bd b1 f9 ff 48 8b 07 48 8b 80 50 01 00 00
0x00007f0a8615b97d:   48 39 d0 0f 85 3a 01 00 00 41 0f b7 fd 31 c9 4c
0x00007f0a8615b98d:   89 f2 48 89 ee e8 29 ba fe ff 49 89 c4 41 80 7c
0x00007f0a8615b99d:   24 10 19 76 45 48 8b 7b 50 48 8b 4b 30 48 89 e2
0x00007f0a8615b9ad:   4c 89 e6 4c 8b 43 38 48 8b 07 ff 50 10 8b 6b 08
0x00007f0a8615b9bd:   48 8b 03 48 c1 e5 04 48 01 c5 48 39 e8 74 1b 48
0x00007f0a8615b9cd:   89 c3 90 48 8b 53 08 8b 33 4c 89 e7 48 83 c3 10
0x00007f0a8615b9dd:   e8 5e e4 0d 00 48 39 dd 75 e9 48 83 c4 68 4c 89
0x00007f0a8615b9ed:   e0 5b 5d 41 5c 41 5d 41 5e 41 5f c3 0f 1f 80 00
0x00007f0a8615b9fd:   00 00 00 b8 01 01 00 00 be 02 00 00 00 bf 40 00
0x00007f0a8615ba0d:   00 00 66 89 44 24 50 e8 67 d9 12 00 49 89 c4 48
0x00007f0a8615ba1d:   8b 45 00 0f b6 50 08 83 fa 12 0f 84 d3 00 00 00
0x00007f0a8615ba2d:   48 8b 38 83 fa 13 0f 84 9f 00 00 00 e8 f2 f6 11
0x00007f0a8615ba3d:   00 48 89 c6 48 83 ec 08 49 89 e8 4d 89 f1 44 89
0x00007f0a8615ba4d:   e9 6a 00 ba 35 00 00 00 4c 89 e7 6a 00 48 8d 44 


Stack slot to memory mapping:
stack at sp + 0 slots: 0x00007f0b04505ef0 points into unknown readable memory: 0x000000005f706d74 | 74 6d 70 5f 00 00 00 00
stack at sp + 1 slots: 0x00007f0b04505ef0 points into unknown readable memory: 0x000000005f706d74 | 74 6d 70 5f 00 00 00 00
stack at sp + 2 slots: 0x00007f0b04027ae0 is a thread
stack at sp + 3 slots: 0x0 is NULL
stack at sp + 4 slots: 0x00007f0b044d0103 points into unknown readable memory: 04 0b 7f 00 00
stack at sp + 5 slots: 0x00007f0b0c9a3299: __libc_malloc+0x00000000000001b9 in /lib/x86_64-linux-gnu/libc.so.6 at 0x00007f0b0c909000
stack at sp + 6 slots: 0x0000000000000005 is an unknown value
stack at sp + 7 slots: 0x0000000000000004 is an unknown value


---------------  P R O C E S S  ---------------

Threads class SMR info:
_java_thread_list=0x00007f0b0446cbf0, length=15, elements={
0x00007f0b04027ae0, 0x00007f0b04151200, 0x00007f0b041525e0, 0x00007f0b04158a30,
0x00007f0b04159de0, 0x00007f0b0415b1f0, 0x00007f0b0415cc20, 0x00007f0b0415e150,
0x00007f0b0415f5c0, 0x00007f0b0416ae10, 0x00007f0aac06de00, 0x00007f0aa80014b0,
0x00007f0b041d72a0, 0x00007f0b042fa1a0, 0x00007f0b0446c260
}

Java Threads: ( => current thread )
=>0x00007f0b04027ae0 JavaThread "main" [_thread_in_native, id=14862, stack(0x00007f0b0b07c000,0x00007f0b0b17d000)]
  0x00007f0b04151200 JavaThread "Reference Handler" daemon [_thread_blocked, id=14878, stack(0x00007f0ae9021000,0x00007f0ae9122000)]
  0x00007f0b041525e0 JavaThread "Finalizer" daemon [_thread_blocked, id=14879, stack(0x00007f0ae8430000,0x00007f0ae8531000)]
  0x00007f0b04158a30 JavaThread "Signal Dispatcher" daemon [_thread_blocked, id=14880, stack(0x00007f0ae832f000,0x00007f0ae8430000)]
  0x00007f0b04159de0 JavaThread "Service Thread" daemon [_thread_blocked, id=14881, stack(0x00007f0ae822e000,0x00007f0ae832f000)]
  0x00007f0b0415b1f0 JavaThread "Monitor Deflation Thread" daemon [_thread_blocked, id=14882, stack(0x00007f0ae812d000,0x00007f0ae822e000)]
  0x00007f0b0415cc20 JavaThread "C2 CompilerThread0" daemon [_thread_in_native, id=14884, stack(0x00007f0ae802c000,0x00007f0ae812d000)]
  0x00007f0b0415e150 JavaThread "C1 CompilerThread0" daemon [_thread_blocked, id=14885, stack(0x00007f0ad9121000,0x00007f0ad9222000)]
  0x00007f0b0415f5c0 JavaThread "Sweeper thread" daemon [_thread_blocked, id=14886, stack(0x00007f0ad9020000,0x00007f0ad9121000)]
  0x00007f0b0416ae10 JavaThread "Common-Cleaner" daemon [_thread_blocked, id=14892, stack(0x00007f0ad8f1f000,0x00007f0ad9020000)]
  0x00007f0aac06de00 JavaThread "C1 CompilerThread1" daemon [_thread_blocked, id=14893, stack(0x00007f0ad8e1e000,0x00007f0ad8f1f000)]
  0x00007f0aa80014b0 JavaThread "C1 CompilerThread2" daemon [_thread_blocked, id=14894, stack(0x00007f0ad8d1d000,0x00007f0ad8e1e000)]
  0x00007f0b041d72a0 JavaThread "Monitor Ctrl-Break" daemon [_thread_in_native, id=14895, stack(0x00007f0ad85d7000,0x00007f0ad86d8000)]
  0x00007f0b042fa1a0 JavaThread "Notification Thread" daemon [_thread_blocked, id=14896, stack(0x00007f0ad84d6000,0x00007f0ad85d7000)]
  0x00007f0b0446c260 JavaThread "JavaCPP Deallocator" daemon [_thread_blocked, id=14899, stack(0x00007f0ad80d0000,0x00007f0ad81d1000)]

Other Threads:
  0x00007f0b0414d150 VMThread "VM Thread" [stack: 0x00007f0ae9124000,0x00007f0ae9224000] [id=14877]
  0x00007f0b040296c0 WatcherThread [stack: 0x00007f0ad83d6000,0x00007f0ad84d6000] [id=14897]
  0x00007f0b040827e0 GCTaskThread "GC Thread#0" [stack: 0x00007f0b08dd1000,0x00007f0b08ed1000] [id=14866]
  0x00007f0b04093580 ConcurrentGCThread "G1 Main Marker" [stack: 0x00007f0b08ccf000,0x00007f0b08dcf000] [id=14867]
  0x00007f0b040944e0 ConcurrentGCThread "G1 Conc#0" [stack: 0x00007f0b08bcd000,0x00007f0b08ccd000] [id=14868]
  0x00007f0b0411f5a0 ConcurrentGCThread "G1 Refine#0" [stack: 0x00007f0ae93a9000,0x00007f0ae94a9000] [id=14869]
  0x00007f0b04120490 ConcurrentGCThread "G1 Service" [stack: 0x00007f0ae92a7000,0x00007f0ae93a7000] [id=14870]

Threads with active compile tasks:
C2 CompilerThread0      336  720   !   4       java.util.zip.ZipFile::getEntry (59 bytes)

VM state: not at safepoint (normal execution)

VM Mutex/Monitor currently owned by a thread: None

Heap address: 0x0000000084400000, size: 1980 MB, Compressed Oops mode: 32-bit

CDS archive(s) mapped at: [0x0000000800000000-0x0000000800be1000-0x0000000800be1000), size 12455936, SharedBaseAddress: 0x0000000800000000, ArchiveRelocationMode: 0.
Compressed class space mapped at: 0x0000000800c00000-0x0000000840c00000, reserved size: 1073741824
Narrow klass base: 0x0000000800000000, Narrow klass shift: 0, Narrow klass range: 0x100000000

GC Precious Log:
 CPUs: 16 total, 16 available
 Memory: 7915M
 Large Page Support: Disabled
 NUMA Support: Disabled
 Compressed Oops: Enabled (32-bit)
 Heap Region Size: 1M
 Heap Min Capacity: 8M
 Heap Initial Capacity: 124M
 Heap Max Capacity: 1980M
 Pre-touch: Disabled
 Parallel Workers: 13
 Concurrent Workers: 3
 Concurrent Refinement Workers: 13
 Periodic GC: Disabled

Heap:
 garbage-first heap   total 129024K, used 15328K [0x0000000084400000, 0x0000000100000000)
  region size 1024K, 16 young (16384K), 0 survivors (0K)
 Metaspace       used 3597K, committed 3776K, reserved 1056768K
  class space    used 402K, committed 512K, reserved 1048576K

Heap Regions: E=young(eden), S=young(survivor), O=old, HS=humongous(starts), HC=humongous(continues), CS=collection set, F=free, OA=open archive, CA=closed archive, TAMS=top-at-mark-start (previous, next)
|   0|0x0000000084400000, 0x0000000084400000, 0x0000000084500000|  0%| F|  |TAMS 0x0000000084400000, 0x0000000084400000| Untracked 
|   1|0x0000000084500000, 0x0000000084500000, 0x0000000084600000|  0%| F|  |TAMS 0x0000000084500000, 0x0000000084500000| Untracked 
|   2|0x0000000084600000, 0x0000000084600000, 0x0000000084700000|  0%| F|  |TAMS 0x0000000084600000, 0x0000000084600000| Untracked 
|   3|0x0000000084700000, 0x0000000084700000, 0x0000000084800000|  0%| F|  |TAMS 0x0000000084700000, 0x0000000084700000| Untracked 
|   4|0x0000000084800000, 0x0000000084800000, 0x0000000084900000|  0%| F|  |TAMS 0x0000000084800000, 0x0000000084800000| Untracked 
|   5|0x0000000084900000, 0x0000000084900000, 0x0000000084a00000|  0%| F|  |TAMS 0x0000000084900000, 0x0000000084900000| Untracked 
|   6|0x0000000084a00000, 0x0000000084a00000, 0x0000000084b00000|  0%| F|  |TAMS 0x0000000084a00000, 0x0000000084a00000| Untracked 
|   7|0x0000000084b00000, 0x0000000084b00000, 0x0000000084c00000|  0%| F|  |TAMS 0x0000000084b00000, 0x0000000084b00000| Untracked 
|   8|0x0000000084c00000, 0x0000000084c00000, 0x0000000084d00000|  0%| F|  |TAMS 0x0000000084c00000, 0x0000000084c00000| Untracked 
|   9|0x0000000084d00000, 0x0000000084d00000, 0x0000000084e00000|  0%| F|  |TAMS 0x0000000084d00000, 0x0000000084d00000| Untracked 
|  10|0x0000000084e00000, 0x0000000084e00000, 0x0000000084f00000|  0%| F|  |TAMS 0x0000000084e00000, 0x0000000084e00000| Untracked 
|  11|0x0000000084f00000, 0x0000000084f00000, 0x0000000085000000|  0%| F|  |TAMS 0x0000000084f00000, 0x0000000084f00000| Untracked 
|  12|0x0000000085000000, 0x0000000085000000, 0x0000000085100000|  0%| F|  |TAMS 0x0000000085000000, 0x0000000085000000| Untracked 
|  13|0x0000000085100000, 0x0000000085100000, 0x0000000085200000|  0%| F|  |TAMS 0x0000000085100000, 0x0000000085100000| Untracked 
|  14|0x0000000085200000, 0x0000000085200000, 0x0000000085300000|  0%| F|  |TAMS 0x0000000085200000, 0x0000000085200000| Untracked 
|  15|0x0000000085300000, 0x0000000085300000, 0x0000000085400000|  0%| F|  |TAMS 0x0000000085300000, 0x0000000085300000| Untracked 
|  16|0x0000000085400000, 0x0000000085400000, 0x0000000085500000|  0%| F|  |TAMS 0x0000000085400000, 0x0000000085400000| Untracked 
|  17|0x0000000085500000, 0x0000000085500000, 0x0000000085600000|  0%| F|  |TAMS 0x0000000085500000, 0x0000000085500000| Untracked 
|  18|0x0000000085600000, 0x0000000085600000, 0x0000000085700000|  0%| F|  |TAMS 0x0000000085600000, 0x0000000085600000| Untracked 
|  19|0x0000000085700000, 0x0000000085700000, 0x0000000085800000|  0%| F|  |TAMS 0x0000000085700000, 0x0000000085700000| Untracked 
|  20|0x0000000085800000, 0x0000000085800000, 0x0000000085900000|  0%| F|  |TAMS 0x0000000085800000, 0x0000000085800000| Untracked 
|  21|0x0000000085900000, 0x0000000085900000, 0x0000000085a00000|  0%| F|  |TAMS 0x0000000085900000, 0x0000000085900000| Untracked 
|  22|0x0000000085a00000, 0x0000000085a00000, 0x0000000085b00000|  0%| F|  |TAMS 0x0000000085a00000, 0x0000000085a00000| Untracked 
|  23|0x0000000085b00000, 0x0000000085b00000, 0x0000000085c00000|  0%| F|  |TAMS 0x0000000085b00000, 0x0000000085b00000| Untracked 
|  24|0x0000000085c00000, 0x0000000085c00000, 0x0000000085d00000|  0%| F|  |TAMS 0x0000000085c00000, 0x0000000085c00000| Untracked 
|  25|0x0000000085d00000, 0x0000000085d00000, 0x0000000085e00000|  0%| F|  |TAMS 0x0000000085d00000, 0x0000000085d00000| Untracked 
|  26|0x0000000085e00000, 0x0000000085e00000, 0x0000000085f00000|  0%| F|  |TAMS 0x0000000085e00000, 0x0000000085e00000| Untracked 
|  27|0x0000000085f00000, 0x0000000085f00000, 0x0000000086000000|  0%| F|  |TAMS 0x0000000085f00000, 0x0000000085f00000| Untracked 
|  28|0x0000000086000000, 0x0000000086000000, 0x0000000086100000|  0%| F|  |TAMS 0x0000000086000000, 0x0000000086000000| Untracked 
|  29|0x0000000086100000, 0x0000000086100000, 0x0000000086200000|  0%| F|  |TAMS 0x0000000086100000, 0x0000000086100000| Untracked 
|  30|0x0000000086200000, 0x0000000086200000, 0x0000000086300000|  0%| F|  |TAMS 0x0000000086200000, 0x0000000086200000| Untracked 
|  31|0x0000000086300000, 0x0000000086300000, 0x0000000086400000|  0%| F|  |TAMS 0x0000000086300000, 0x0000000086300000| Untracked 
|  32|0x0000000086400000, 0x0000000086400000, 0x0000000086500000|  0%| F|  |TAMS 0x0000000086400000, 0x0000000086400000| Untracked 
|  33|0x0000000086500000, 0x0000000086500000, 0x0000000086600000|  0%| F|  |TAMS 0x0000000086500000, 0x0000000086500000| Untracked 
|  34|0x0000000086600000, 0x0000000086600000, 0x0000000086700000|  0%| F|  |TAMS 0x0000000086600000, 0x0000000086600000| Untracked 
|  35|0x0000000086700000, 0x0000000086700000, 0x0000000086800000|  0%| F|  |TAMS 0x0000000086700000, 0x0000000086700000| Untracked 
|  36|0x0000000086800000, 0x0000000086800000, 0x0000000086900000|  0%| F|  |TAMS 0x0000000086800000, 0x0000000086800000| Untracked 
|  37|0x0000000086900000, 0x0000000086900000, 0x0000000086a00000|  0%| F|  |TAMS 0x0000000086900000, 0x0000000086900000| Untracked 
|  38|0x0000000086a00000, 0x0000000086a00000, 0x0000000086b00000|  0%| F|  |TAMS 0x0000000086a00000, 0x0000000086a00000| Untracked 
|  39|0x0000000086b00000, 0x0000000086b00000, 0x0000000086c00000|  0%| F|  |TAMS 0x0000000086b00000, 0x0000000086b00000| Untracked 
|  40|0x0000000086c00000, 0x0000000086c00000, 0x0000000086d00000|  0%| F|  |TAMS 0x0000000086c00000, 0x0000000086c00000| Untracked 
|  41|0x0000000086d00000, 0x0000000086d00000, 0x0000000086e00000|  0%| F|  |TAMS 0x0000000086d00000, 0x0000000086d00000| Untracked 
|  42|0x0000000086e00000, 0x0000000086e00000, 0x0000000086f00000|  0%| F|  |TAMS 0x0000000086e00000, 0x0000000086e00000| Untracked 
|  43|0x0000000086f00000, 0x0000000086f00000, 0x0000000087000000|  0%| F|  |TAMS 0x0000000086f00000, 0x0000000086f00000| Untracked 
|  44|0x0000000087000000, 0x0000000087000000, 0x0000000087100000|  0%| F|  |TAMS 0x0000000087000000, 0x0000000087000000| Untracked 
|  45|0x0000000087100000, 0x0000000087100000, 0x0000000087200000|  0%| F|  |TAMS 0x0000000087100000, 0x0000000087100000| Untracked 
|  46|0x0000000087200000, 0x0000000087200000, 0x0000000087300000|  0%| F|  |TAMS 0x0000000087200000, 0x0000000087200000| Untracked 
|  47|0x0000000087300000, 0x0000000087300000, 0x0000000087400000|  0%| F|  |TAMS 0x0000000087300000, 0x0000000087300000| Untracked 
|  48|0x0000000087400000, 0x0000000087400000, 0x0000000087500000|  0%| F|  |TAMS 0x0000000087400000, 0x0000000087400000| Untracked 
|  49|0x0000000087500000, 0x0000000087500000, 0x0000000087600000|  0%| F|  |TAMS 0x0000000087500000, 0x0000000087500000| Untracked 
|  50|0x0000000087600000, 0x0000000087600000, 0x0000000087700000|  0%| F|  |TAMS 0x0000000087600000, 0x0000000087600000| Untracked 
|  51|0x0000000087700000, 0x0000000087700000, 0x0000000087800000|  0%| F|  |TAMS 0x0000000087700000, 0x0000000087700000| Untracked 
|  52|0x0000000087800000, 0x0000000087800000, 0x0000000087900000|  0%| F|  |TAMS 0x0000000087800000, 0x0000000087800000| Untracked 
|  53|0x0000000087900000, 0x0000000087900000, 0x0000000087a00000|  0%| F|  |TAMS 0x0000000087900000, 0x0000000087900000| Untracked 
|  54|0x0000000087a00000, 0x0000000087a00000, 0x0000000087b00000|  0%| F|  |TAMS 0x0000000087a00000, 0x0000000087a00000| Untracked 
|  55|0x0000000087b00000, 0x0000000087b00000, 0x0000000087c00000|  0%| F|  |TAMS 0x0000000087b00000, 0x0000000087b00000| Untracked 
|  56|0x0000000087c00000, 0x0000000087c00000, 0x0000000087d00000|  0%| F|  |TAMS 0x0000000087c00000, 0x0000000087c00000| Untracked 
|  57|0x0000000087d00000, 0x0000000087d00000, 0x0000000087e00000|  0%| F|  |TAMS 0x0000000087d00000, 0x0000000087d00000| Untracked 
|  58|0x0000000087e00000, 0x0000000087e00000, 0x0000000087f00000|  0%| F|  |TAMS 0x0000000087e00000, 0x0000000087e00000| Untracked 
|  59|0x0000000087f00000, 0x0000000087f00000, 0x0000000088000000|  0%| F|  |TAMS 0x0000000087f00000, 0x0000000087f00000| Untracked 
|  60|0x0000000088000000, 0x0000000088000000, 0x0000000088100000|  0%| F|  |TAMS 0x0000000088000000, 0x0000000088000000| Untracked 
|  61|0x0000000088100000, 0x0000000088100000, 0x0000000088200000|  0%| F|  |TAMS 0x0000000088100000, 0x0000000088100000| Untracked 
|  62|0x0000000088200000, 0x0000000088200000, 0x0000000088300000|  0%| F|  |TAMS 0x0000000088200000, 0x0000000088200000| Untracked 
|  63|0x0000000088300000, 0x0000000088300000, 0x0000000088400000|  0%| F|  |TAMS 0x0000000088300000, 0x0000000088300000| Untracked 
|  64|0x0000000088400000, 0x0000000088400000, 0x0000000088500000|  0%| F|  |TAMS 0x0000000088400000, 0x0000000088400000| Untracked 
|  65|0x0000000088500000, 0x0000000088500000, 0x0000000088600000|  0%| F|  |TAMS 0x0000000088500000, 0x0000000088500000| Untracked 
|  66|0x0000000088600000, 0x0000000088600000, 0x0000000088700000|  0%| F|  |TAMS 0x0000000088600000, 0x0000000088600000| Untracked 
|  67|0x0000000088700000, 0x0000000088700000, 0x0000000088800000|  0%| F|  |TAMS 0x0000000088700000, 0x0000000088700000| Untracked 
|  68|0x0000000088800000, 0x0000000088800000, 0x0000000088900000|  0%| F|  |TAMS 0x0000000088800000, 0x0000000088800000| Untracked 
|  69|0x0000000088900000, 0x0000000088900000, 0x0000000088a00000|  0%| F|  |TAMS 0x0000000088900000, 0x0000000088900000| Untracked 
|  70|0x0000000088a00000, 0x0000000088a00000, 0x0000000088b00000|  0%| F|  |TAMS 0x0000000088a00000, 0x0000000088a00000| Untracked 
|  71|0x0000000088b00000, 0x0000000088b00000, 0x0000000088c00000|  0%| F|  |TAMS 0x0000000088b00000, 0x0000000088b00000| Untracked 
|  72|0x0000000088c00000, 0x0000000088c00000, 0x0000000088d00000|  0%| F|  |TAMS 0x0000000088c00000, 0x0000000088c00000| Untracked 
|  73|0x0000000088d00000, 0x0000000088d00000, 0x0000000088e00000|  0%| F|  |TAMS 0x0000000088d00000, 0x0000000088d00000| Untracked 
|  74|0x0000000088e00000, 0x0000000088e00000, 0x0000000088f00000|  0%| F|  |TAMS 0x0000000088e00000, 0x0000000088e00000| Untracked 
|  75|0x0000000088f00000, 0x0000000088f00000, 0x0000000089000000|  0%| F|  |TAMS 0x0000000088f00000, 0x0000000088f00000| Untracked 
|  76|0x0000000089000000, 0x0000000089000000, 0x0000000089100000|  0%| F|  |TAMS 0x0000000089000000, 0x0000000089000000| Untracked 
|  77|0x0000000089100000, 0x0000000089100000, 0x0000000089200000|  0%| F|  |TAMS 0x0000000089100000, 0x0000000089100000| Untracked 
|  78|0x0000000089200000, 0x0000000089200000, 0x0000000089300000|  0%| F|  |TAMS 0x0000000089200000, 0x0000000089200000| Untracked 
|  79|0x0000000089300000, 0x0000000089300000, 0x0000000089400000|  0%| F|  |TAMS 0x0000000089300000, 0x0000000089300000| Untracked 
|  80|0x0000000089400000, 0x0000000089400000, 0x0000000089500000|  0%| F|  |TAMS 0x0000000089400000, 0x0000000089400000| Untracked 
|  81|0x0000000089500000, 0x0000000089500000, 0x0000000089600000|  0%| F|  |TAMS 0x0000000089500000, 0x0000000089500000| Untracked 
|  82|0x0000000089600000, 0x0000000089600000, 0x0000000089700000|  0%| F|  |TAMS 0x0000000089600000, 0x0000000089600000| Untracked 
|  83|0x0000000089700000, 0x0000000089700000, 0x0000000089800000|  0%| F|  |TAMS 0x0000000089700000, 0x0000000089700000| Untracked 
|  84|0x0000000089800000, 0x0000000089800000, 0x0000000089900000|  0%| F|  |TAMS 0x0000000089800000, 0x0000000089800000| Untracked 
|  85|0x0000000089900000, 0x0000000089900000, 0x0000000089a00000|  0%| F|  |TAMS 0x0000000089900000, 0x0000000089900000| Untracked 
|  86|0x0000000089a00000, 0x0000000089a00000, 0x0000000089b00000|  0%| F|  |TAMS 0x0000000089a00000, 0x0000000089a00000| Untracked 
|  87|0x0000000089b00000, 0x0000000089b00000, 0x0000000089c00000|  0%| F|  |TAMS 0x0000000089b00000, 0x0000000089b00000| Untracked 
|  88|0x0000000089c00000, 0x0000000089c00000, 0x0000000089d00000|  0%| F|  |TAMS 0x0000000089c00000, 0x0000000089c00000| Untracked 
|  89|0x0000000089d00000, 0x0000000089d00000, 0x0000000089e00000|  0%| F|  |TAMS 0x0000000089d00000, 0x0000000089d00000| Untracked 
|  90|0x0000000089e00000, 0x0000000089e00000, 0x0000000089f00000|  0%| F|  |TAMS 0x0000000089e00000, 0x0000000089e00000| Untracked 
|  91|0x0000000089f00000, 0x0000000089f00000, 0x000000008a000000|  0%| F|  |TAMS 0x0000000089f00000, 0x0000000089f00000| Untracked 
|  92|0x000000008a000000, 0x000000008a000000, 0x000000008a100000|  0%| F|  |TAMS 0x000000008a000000, 0x000000008a000000| Untracked 
|  93|0x000000008a100000, 0x000000008a100000, 0x000000008a200000|  0%| F|  |TAMS 0x000000008a100000, 0x000000008a100000| Untracked 
|  94|0x000000008a200000, 0x000000008a200000, 0x000000008a300000|  0%| F|  |TAMS 0x000000008a200000, 0x000000008a200000| Untracked 
|  95|0x000000008a300000, 0x000000008a300000, 0x000000008a400000|  0%| F|  |TAMS 0x000000008a300000, 0x000000008a300000| Untracked 
|  96|0x000000008a400000, 0x000000008a400000, 0x000000008a500000|  0%| F|  |TAMS 0x000000008a400000, 0x000000008a400000| Untracked 
|  97|0x000000008a500000, 0x000000008a500000, 0x000000008a600000|  0%| F|  |TAMS 0x000000008a500000, 0x000000008a500000| Untracked 
|  98|0x000000008a600000, 0x000000008a600000, 0x000000008a700000|  0%| F|  |TAMS 0x000000008a600000, 0x000000008a600000| Untracked 
|  99|0x000000008a700000, 0x000000008a700000, 0x000000008a800000|  0%| F|  |TAMS 0x000000008a700000, 0x000000008a700000| Untracked 
| 100|0x000000008a800000, 0x000000008a800000, 0x000000008a900000|  0%| F|  |TAMS 0x000000008a800000, 0x000000008a800000| Untracked 
| 101|0x000000008a900000, 0x000000008a900000, 0x000000008aa00000|  0%| F|  |TAMS 0x000000008a900000, 0x000000008a900000| Untracked 
| 102|0x000000008aa00000, 0x000000008aa00000, 0x000000008ab00000|  0%| F|  |TAMS 0x000000008aa00000, 0x000000008aa00000| Untracked 
| 103|0x000000008ab00000, 0x000000008ab00000, 0x000000008ac00000|  0%| F|  |TAMS 0x000000008ab00000, 0x000000008ab00000| Untracked 
| 104|0x000000008ac00000, 0x000000008ac00000, 0x000000008ad00000|  0%| F|  |TAMS 0x000000008ac00000, 0x000000008ac00000| Untracked 
| 105|0x000000008ad00000, 0x000000008ad00000, 0x000000008ae00000|  0%| F|  |TAMS 0x000000008ad00000, 0x000000008ad00000| Untracked 
| 106|0x000000008ae00000, 0x000000008ae00000, 0x000000008af00000|  0%| F|  |TAMS 0x000000008ae00000, 0x000000008ae00000| Untracked 
| 107|0x000000008af00000, 0x000000008af00000, 0x000000008b000000|  0%| F|  |TAMS 0x000000008af00000, 0x000000008af00000| Untracked 
| 108|0x000000008b000000, 0x000000008b076750, 0x000000008b100000| 46%| E|  |TAMS 0x000000008b000000, 0x000000008b000000| Complete 
| 109|0x000000008b100000, 0x000000008b200000, 0x000000008b200000|100%| E|CS|TAMS 0x000000008b100000, 0x000000008b100000| Complete 
| 110|0x000000008b200000, 0x000000008b300000, 0x000000008b300000|100%| E|CS|TAMS 0x000000008b200000, 0x000000008b200000| Complete 
| 111|0x000000008b300000, 0x000000008b400000, 0x000000008b400000|100%| E|CS|TAMS 0x000000008b300000, 0x000000008b300000| Complete 
| 112|0x000000008b400000, 0x000000008b500000, 0x000000008b500000|100%| E|CS|TAMS 0x000000008b400000, 0x000000008b400000| Complete 
| 113|0x000000008b500000, 0x000000008b600000, 0x000000008b600000|100%| E|CS|TAMS 0x000000008b500000, 0x000000008b500000| Complete 
| 114|0x000000008b600000, 0x000000008b700000, 0x000000008b700000|100%| E|CS|TAMS 0x000000008b600000, 0x000000008b600000| Complete 
| 115|0x000000008b700000, 0x000000008b800000, 0x000000008b800000|100%| E|CS|TAMS 0x000000008b700000, 0x000000008b700000| Complete 
| 116|0x000000008b800000, 0x000000008b900000, 0x000000008b900000|100%| E|CS|TAMS 0x000000008b800000, 0x000000008b800000| Complete 
| 117|0x000000008b900000, 0x000000008ba00000, 0x000000008ba00000|100%| E|CS|TAMS 0x000000008b900000, 0x000000008b900000| Complete 
| 118|0x000000008ba00000, 0x000000008bb00000, 0x000000008bb00000|100%| E|  |TAMS 0x000000008ba00000, 0x000000008ba00000| Complete 
| 119|0x000000008bb00000, 0x000000008bc00000, 0x000000008bc00000|100%| E|CS|TAMS 0x000000008bb00000, 0x000000008bb00000| Complete 
| 120|0x000000008bc00000, 0x000000008bd00000, 0x000000008bd00000|100%| E|CS|TAMS 0x000000008bc00000, 0x000000008bc00000| Complete 
| 121|0x000000008bd00000, 0x000000008be00000, 0x000000008be00000|100%| E|CS|TAMS 0x000000008bd00000, 0x000000008bd00000| Complete 
| 122|0x000000008be00000, 0x000000008bf00000, 0x000000008bf00000|100%| E|CS|TAMS 0x000000008be00000, 0x000000008be00000| Complete 
| 123|0x000000008bf00000, 0x000000008c000000, 0x000000008c000000|100%| E|CS|TAMS 0x000000008bf00000, 0x000000008bf00000| Complete 
|1978|0x00000000ffe00000, 0x00000000ffe76000, 0x00000000fff00000| 46%|OA|  |TAMS 0x00000000ffe00000, 0x00000000ffe00000| Untracked 
|1979|0x00000000fff00000, 0x00000000fff82000, 0x0000000100000000| 50%|CA|  |TAMS 0x00000000fff00000, 0x00000000fff00000| Untracked 

Card table byte_map: [0x00007f0b0936d000,0x00007f0b0974b000] _byte_map_base: 0x00007f0b08f4b000

Marking Bits (Prev, Next): (CMBitMap*) 0x00007f0b04083260, (CMBitMap*) 0x00007f0b040832a0
 Prev Bits: [0x00007f0aeb59b000, 0x00007f0aed48b000)
 Next Bits: [0x00007f0ae96ab000, 0x00007f0aeb59b000)

Polling page: 0x00007f0b0cb34000

Metaspace:

Usage:
  Non-class:      3.12 MB used.
      Class:    402.02 KB used.
       Both:      3.51 MB used.

Virtual space:
  Non-class space:        8.00 MB reserved,       3.19 MB ( 40%) committed,  1 nodes.
      Class space:        1.00 GB reserved,     512.00 KB ( <1%) committed,  1 nodes.
             Both:        1.01 GB reserved,       3.69 MB ( <1%) committed. 

Chunk freelists:
   Non-Class:  2.42 MB
       Class:  3.48 MB
        Both:  5.91 MB

MaxMetaspaceSize: unlimited
CompressedClassSpaceSize: 1.00 GB
Initial GC threshold: 21.00 MB
Current GC threshold: 21.00 MB
CDS: on
MetaspaceReclaimPolicy: balanced
 - commit_granule_bytes: 65536.
 - commit_granule_words: 8192.
 - virtual_space_node_default_size: 1048576.
 - enlarge_chunks_in_place: 1.
 - new_chunks_are_fully_committed: 0.
 - uncommit_free_chunks: 1.
 - use_allocation_guard: 0.
 - handle_deallocations: 1.


Internal statistics:

num_allocs_failed_limit: 0.
num_arena_births: 20.
num_arena_deaths: 0.
num_vsnodes_births: 2.
num_vsnodes_deaths: 0.
num_space_committed: 59.
num_space_uncommitted: 0.
num_chunks_returned_to_freelist: 0.
num_chunks_taken_from_freelist: 93.
num_chunk_merges: 0.
num_chunk_splits: 73.
num_chunks_enlarged: 63.
num_purges: 0.
num_inconsistent_stats: 0.

CodeHeap 'non-profiled nmethods': size=119168Kb used=200Kb max_used=200Kb free=118967Kb
 bounds [0x00007f0af502b000, 0x00007f0af529b000, 0x00007f0afc48b000]
CodeHeap 'profiled nmethods': size=119164Kb used=1475Kb max_used=1475Kb free=117688Kb
 bounds [0x00007f0aedbcc000, 0x00007f0aede3c000, 0x00007f0af502b000]
CodeHeap 'non-nmethods': size=7428Kb used=2278Kb max_used=2294Kb free=5149Kb
 bounds [0x00007f0aed48b000, 0x00007f0aed6fb000, 0x00007f0aedbcc000]
 total_blobs=1231 nmethods=785 adapters=358
 compilation: enabled
              stopped_count=0, restarted_count=0
 full_count=0

Compilation events (20 events):
Event: 0.325 Thread 0x00007f0b0415e150 nmethod 783 0x00007f0aedd31090 code [0x00007f0aedd31240, 0x00007f0aedd31400]
Event: 0.325 Thread 0x00007f0b0415e150  788   !   3       jdk.internal.loader.URLClassPath$JarLoader::checkResource (78 bytes)
Event: 0.326 Thread 0x00007f0aa80014b0  784  s!   3       java.util.jar.JarFile::ensureInitialization (74 bytes)
Event: 0.326 Thread 0x00007f0aa80014b0 nmethod 784 0x00007f0aedd31510 code [0x00007f0aedd31720, 0x00007f0aedd31d50]
Event: 0.326 Thread 0x00007f0aa80014b0  785       3       jdk.internal.loader.ClassLoaders$AppClassLoader::defineOrCheckPackage (8 bytes)
Event: 0.326 Thread 0x00007f0b0415e150 nmethod 788 0x00007f0aedd31f10 code [0x00007f0aedd32160, 0x00007f0aedd32b80]
Event: 0.326 Thread 0x00007f0b0415e150  786   !   3       jdk.internal.loader.BuiltinClassLoader::defineOrCheckPackage (94 bytes)
Event: 0.326 Thread 0x00007f0aa80014b0 nmethod 785 0x00007f0aedd33010 code [0x00007f0aedd331c0, 0x00007f0aedd33300]
Event: 0.326 Thread 0x00007f0aa80014b0  787       3       jdk.internal.loader.URLClassPath$JarLoader$2::getBytes (48 bytes)
Event: 0.326 Thread 0x00007f0aa80014b0 nmethod 787 0x00007f0aedd33390 code [0x00007f0aedd335a0, 0x00007f0aedd33be0]
Event: 0.327 Thread 0x00007f0b0415e150 nmethod 786 0x00007f0aedd33e90 code [0x00007f0aedd34100, 0x00007f0aedd34a50]
Event: 0.327 Thread 0x00007f0aa80014b0  789       3       java.lang.ClassLoader::definePackage (85 bytes)
Event: 0.327 Thread 0x00007f0b0415e150  790       3       java.lang.Package::isSealed (26 bytes)
Event: 0.327 Thread 0x00007f0b0415e150 nmethod 790 0x00007f0aedd34d90 code [0x00007f0aedd34f40, 0x00007f0aedd35250]
Event: 0.327 Thread 0x00007f0b0415e150  791       3       jdk.internal.loader.BuiltinClassLoader::isSealed (71 bytes)
Event: 0.328 Thread 0x00007f0aac06de00 nmethod 779 0x00007f0aedd35390 code [0x00007f0aedd35800, 0x00007f0aedd37e70]
Event: 0.328 Thread 0x00007f0aa80014b0 nmethod 789 0x00007f0aedd38d10 code [0x00007f0aedd38fe0, 0x00007f0aedd39ef0]
Event: 0.328 Thread 0x00007f0aac06de00  792       1       sun.nio.fs.NativeBuffer::address (5 bytes)
Event: 0.328 Thread 0x00007f0aac06de00 nmethod 792 0x00007f0af505c590 code [0x00007f0af505c720, 0x00007f0af505c7f0]
Event: 0.329 Thread 0x00007f0b0415e150 nmethod 791 0x00007f0aedd3a390 code [0x00007f0aedd3a7a0, 0x00007f0aedd3c320]

GC Heap History (0 events):
No events

Dll operation events (14 events):
Event: 0.002 Loaded shared library /home/zhangfengming/.jdks/corretto-17.0.5/lib/libjava.so
Event: 0.010 Loaded shared library /home/zhangfengming/.jdks/corretto-17.0.5/lib/libjsvml.so
Event: 0.065 Loaded shared library /home/zhangfengming/.jdks/corretto-17.0.5/lib/libzip.so
Event: 0.067 Loaded shared library /home/zhangfengming/.jdks/corretto-17.0.5/lib/libinstrument.so
Event: 0.072 Loaded shared library /home/zhangfengming/.jdks/corretto-17.0.5/lib/libnio.so
Event: 0.079 Loaded shared library /home/zhangfengming/.jdks/corretto-17.0.5/lib/libzip.so
Event: 0.117 Loaded shared library /home/zhangfengming/.jdks/corretto-17.0.5/lib/libnet.so
Event: 0.125 Loaded shared library /home/zhangfengming/.jdks/corretto-17.0.5/lib/libextnet.so
Event: 0.222 Loaded shared library /home/zhangfengming/.jdks/corretto-17.0.5/lib/libjimage.so
Event: 0.262 Loaded shared library /home/zhangfengming/.javacpp/cache/javacpp-1.5.7-linux-x86_64.jar/org/bytedeco/javacpp/linux-x86_64/libjnijavacpp.so
Event: 0.291 Loaded shared library /home/zhangfengming/.javacpp/cache/llvm-13.0.1-1.5.7-linux-x86_64.jar/org/bytedeco/llvm/linux-x86_64/libLLVM-13.so
Event: 0.297 Loaded shared library /home/zhangfengming/.javacpp/cache/llvm-13.0.1-1.5.7-linux-x86_64.jar/org/bytedeco/llvm/linux-x86_64/libLTO.so.13
Event: 0.304 Loaded shared library /home/zhangfengming/.javacpp/cache/llvm-13.0.1-1.5.7-linux-x86_64.jar/org/bytedeco/llvm/linux-x86_64/libRemarks.so.13
Event: 0.307 Loaded shared library /home/zhangfengming/.javacpp/cache/llvm-13.0.1-1.5.7-linux-x86_64.jar/org/bytedeco/llvm/linux-x86_64/libjniLLVM.so

Deoptimization events (20 events):
Event: 0.225 Thread 0x00007f0b04027ae0 Uncommon trap: trap_request=0xffffff45 fr.pc=0x00007f0af5045b70 relative=0x00000000000004d0
Event: 0.225 Thread 0x00007f0b04027ae0 Uncommon trap: reason=unstable_if action=reinterpret pc=0x00007f0af5045b70 method=java.lang.StringLatin1.indexOf([BI[BII)I @ 80 c2
Event: 0.225 Thread 0x00007f0b04027ae0 DEOPT PACKING pc=0x00007f0af5045b70 sp=0x00007f0b0b17a150
Event: 0.225 Thread 0x00007f0b04027ae0 DEOPT UNPACKING pc=0x00007f0aed4dd099 sp=0x00007f0b0b17a0d0 mode 2
Event: 0.258 Thread 0x00007f0b04027ae0 DEOPT PACKING pc=0x00007f0aedcb6d6e sp=0x00007f0b0b17a0c0
Event: 0.258 Thread 0x00007f0b04027ae0 DEOPT UNPACKING pc=0x00007f0aed4dd82f sp=0x00007f0b0b179530 mode 0
Event: 0.299 Thread 0x00007f0b04027ae0 DEOPT PACKING pc=0x00007f0aedcb6d6e sp=0x00007f0b0b17a7b0
Event: 0.299 Thread 0x00007f0b04027ae0 DEOPT UNPACKING pc=0x00007f0aed4dd82f sp=0x00007f0b0b179c20 mode 0
Event: 0.301 Thread 0x00007f0b04027ae0 DEOPT PACKING pc=0x00007f0aedcb6d6e sp=0x00007f0b0b17a250
Event: 0.301 Thread 0x00007f0b04027ae0 DEOPT UNPACKING pc=0x00007f0aed4dd82f sp=0x00007f0b0b1796c0 mode 0
Event: 0.309 Thread 0x00007f0b04027ae0 DEOPT PACKING pc=0x00007f0aedcb6d6e sp=0x00007f0b0b1790b0
Event: 0.309 Thread 0x00007f0b04027ae0 DEOPT UNPACKING pc=0x00007f0aed4dd82f sp=0x00007f0b0b178520 mode 0
Event: 0.314 Thread 0x00007f0b04027ae0 DEOPT PACKING pc=0x00007f0aedcb6d6e sp=0x00007f0b0b1790b0
Event: 0.315 Thread 0x00007f0b04027ae0 DEOPT UNPACKING pc=0x00007f0aed4dd82f sp=0x00007f0b0b178520 mode 0
Event: 0.319 Thread 0x00007f0b04027ae0 DEOPT PACKING pc=0x00007f0aedcb6d6e sp=0x00007f0b0b1790b0
Event: 0.319 Thread 0x00007f0b04027ae0 DEOPT UNPACKING pc=0x00007f0aed4dd82f sp=0x00007f0b0b178520 mode 0
Event: 0.323 Thread 0x00007f0b04027ae0 DEOPT PACKING pc=0x00007f0aedcb6d6e sp=0x00007f0b0b179190
Event: 0.323 Thread 0x00007f0b04027ae0 DEOPT UNPACKING pc=0x00007f0aed4dd82f sp=0x00007f0b0b178600 mode 0
Event: 0.326 Thread 0x00007f0b04027ae0 DEOPT PACKING pc=0x00007f0aedcb6d6e sp=0x00007f0b0b179550
Event: 0.326 Thread 0x00007f0b04027ae0 DEOPT UNPACKING pc=0x00007f0aed4dd82f sp=0x00007f0b0b1789c0 mode 0

Classes unloaded (0 events):
No events

Classes redefined (0 events):
No events

Internal exceptions (8 events):
Event: 0.078 Thread 0x00007f0b04027ae0 Implicit null exception at 0x00007f0af50360d5 to 0x00007f0af5036234
Event: 0.119 Thread 0x00007f0b041d72a0 Exception <a 'java/lang/NoSuchMethodError'{0x000000008bacb298}: 'java.lang.Object java.lang.invoke.DirectMethodHandle$Holder.invokeStaticInit(java.lang.Object)'> (0x000000008bacb298) 
thrown [src/hotspot/share/interpreter/linkResolver.cpp, line 759]
Event: 0.126 Thread 0x00007f0b041d72a0 Exception <a 'java/lang/NoSuchMethodError'{0x000000008baf1970}: 'void java.lang.invoke.DirectMethodHandle$Holder.invokeStatic(java.lang.Object, java.lang.Object)'> (0x000000008baf1970) 
thrown [src/hotspot/share/interpreter/linkResolver.cpp, line 759]
Event: 0.212 Thread 0x00007f0b04027ae0 Exception <a 'java/lang/NoSuchMethodError'{0x000000008b436310}: 'int java.lang.invoke.DirectMethodHandle$Holder.invokeStaticInit(java.lang.Object, java.lang.Object, java.lang.Object, java.lang.Object)'> (0x000000008b436310) 
thrown [src/hotspot/share/interpreter/linkResolver.cpp, line 759]
Event: 0.214 Thread 0x00007f0b04027ae0 Exception <a 'java/lang/NoSuchMethodError'{0x000000008b440760}: 'java.lang.Object java.lang.invoke.DirectMethodHandle$Holder.invokeInterface(java.lang.Object, java.lang.Object)'> (0x000000008b440760) 
thrown [src/hotspot/share/interpreter/linkResolver.cpp, line 759]
Event: 0.214 Thread 0x00007f0b04027ae0 Exception <a 'java/lang/IncompatibleClassChangeError'{0x000000008b443dd8}: Found class java.lang.Object, but interface was expected> (0x000000008b443dd8) 
thrown [src/hotspot/share/interpreter/linkResolver.cpp, line 826]
Event: 0.215 Thread 0x00007f0b04027ae0 Exception <a 'java/lang/NoSuchMethodError'{0x000000008b446d58}: 'void java.lang.invoke.DirectMethodHandle$Holder.invokeStaticInit(java.lang.Object, java.lang.Object)'> (0x000000008b446d58) 
thrown [src/hotspot/share/interpreter/linkResolver.cpp, line 759]
Event: 0.215 Thread 0x00007f0b04027ae0 Exception <a 'java/lang/NoSuchMethodError'{0x000000008b44cdb0}: 'int java.lang.invoke.DirectMethodHandle$Holder.invokeStaticInit(java.lang.Object, java.lang.Object)'> (0x000000008b44cdb0) 
thrown [src/hotspot/share/interpreter/linkResolver.cpp, line 759]

VM Operations (10 events):
Event: 0.051 Executing VM operation: HandshakeAllThreads
Event: 0.051 Executing VM operation: HandshakeAllThreads done
Event: 0.117 Executing VM operation: HandshakeAllThreads
Event: 0.117 Executing VM operation: HandshakeAllThreads done
Event: 0.120 Executing VM operation: HandshakeAllThreads
Event: 0.120 Executing VM operation: HandshakeAllThreads done
Event: 0.150 Executing VM operation: HandshakeAllThreads
Event: 0.150 Executing VM operation: HandshakeAllThreads done
Event: 0.226 Executing VM operation: HandshakeAllThreads
Event: 0.226 Executing VM operation: HandshakeAllThreads done

Events (20 events):
Event: 0.241 loading class java/lang/reflect/Proxy$ProxyBuilder$1
Event: 0.241 loading class java/lang/reflect/Proxy$ProxyBuilder$1 done
Event: 0.241 loading class java/lang/annotation/Target
Event: 0.241 loading class java/lang/annotation/Target done
Event: 0.246 loading class java/lang/reflect/UndeclaredThrowableException
Event: 0.246 loading class java/lang/reflect/UndeclaredThrowableException done
Event: 0.246 loading class java/lang/Class$AnnotationData
Event: 0.246 loading class java/lang/Class$AnnotationData done
Event: 0.255 loading class java/lang/InstantiationException
Event: 0.255 loading class java/lang/InstantiationException done
Event: 0.256 loading class java/util/regex/Pattern$BnM
Event: 0.257 loading class java/util/regex/Pattern$BnM done
Event: 0.257 loading class java/util/regex/Pattern$SliceS
Event: 0.257 loading class java/util/regex/Pattern$SliceS done
Event: 0.269 loading class java/lang/NumberFormatException
Event: 0.269 loading class java/lang/NumberFormatException done
Event: 0.270 Thread 0x00007f0b0446c260 Thread added: 0x00007f0b0446c260
Event: 0.271 Protecting memory [0x00007f0ad80d0000,0x00007f0ad80d4000] with protection modes 0
Event: 0.298 loading class jdk/internal/misc/ScopedMemoryAccess$Scope
Event: 0.298 loading class jdk/internal/misc/ScopedMemoryAccess$Scope done


Dynamic libraries:
84400000-8c000000 rw-p 00000000 00:00 0 
8c000000-ffe00000 ---p 00000000 00:00 0 
ffe00000-ffe76000 rw-p 00c9c000 08:05 1450933                            /home/zhangfengming/.jdks/corretto-17.0.5/lib/server/classes.jsa
ffe76000-fff00000 rw-p 00000000 00:00 0 
fff00000-fff82000 rw-p 00c1a000 08:05 1450933                            /home/zhangfengming/.jdks/corretto-17.0.5/lib/server/classes.jsa
fff82000-100000000 rw-p 00000000 00:00 0 
800000000-800458000 rw-p 00001000 08:05 1450933                          /home/zhangfengming/.jdks/corretto-17.0.5/lib/server/classes.jsa
800458000-800be1000 r--p 00459000 08:05 1450933                          /home/zhangfengming/.jdks/corretto-17.0.5/lib/server/classes.jsa
800be1000-800c00000 ---p 00000000 00:00 0 
800c00000-800c40000 rw-p 00000000 00:00 0 
800c40000-800c70000 rw-p 00000000 00:00 0 
800c70000-800c80000 ---p 00000000 00:00 0 
800c80000-800c90000 rw-p 00000000 00:00 0 
800c90000-840c00000 ---p 00000000 00:00 0 
5652ffa00000-5652ffa01000 r-xp 00000000 08:05 1451034                    /home/zhangfengming/.jdks/corretto-17.0.5/bin/java
5652ffc01000-5652ffc02000 r--p 00001000 08:05 1451034                    /home/zhangfengming/.jdks/corretto-17.0.5/bin/java
5652ffc02000-5652ffc03000 rw-p 00002000 08:05 1451034                    /home/zhangfengming/.jdks/corretto-17.0.5/bin/java
565300b4f000-565300b97000 rw-p 00000000 00:00 0                          [heap]
7f0a8552c000-7f0a85e52000 r--p 00000000 08:05 1575455                    /home/zhangfengming/.javacpp/cache/llvm-13.0.1-1.5.7-linux-x86_64.jar/org/bytedeco/llvm/linux-x86_64/libLLVM-13.so
7f0a85e52000-7f0a89815000 r-xp 00926000 08:05 1575455                    /home/zhangfengming/.javacpp/cache/llvm-13.0.1-1.5.7-linux-x86_64.jar/org/bytedeco/llvm/linux-x86_64/libLLVM-13.so
7f0a89815000-7f0a8ba6a000 r--p 042e9000 08:05 1575455                    /home/zhangfengming/.javacpp/cache/llvm-13.0.1-1.5.7-linux-x86_64.jar/org/bytedeco/llvm/linux-x86_64/libLLVM-13.so
7f0a8ba6a000-7f0a8bf7f000 r--p 0653d000 08:05 1575455                    /home/zhangfengming/.javacpp/cache/llvm-13.0.1-1.5.7-linux-x86_64.jar/org/bytedeco/llvm/linux-x86_64/libLLVM-13.so
7f0a8bf7f000-7f0a8bf8a000 rw-p 06a52000 08:05 1575455                    /home/zhangfengming/.javacpp/cache/llvm-13.0.1-1.5.7-linux-x86_64.jar/org/bytedeco/llvm/linux-x86_64/libLLVM-13.so
7f0a8bf8a000-7f0a8c000000 rw-p 00000000 00:00 0 
7f0a8c000000-7f0a8c021000 rw-p 00000000 00:00 0 
7f0a8c021000-7f0a90000000 ---p 00000000 00:00 0 
7f0a93d18000-7f0a93d7d000 r--p 00000000 08:05 1575460                    /home/zhangfengming/.javacpp/cache/llvm-13.0.1-1.5.7-linux-x86_64.jar/org/bytedeco/llvm/linux-x86_64/libjniLLVM.so
7f0a93d7d000-7f0a93deb000 r-xp 00065000 08:05 1575460                    /home/zhangfengming/.javacpp/cache/llvm-13.0.1-1.5.7-linux-x86_64.jar/org/bytedeco/llvm/linux-x86_64/libjniLLVM.so
7f0a93deb000-7f0a93e16000 r--p 000d3000 08:05 1575460                    /home/zhangfengming/.javacpp/cache/llvm-13.0.1-1.5.7-linux-x86_64.jar/org/bytedeco/llvm/linux-x86_64/libjniLLVM.so
7f0a93e16000-7f0a93e19000 r--p 000fd000 08:05 1575460                    /home/zhangfengming/.javacpp/cache/llvm-13.0.1-1.5.7-linux-x86_64.jar/org/bytedeco/llvm/linux-x86_64/libjniLLVM.so
7f0a93e19000-7f0a93e1c000 rw-p 00100000 08:05 1575460                    /home/zhangfengming/.javacpp/cache/llvm-13.0.1-1.5.7-linux-x86_64.jar/org/bytedeco/llvm/linux-x86_64/libjniLLVM.so
7f0a93e1c000-7f0a93e1e000 rw-p 00000000 00:00 0 
7f0a93e1e000-7f0a93eb4000 r--p 00000000 08:05 664396                     /usr/lib/x86_64-linux-gnu/libstdc++.so.6.0.28
7f0a93eb4000-7f0a93fa5000 r-xp 00096000 08:05 664396                     /usr/lib/x86_64-linux-gnu/libstdc++.so.6.0.28
7f0a93fa5000-7f0a93fee000 r--p 00187000 08:05 664396                     /usr/lib/x86_64-linux-gnu/libstdc++.so.6.0.28
7f0a93fee000-7f0a93fef000 ---p 001d0000 08:05 664396                     /usr/lib/x86_64-linux-gnu/libstdc++.so.6.0.28
7f0a93fef000-7f0a93ffa000 r--p 001d0000 08:05 664396                     /usr/lib/x86_64-linux-gnu/libstdc++.so.6.0.28
7f0a93ffa000-7f0a93ffd000 rw-p 001db000 08:05 664396                     /usr/lib/x86_64-linux-gnu/libstdc++.so.6.0.28
7f0a93ffd000-7f0a94000000 rw-p 00000000 00:00 0 
7f0a94000000-7f0a94021000 rw-p 00000000 00:00 0 
7f0a94021000-7f0a98000000 ---p 00000000 00:00 0 
7f0a98000000-7f0a98021000 rw-p 00000000 00:00 0 
7f0a98021000-7f0a9c000000 ---p 00000000 00:00 0 
7f0a9c000000-7f0a9c089000 rw-p 00000000 00:00 0 
7f0a9c089000-7f0aa0000000 ---p 00000000 00:00 0 
7f0aa0000000-7f0aa0021000 rw-p 00000000 00:00 0 
7f0aa0021000-7f0aa4000000 ---p 00000000 00:00 0 
7f0aa4000000-7f0aa4021000 rw-p 00000000 00:00 0 
7f0aa4021000-7f0aa8000000 ---p 00000000 00:00 0 
7f0aa8000000-7f0aa8031000 rw-p 00000000 00:00 0 
7f0aa8031000-7f0aac000000 ---p 00000000 00:00 0 
7f0aac000000-7f0aac25d000 rw-p 00000000 00:00 0 
7f0aac25d000-7f0ab0000000 ---p 00000000 00:00 0 
7f0ab0000000-7f0ab0021000 rw-p 00000000 00:00 0 
7f0ab0021000-7f0ab4000000 ---p 00000000 00:00 0 
7f0ab4000000-7f0ab4021000 rw-p 00000000 00:00 0 
7f0ab4021000-7f0ab8000000 ---p 00000000 00:00 0 
7f0ab8000000-7f0ab82b1000 rw-p 00000000 00:00 0 
7f0ab82b1000-7f0abc000000 ---p 00000000 00:00 0 
7f0abc000000-7f0abc021000 rw-p 00000000 00:00 0 
7f0abc021000-7f0ac0000000 ---p 00000000 00:00 0 
7f0ac0000000-7f0ac0021000 rw-p 00000000 00:00 0 
7f0ac0021000-7f0ac4000000 ---p 00000000 00:00 0 
7f0ac4000000-7f0ac4021000 rw-p 00000000 00:00 0 
7f0ac4021000-7f0ac8000000 ---p 00000000 00:00 0 
7f0ac8000000-7f0ac8021000 rw-p 00000000 00:00 0 
7f0ac8021000-7f0acc000000 ---p 00000000 00:00 0 
7f0acc000000-7f0acc021000 rw-p 00000000 00:00 0 
7f0acc021000-7f0ad0000000 ---p 00000000 00:00 0 
7f0ad0000000-7f0ad0021000 rw-p 00000000 00:00 0 
7f0ad0021000-7f0ad4000000 ---p 00000000 00:00 0 
7f0ad4000000-7f0ad4021000 rw-p 00000000 00:00 0 
7f0ad4021000-7f0ad8000000 ---p 00000000 00:00 0 
7f0ad80d0000-7f0ad80d4000 ---p 00000000 00:00 0 
7f0ad80d4000-7f0ad81d1000 rw-p 00000000 00:00 0 
7f0ad81d1000-7f0ad81d3000 r-xp 00000000 08:05 1450967                    /home/zhangfengming/.jdks/corretto-17.0.5/lib/libextnet.so
7f0ad81d3000-7f0ad83d2000 ---p 00002000 08:05 1450967                    /home/zhangfengming/.jdks/corretto-17.0.5/lib/libextnet.so
7f0ad83d2000-7f0ad83d3000 r--p 00001000 08:05 1450967                    /home/zhangfengming/.jdks/corretto-17.0.5/lib/libextnet.so
7f0ad83d3000-7f0ad83d4000 rw-p 00000000 00:00 0 
7f0ad83d4000-7f0ad83d5000 ---p 00000000 00:00 0 
7f0ad83d5000-7f0ad84d6000 rw-p 00000000 00:00 0 
7f0ad84d6000-7f0ad84da000 ---p 00000000 00:00 0 
7f0ad84da000-7f0ad85d7000 rw-p 00000000 00:00 0 
7f0ad85d7000-7f0ad85db000 ---p 00000000 00:00 0 
7f0ad85db000-7f0ad86d8000 rw-p 00000000 00:00 0 
7f0ad86d8000-7f0ad86ec000 r-xp 00000000 08:05 1448805                    /home/zhangfengming/.jdks/corretto-17.0.5/lib/libnet.so
7f0ad86ec000-7f0ad88ec000 ---p 00014000 08:05 1448805                    /home/zhangfengming/.jdks/corretto-17.0.5/lib/libnet.so
7f0ad88ec000-7f0ad88ed000 r--p 00014000 08:05 1448805                    /home/zhangfengming/.jdks/corretto-17.0.5/lib/libnet.so
7f0ad88ed000-7f0ad88ee000 rw-p 00015000 08:05 1448805                    /home/zhangfengming/.jdks/corretto-17.0.5/lib/libnet.so
7f0ad88ee000-7f0ad8900000 r-xp 00000000 08:05 1448806                    /home/zhangfengming/.jdks/corretto-17.0.5/lib/libnio.so
7f0ad8900000-7f0ad8aff000 ---p 00012000 08:05 1448806                    /home/zhangfengming/.jdks/corretto-17.0.5/lib/libnio.so
7f0ad8aff000-7f0ad8b00000 r--p 00011000 08:05 1448806                    /home/zhangfengming/.jdks/corretto-17.0.5/lib/libnio.so
7f0ad8b00000-7f0ad8b01000 rw-p 00012000 08:05 1448806                    /home/zhangfengming/.jdks/corretto-17.0.5/lib/libnio.so
7f0ad8b01000-7f0ad8b1b000 r-xp 00000000 08:05 1448808                    /home/zhangfengming/.jdks/corretto-17.0.5/lib/libzip.so
7f0ad8b1b000-7f0ad8d1b000 ---p 0001a000 08:05 1448808                    /home/zhangfengming/.jdks/corretto-17.0.5/lib/libzip.so
7f0ad8d1b000-7f0ad8d1c000 r--p 0001a000 08:05 1448808                    /home/zhangfengming/.jdks/corretto-17.0.5/lib/libzip.so
7f0ad8d1c000-7f0ad8d1d000 rw-p 00000000 00:00 0 
7f0ad8d1d000-7f0ad8d21000 ---p 00000000 00:00 0 
7f0ad8d21000-7f0ad8e1e000 rw-p 00000000 00:00 0 
7f0ad8e1e000-7f0ad8e22000 ---p 00000000 00:00 0 
7f0ad8e22000-7f0ad8f1f000 rw-p 00000000 00:00 0 
7f0ad8f1f000-7f0ad8f23000 ---p 00000000 00:00 0 
7f0ad8f23000-7f0ad9020000 rw-p 00000000 00:00 0 
7f0ad9020000-7f0ad9024000 ---p 00000000 00:00 0 
7f0ad9024000-7f0ad9121000 rw-p 00000000 00:00 0 
7f0ad9121000-7f0ad9125000 ---p 00000000 00:00 0 
7f0ad9125000-7f0ad9222000 rw-p 00000000 00:00 0 
7f0ad9222000-7f0ada000000 r--p 00000000 08:05 661000                     /usr/lib/locale/locale-archive
7f0ada000000-7f0adc000000 rw-p 00000000 00:00 0 
7f0adc000000-7f0adc021000 rw-p 00000000 00:00 0 
7f0adc021000-7f0ae0000000 ---p 00000000 00:00 0 
7f0ae0000000-7f0ae0021000 rw-p 00000000 00:00 0 
7f0ae0021000-7f0ae4000000 ---p 00000000 00:00 0 
7f0ae4000000-7f0ae4021000 rw-p 00000000 00:00 0 
7f0ae4021000-7f0ae8000000 ---p 00000000 00:00 0 
7f0ae8009000-7f0ae8010000 r--s 00000000 08:05 1054439                    /usr/lib/x86_64-linux-gnu/gconv/gconv-modules.cache
7f0ae8010000-7f0ae8012000 r--p 00000000 08:05 656093                     /usr/lib/x86_64-linux-gnu/libz.so.1.2.11
7f0ae8012000-7f0ae8023000 r-xp 00002000 08:05 656093                     /usr/lib/x86_64-linux-gnu/libz.so.1.2.11
7f0ae8023000-7f0ae8029000 r--p 00013000 08:05 656093                     /usr/lib/x86_64-linux-gnu/libz.so.1.2.11
7f0ae8029000-7f0ae802a000 ---p 00019000 08:05 656093                     /usr/lib/x86_64-linux-gnu/libz.so.1.2.11
7f0ae802a000-7f0ae802b000 r--p 00019000 08:05 656093                     /usr/lib/x86_64-linux-gnu/libz.so.1.2.11
7f0ae802b000-7f0ae802c000 rw-p 0001a000 08:05 656093                     /usr/lib/x86_64-linux-gnu/libz.so.1.2.11
7f0ae802c000-7f0ae8030000 ---p 00000000 00:00 0 
7f0ae8030000-7f0ae812d000 rw-p 00000000 00:00 0 
7f0ae812d000-7f0ae8131000 ---p 00000000 00:00 0 
7f0ae8131000-7f0ae822e000 rw-p 00000000 00:00 0 
7f0ae822e000-7f0ae8232000 ---p 00000000 00:00 0 
7f0ae8232000-7f0ae832f000 rw-p 00000000 00:00 0 
7f0ae832f000-7f0ae8333000 ---p 00000000 00:00 0 
7f0ae8333000-7f0ae8430000 rw-p 00000000 00:00 0 
7f0ae8430000-7f0ae8434000 ---p 00000000 00:00 0 
7f0ae8434000-7f0ae8531000 rw-p 00000000 00:00 0 
7f0ae8531000-7f0ae85ff000 r-xp 00000000 08:05 1450959                    /home/zhangfengming/.jdks/corretto-17.0.5/lib/libjsvml.so
7f0ae85ff000-7f0ae87fe000 ---p 000ce000 08:05 1450959                    /home/zhangfengming/.jdks/corretto-17.0.5/lib/libjsvml.so
7f0ae87fe000-7f0ae87ff000 r--p 000cd000 08:05 1450959                    /home/zhangfengming/.jdks/corretto-17.0.5/lib/libjsvml.so
7f0ae87ff000-7f0ae8800000 rw-p 000ce000 08:05 1450959                    /home/zhangfengming/.jdks/corretto-17.0.5/lib/libjsvml.so
7f0ae8800000-7f0ae8990000 rw-p 00000000 00:00 0 
7f0ae8990000-7f0ae8c00000 ---p 00000000 00:00 0 
7f0ae8c00000-7f0ae8da0000 rw-p 00000000 00:00 0 
7f0ae8da0000-7f0ae9000000 ---p 00000000 00:00 0 
7f0ae9006000-7f0ae9009000 r--p 00000000 08:05 663591                     /usr/lib/x86_64-linux-gnu/libgcc_s.so.1
7f0ae9009000-7f0ae901b000 r-xp 00003000 08:05 663591                     /usr/lib/x86_64-linux-gnu/libgcc_s.so.1
7f0ae901b000-7f0ae901f000 r--p 00015000 08:05 663591                     /usr/lib/x86_64-linux-gnu/libgcc_s.so.1
7f0ae901f000-7f0ae9020000 r--p 00018000 08:05 663591                     /usr/lib/x86_64-linux-gnu/libgcc_s.so.1
7f0ae9020000-7f0ae9021000 rw-p 00019000 08:05 663591                     /usr/lib/x86_64-linux-gnu/libgcc_s.so.1
7f0ae9021000-7f0ae9025000 ---p 00000000 00:00 0 
7f0ae9025000-7f0ae9122000 rw-p 00000000 00:00 0 
7f0ae9122000-7f0ae9123000 ---p 00000000 00:00 0 
7f0ae9123000-7f0ae92a5000 rw-p 00000000 00:00 0 
7f0ae92a5000-7f0ae92a6000 ---p 00000000 00:00 0 
7f0ae92a6000-7f0ae93a7000 rw-p 00000000 00:00 0 
7f0ae93a7000-7f0ae93a8000 ---p 00000000 00:00 0 
7f0ae93a8000-7f0ae989b000 rw-p 00000000 00:00 0 
7f0ae989b000-7f0aeb593000 ---p 00000000 00:00 0 
7f0aeb593000-7f0aeb78b000 rw-p 00000000 00:00 0 
7f0aeb78b000-7f0aed483000 ---p 00000000 00:00 0 
7f0aed483000-7f0aed48b000 rw-p 00000000 00:00 0 
7f0aed48b000-7f0aed6fb000 rwxp 00000000 00:00 0 
7f0aed6fb000-7f0aedbcc000 ---p 00000000 00:00 0 
7f0aedbcc000-7f0aede3c000 rwxp 00000000 00:00 0 
7f0aede3c000-7f0af502b000 ---p 00000000 00:00 0 
7f0af502b000-7f0af529b000 rwxp 00000000 00:00 0 
7f0af529b000-7f0afc48b000 ---p 00000000 00:00 0 
7f0afc48b000-7f0b04000000 r--s 00000000 08:05 1448795                    /home/zhangfengming/.jdks/corretto-17.0.5/lib/modules
7f0b04000000-7f0b04508000 rw-p 00000000 00:00 0 
7f0b04508000-7f0b08000000 ---p 00000000 00:00 0 
7f0b08000000-7f0b08007000 r--p 00000000 08:05 1575456                    /home/zhangfengming/.javacpp/cache/llvm-13.0.1-1.5.7-linux-x86_64.jar/org/bytedeco/llvm/linux-x86_64/libLTO.so.13
7f0b08007000-7f0b0800f000 r-xp 00007000 08:05 1575456                    /home/zhangfengming/.javacpp/cache/llvm-13.0.1-1.5.7-linux-x86_64.jar/org/bytedeco/llvm/linux-x86_64/libLTO.so.13
7f0b0800f000-7f0b08011000 r--p 0000f000 08:05 1575456                    /home/zhangfengming/.javacpp/cache/llvm-13.0.1-1.5.7-linux-x86_64.jar/org/bytedeco/llvm/linux-x86_64/libLTO.so.13
7f0b08011000-7f0b08012000 r--p 00010000 08:05 1575456                    /home/zhangfengming/.javacpp/cache/llvm-13.0.1-1.5.7-linux-x86_64.jar/org/bytedeco/llvm/linux-x86_64/libLTO.so.13
7f0b08012000-7f0b08013000 rw-p 00011000 08:05 1575456                    /home/zhangfengming/.javacpp/cache/llvm-13.0.1-1.5.7-linux-x86_64.jar/org/bytedeco/llvm/linux-x86_64/libLTO.so.13
7f0b08013000-7f0b08017000 r--p 00000000 08:05 1575446                    /home/zhangfengming/.javacpp/cache/javacpp-1.5.7-linux-x86_64.jar/org/bytedeco/javacpp/linux-x86_64/libjnijavacpp.so
7f0b08017000-7f0b0801e000 r-xp 00004000 08:05 1575446                    /home/zhangfengming/.javacpp/cache/javacpp-1.5.7-linux-x86_64.jar/org/bytedeco/javacpp/linux-x86_64/libjnijavacpp.so
7f0b0801e000-7f0b08022000 r--p 0000b000 08:05 1575446                    /home/zhangfengming/.javacpp/cache/javacpp-1.5.7-linux-x86_64.jar/org/bytedeco/javacpp/linux-x86_64/libjnijavacpp.so
7f0b08022000-7f0b08023000 r--p 0000e000 08:05 1575446                    /home/zhangfengming/.javacpp/cache/javacpp-1.5.7-linux-x86_64.jar/org/bytedeco/javacpp/linux-x86_64/libjnijavacpp.so
7f0b08023000-7f0b08024000 rw-p 0000f000 08:05 1575446                    /home/zhangfengming/.javacpp/cache/javacpp-1.5.7-linux-x86_64.jar/org/bytedeco/javacpp/linux-x86_64/libjnijavacpp.so
7f0b08024000-7f0b08bcb000 rw-p 00000000 00:00 0 
7f0b08bcb000-7f0b08bcc000 ---p 00000000 00:00 0 
7f0b08bcc000-7f0b08ccd000 rw-p 00000000 00:00 0 
7f0b08ccd000-7f0b08cce000 ---p 00000000 00:00 0 
7f0b08cce000-7f0b08dcf000 rw-p 00000000 00:00 0 
7f0b08dcf000-7f0b08dd0000 ---p 00000000 00:00 0 
7f0b08dd0000-7f0b08fcd000 rw-p 00000000 00:00 0 
7f0b08fcd000-7f0b0936c000 ---p 00000000 00:00 0 
7f0b0936c000-7f0b093ab000 rw-p 00000000 00:00 0 
7f0b093ab000-7f0b0974a000 ---p 00000000 00:00 0 
7f0b0974a000-7f0b09789000 rw-p 00000000 00:00 0 
7f0b09789000-7f0b09b28000 ---p 00000000 00:00 0 
7f0b09b28000-7f0b0a83b000 rw-p 00000000 00:00 0 
7f0b0a83b000-7f0b0a91f000 ---p 00000000 00:00 0 
7f0b0a91f000-7f0b0a924000 rw-p 00000000 00:00 0 
7f0b0a924000-7f0b0aa08000 ---p 00000000 00:00 0 
7f0b0aa08000-7f0b0aa0b000 r--p 00000000 08:05 664078                     /usr/lib/x86_64-linux-gnu/libnss_files-2.31.so
7f0b0aa0b000-7f0b0aa12000 r-xp 00003000 08:05 664078                     /usr/lib/x86_64-linux-gnu/libnss_files-2.31.so
7f0b0aa12000-7f0b0aa14000 r--p 0000a000 08:05 664078                     /usr/lib/x86_64-linux-gnu/libnss_files-2.31.so
7f0b0aa14000-7f0b0aa15000 r--p 0000b000 08:05 664078                     /usr/lib/x86_64-linux-gnu/libnss_files-2.31.so
7f0b0aa15000-7f0b0aa16000 rw-p 0000c000 08:05 664078                     /usr/lib/x86_64-linux-gnu/libnss_files-2.31.so
7f0b0aa16000-7f0b0aa1c000 rw-p 00000000 00:00 0 
7f0b0aa1f000-7f0b0aa24000 rw-p 00000000 00:00 0 
7f0b0aa24000-7f0b0aa2e000 ---p 00000000 00:00 0 
7f0b0aa2e000-7f0b0aa52000 r-xp 00000000 08:05 1448801                    /home/zhangfengming/.jdks/corretto-17.0.5/lib/libjava.so
7f0b0aa52000-7f0b0ac51000 ---p 00024000 08:05 1448801                    /home/zhangfengming/.jdks/corretto-17.0.5/lib/libjava.so
7f0b0ac51000-7f0b0ac52000 r--p 00023000 08:05 1448801                    /home/zhangfengming/.jdks/corretto-17.0.5/lib/libjava.so
7f0b0ac52000-7f0b0ac53000 rw-p 00024000 08:05 1448801                    /home/zhangfengming/.jdks/corretto-17.0.5/lib/libjava.so
7f0b0ac53000-7f0b0ac54000 rw-p 00000000 00:00 0 
7f0b0ac54000-7f0b0ac5e000 r-xp 00000000 08:05 1450948                    /home/zhangfengming/.jdks/corretto-17.0.5/lib/libinstrument.so
7f0b0ac5e000-7f0b0ae5d000 ---p 0000a000 08:05 1450948                    /home/zhangfengming/.jdks/corretto-17.0.5/lib/libinstrument.so
7f0b0ae5d000-7f0b0ae5e000 r--p 00009000 08:05 1450948                    /home/zhangfengming/.jdks/corretto-17.0.5/lib/libinstrument.so
7f0b0ae5e000-7f0b0ae5f000 rw-p 0000a000 08:05 1450948                    /home/zhangfengming/.jdks/corretto-17.0.5/lib/libinstrument.so
7f0b0ae5f000-7f0b0ae7a000 r-xp 00000000 08:05 1448802                    /home/zhangfengming/.jdks/corretto-17.0.5/lib/libjimage.so
7f0b0ae7a000-7f0b0b079000 ---p 0001b000 08:05 1448802                    /home/zhangfengming/.jdks/corretto-17.0.5/lib/libjimage.so
7f0b0b079000-7f0b0b07b000 r--p 0001a000 08:05 1448802                    /home/zhangfengming/.jdks/corretto-17.0.5/lib/libjimage.so
7f0b0b07b000-7f0b0b07c000 rw-p 0001c000 08:05 1448802                    /home/zhangfengming/.jdks/corretto-17.0.5/lib/libjimage.so
7f0b0b07c000-7f0b0b080000 ---p 00000000 00:00 0 
7f0b0b080000-7f0b0b17d000 rw-p 00000000 00:00 0 
7f0b0b17d000-7f0b0b18a000 r--p 00000000 08:05 663952                     /usr/lib/x86_64-linux-gnu/libm-2.31.so
7f0b0b18a000-7f0b0b231000 r-xp 0000d000 08:05 663952                     /usr/lib/x86_64-linux-gnu/libm-2.31.so
7f0b0b231000-7f0b0b2ca000 r--p 000b4000 08:05 663952                     /usr/lib/x86_64-linux-gnu/libm-2.31.so
7f0b0b2ca000-7f0b0b2cb000 r--p 0014c000 08:05 663952                     /usr/lib/x86_64-linux-gnu/libm-2.31.so
7f0b0b2cb000-7f0b0b2cc000 rw-p 0014d000 08:05 663952                     /usr/lib/x86_64-linux-gnu/libm-2.31.so
7f0b0b2cc000-7f0b0b2ce000 r--p 00000000 08:05 664287                     /usr/lib/x86_64-linux-gnu/librt-2.31.so
7f0b0b2ce000-7f0b0b2d2000 r-xp 00002000 08:05 664287                     /usr/lib/x86_64-linux-gnu/librt-2.31.so
7f0b0b2d2000-7f0b0b2d4000 r--p 00006000 08:05 664287                     /usr/lib/x86_64-linux-gnu/librt-2.31.so
7f0b0b2d4000-7f0b0b2d5000 r--p 00007000 08:05 664287                     /usr/lib/x86_64-linux-gnu/librt-2.31.so
7f0b0b2d5000-7f0b0b2d6000 rw-p 00008000 08:05 664287                     /usr/lib/x86_64-linux-gnu/librt-2.31.so
7f0b0b2d6000-7f0b0c5c0000 r-xp 00000000 08:05 1450931                    /home/zhangfengming/.jdks/corretto-17.0.5/lib/server/libjvm.so
7f0b0c5c0000-7f0b0c7bf000 ---p 012ea000 08:05 1450931                    /home/zhangfengming/.jdks/corretto-17.0.5/lib/server/libjvm.so
7f0b0c7bf000-7f0b0c878000 r--p 012e9000 08:05 1450931                    /home/zhangfengming/.jdks/corretto-17.0.5/lib/server/libjvm.so
7f0b0c878000-7f0b0c8ad000 rw-p 013a2000 08:05 1450931                    /home/zhangfengming/.jdks/corretto-17.0.5/lib/server/libjvm.so
7f0b0c8ad000-7f0b0c909000 rw-p 00000000 00:00 0 
7f0b0c909000-7f0b0c92b000 r--p 00000000 08:05 663294                     /usr/lib/x86_64-linux-gnu/libc-2.31.so
7f0b0c92b000-7f0b0caa3000 r-xp 00022000 08:05 663294                     /usr/lib/x86_64-linux-gnu/libc-2.31.so
7f0b0caa3000-7f0b0caf1000 r--p 0019a000 08:05 663294                     /usr/lib/x86_64-linux-gnu/libc-2.31.so
7f0b0caf1000-7f0b0caf5000 r--p 001e7000 08:05 663294                     /usr/lib/x86_64-linux-gnu/libc-2.31.so
7f0b0caf5000-7f0b0caf7000 rw-p 001eb000 08:05 663294                     /usr/lib/x86_64-linux-gnu/libc-2.31.so
7f0b0caf7000-7f0b0cafb000 rw-p 00000000 00:00 0 
7f0b0cafb000-7f0b0cafc000 r--p 00000000 08:05 663437                     /usr/lib/x86_64-linux-gnu/libdl-2.31.so
7f0b0cafc000-7f0b0cafe000 r-xp 00001000 08:05 663437                     /usr/lib/x86_64-linux-gnu/libdl-2.31.so
7f0b0cafe000-7f0b0caff000 r--p 00003000 08:05 663437                     /usr/lib/x86_64-linux-gnu/libdl-2.31.so
7f0b0caff000-7f0b0cb00000 r--p 00003000 08:05 663437                     /usr/lib/x86_64-linux-gnu/libdl-2.31.so
7f0b0cb00000-7f0b0cb01000 rw-p 00004000 08:05 663437                     /usr/lib/x86_64-linux-gnu/libdl-2.31.so
7f0b0cb01000-7f0b0cb07000 r--p 00000000 08:05 664222                     /usr/lib/x86_64-linux-gnu/libpthread-2.31.so
7f0b0cb07000-7f0b0cb18000 r-xp 00006000 08:05 664222                     /usr/lib/x86_64-linux-gnu/libpthread-2.31.so
7f0b0cb18000-7f0b0cb1e000 r--p 00017000 08:05 664222                     /usr/lib/x86_64-linux-gnu/libpthread-2.31.so
7f0b0cb1e000-7f0b0cb1f000 r--p 0001c000 08:05 664222                     /usr/lib/x86_64-linux-gnu/libpthread-2.31.so
7f0b0cb1f000-7f0b0cb20000 rw-p 0001d000 08:05 664222                     /usr/lib/x86_64-linux-gnu/libpthread-2.31.so
7f0b0cb20000-7f0b0cb24000 rw-p 00000000 00:00 0 
7f0b0cb27000-7f0b0cb28000 r--p 00000000 08:05 1575458                    /home/zhangfengming/.javacpp/cache/llvm-13.0.1-1.5.7-linux-x86_64.jar/org/bytedeco/llvm/linux-x86_64/libRemarks.so.13
7f0b0cb28000-7f0b0cb29000 r-xp 00001000 08:05 1575458                    /home/zhangfengming/.javacpp/cache/llvm-13.0.1-1.5.7-linux-x86_64.jar/org/bytedeco/llvm/linux-x86_64/libRemarks.so.13
7f0b0cb29000-7f0b0cb2a000 r--p 00002000 08:05 1575458                    /home/zhangfengming/.javacpp/cache/llvm-13.0.1-1.5.7-linux-x86_64.jar/org/bytedeco/llvm/linux-x86_64/libRemarks.so.13
7f0b0cb2a000-7f0b0cb2b000 r--p 00002000 08:05 1575458                    /home/zhangfengming/.javacpp/cache/llvm-13.0.1-1.5.7-linux-x86_64.jar/org/bytedeco/llvm/linux-x86_64/libRemarks.so.13
7f0b0cb2b000-7f0b0cb2c000 rw-p 00003000 08:05 1575458                    /home/zhangfengming/.javacpp/cache/llvm-13.0.1-1.5.7-linux-x86_64.jar/org/bytedeco/llvm/linux-x86_64/libRemarks.so.13
7f0b0cb2c000-7f0b0cb34000 rw-s 00000000 08:05 1450538                    /tmp/hsperfdata_zhangfengming/14857
7f0b0cb34000-7f0b0cb35000 ---p 00000000 00:00 0 
7f0b0cb35000-7f0b0cb36000 r--p 00000000 00:00 0 
7f0b0cb36000-7f0b0cb4f000 r-xp 00000000 08:05 1448803                    /home/zhangfengming/.jdks/corretto-17.0.5/lib/libjli.so
7f0b0cb4f000-7f0b0cd4e000 ---p 00019000 08:05 1448803                    /home/zhangfengming/.jdks/corretto-17.0.5/lib/libjli.so
7f0b0cd4e000-7f0b0cd4f000 r--p 00018000 08:05 1448803                    /home/zhangfengming/.jdks/corretto-17.0.5/lib/libjli.so
7f0b0cd4f000-7f0b0cd50000 rw-p 00019000 08:05 1448803                    /home/zhangfengming/.jdks/corretto-17.0.5/lib/libjli.so
7f0b0cd50000-7f0b0cd52000 rw-p 00000000 00:00 0 
7f0b0cd52000-7f0b0cd53000 r--p 00000000 08:05 663074                     /usr/lib/x86_64-linux-gnu/ld-2.31.so
7f0b0cd53000-7f0b0cd76000 r-xp 00001000 08:05 663074                     /usr/lib/x86_64-linux-gnu/ld-2.31.so
7f0b0cd76000-7f0b0cd7e000 r--p 00024000 08:05 663074                     /usr/lib/x86_64-linux-gnu/ld-2.31.so
7f0b0cd7e000-7f0b0cd7f000 ---p 00000000 00:00 0 
7f0b0cd7f000-7f0b0cd80000 r--p 0002c000 08:05 663074                     /usr/lib/x86_64-linux-gnu/ld-2.31.so
7f0b0cd80000-7f0b0cd81000 rw-p 0002d000 08:05 663074                     /usr/lib/x86_64-linux-gnu/ld-2.31.so
7f0b0cd81000-7f0b0cd82000 rw-p 00000000 00:00 0 
7ffdc6c92000-7ffdc6cb4000 rw-p 00000000 00:00 0                          [stack]
7ffdc6cc9000-7ffdc6ccd000 r--p 00000000 00:00 0                          [vvar]
7ffdc6ccd000-7ffdc6ccf000 r-xp 00000000 00:00 0                          [vdso]
ffffffffff600000-ffffffffff601000 --xp 00000000 00:00 0                  [vsyscall]


VM Arguments:
jvm_args: -javaagent:/home/zhangfengming/idea-IU-223.8214.52/lib/idea_rt.jar=41861:/home/zhangfengming/idea-IU-223.8214.52/bin -Dfile.encoding=UTF-8 
java_command: Main
java_class_path (initial): /home/zhangfengming/Desktop/Lab/target/classes:/usr/local/lib/antlr-4.9.1-complete.jar:/home/zhangfengming/.m2/repository/org/bytedeco/llvm-platform/13.0.1-1.5.7/llvm-platform-13.0.1-1.5.7.jar:/home/zhangfengming/.m2/repository/org/bytedeco/javacpp-platform/1.5.7/javacpp-platform-1.5.7.jar:/home/zhangfengming/.m2/repository/org/bytedeco/javacpp/1.5.7/javacpp-1.5.7.jar:/home/zhangfengming/.m2/repository/org/bytedeco/javacpp/1.5.7/javacpp-1.5.7-android-arm.jar:/home/zhangfengming/.m2/repository/org/bytedeco/javacpp/1.5.7/javacpp-1.5.7-android-arm64.jar:/home/zhangfengming/.m2/repository/org/bytedeco/javacpp/1.5.7/javacpp-1.5.7-android-x86.jar:/home/zhangfengming/.m2/repository/org/bytedeco/javacpp/1.5.7/javacpp-1.5.7-android-x86_64.jar:/home/zhangfengming/.m2/repository/org/bytedeco/javacpp/1.5.7/javacpp-1.5.7-ios-arm64.jar:/home/zhangfengming/.m2/repository/org/bytedeco/javacpp/1.5.7/javacpp-1.5.7-ios-x86_64.jar:/home/zhangfengming/.m2/repository/org/bytedeco/javacpp/1.5.7/javacpp-1.5.7-linux-armhf.jar:/home/zhangfengming/.m2/repository/org/bytedeco/javacpp/1.5.7/javacpp-1.5.7-linux-arm64.jar:/home/zhangfengming/.m2/repository/org/bytedeco/javacpp/1.5.7/javacpp-1.5.7-linux-ppc64le.jar:/home/zhangfengming/.m2/repository/org/bytedeco/javacpp/1.5.7/javacpp-1.5.7-linux-x86.jar:/home/zhangfengming/.m2/repository/org/bytedeco/javacpp/1.5.7/javacpp-1.5.7-linux-x86_64.jar:/home/zhangfengming/.m2/repository/org/bytedeco/javacpp/1.5.7/javacpp-1.5.7-macosx-arm64.jar:/home/zhangfengming/.m2/repository/org/bytedeco/javacpp/1.5.7/javacpp-1.5.7-macosx-x86_64.jar:/home/zhangfengming/.m2/repository/org/bytedeco/javacpp/1.5.7/javacpp-1.5.7-windows-x86.jar:/home/zhangfengming/.m2/repository/org/bytedeco/javacpp/1.5.7/javacpp-1.5.7-windows-x86_64.jar:/home/zhangfengming/.m2/repository/org/bytedeco/llvm/13.0.1-1.5.7/llvm-13.0.1-1.5.7.jar:/home/zhangfengming/.m2/repository/org/bytedeco/llvm/13.0.1-1.5.7/llvm-13.0.1-1.5.7-linux-x86.jar:/home/zhangfengming/.m2/r
Launcher Type: SUN_STANDARD

[Global flags]
     intx CICompilerCount                          = 12                                        {product} {ergonomic}
     uint ConcGCThreads                            = 3                                         {product} {ergonomic}
     uint G1ConcRefinementThreads                  = 13                                        {product} {ergonomic}
   size_t G1HeapRegionSize                         = 1048576                                   {product} {ergonomic}
    uintx GCDrainStackTargetSize                   = 64                                        {product} {ergonomic}
   size_t InitialHeapSize                          = 130023424                                 {product} {ergonomic}
   size_t MarkStackSize                            = 4194304                                   {product} {ergonomic}
   size_t MaxHeapSize                              = 2076180480                                {product} {ergonomic}
   size_t MaxNewSize                               = 1245708288                                {product} {ergonomic}
   size_t MinHeapDeltaBytes                        = 1048576                                   {product} {ergonomic}
   size_t MinHeapSize                              = 8388608                                   {product} {ergonomic}
    uintx NonNMethodCodeHeapSize                   = 7602480                                {pd product} {ergonomic}
    uintx NonProfiledCodeHeapSize                  = 122027880                              {pd product} {ergonomic}
    uintx ProfiledCodeHeapSize                     = 122027880                              {pd product} {ergonomic}
    uintx ReservedCodeCacheSize                    = 251658240                              {pd product} {ergonomic}
     bool SegmentedCodeCache                       = true                                      {product} {ergonomic}
   size_t SoftMaxHeapSize                          = 2076180480                             {manageable} {ergonomic}
     bool UseCompressedClassPointers               = true                           {product lp64_product} {ergonomic}
     bool UseCompressedOops                        = true                           {product lp64_product} {ergonomic}
     bool UseG1GC                                  = true                                      {product} {ergonomic}

Logging:
Log output configuration:
 #0: stdout all=warning uptime,level,tags
 #1: stderr all=off uptime,level,tags

Environment Variables:
PATH=/usr/local/sbin:/usr/local/bin:/usr/sbin:/usr/bin:/sbin:/bin:/usr/games:/usr/local/games:/snap/bin
USERNAME=zhangfengming
SHELL=/bin/bash
DISPLAY=:0
LANG=en_US.UTF-8
LC_NUMERIC=zh_CN.UTF-8
LC_TIME=zh_CN.UTF-8
TERM=xterm-256color

Signal Handlers:
   SIGSEGV: crash_handler in libjvm.so, mask=11100100010111111101111111111110, flags=SA_RESTART|SA_SIGINFO
    SIGBUS: crash_handler in libjvm.so, mask=11100100010111111101111111111110, flags=SA_RESTART|SA_SIGINFO
    SIGFPE: crash_handler in libjvm.so, mask=11100100010111111101111111111110, flags=SA_RESTART|SA_SIGINFO
   SIGPIPE: javaSignalHandler in libjvm.so, mask=11100100010111111101111111111110, flags=SA_RESTART|SA_SIGINFO
   SIGXFSZ: javaSignalHandler in libjvm.so, mask=11100100010111111101111111111110, flags=SA_RESTART|SA_SIGINFO
    SIGILL: crash_handler in libjvm.so, mask=11100100010111111101111111111110, flags=SA_RESTART|SA_SIGINFO
   SIGUSR2: SR_handler in libjvm.so, mask=00100000000000000000000000000000, flags=SA_RESTART|SA_SIGINFO
    SIGHUP: UserHandler in libjvm.so, mask=11100100010111111101111111111110, flags=SA_RESTART|SA_SIGINFO
    SIGINT: UserHandler in libjvm.so, mask=11100100010111111101111111111110, flags=SA_RESTART|SA_SIGINFO
   SIGTERM: UserHandler in libjvm.so, mask=11100100010111111101111111111110, flags=SA_RESTART|SA_SIGINFO
   SIGQUIT: UserHandler in libjvm.so, mask=11100100010111111101111111111110, flags=SA_RESTART|SA_SIGINFO
  *** Handler was modified!
  *** Expected: javaSignalHandler in libjvm.so, mask=11100100110111111111111111111110, flags=SA_RESTART|SA_SIGINFO
   SIGTRAP: crash_handler in libjvm.so, mask=11100100010111111101111111111110, flags=SA_RESTART|SA_SIGINFO


---------------  S Y S T E M  ---------------

OS:
DISTRIB_ID=Ubuntu
DISTRIB_RELEASE=20.04
DISTRIB_CODENAME=focal
DISTRIB_DESCRIPTION="Ubuntu 20.04.5 LTS"
uname: Linux 5.15.0-56-generic #62~20.04.1-Ubuntu SMP Tue Nov 22 21:24:20 UTC 2022 x86_64
OS uptime: 0 days 9:02 hours
libc: glibc 2.31 NPTL 2.31 
rlimit (soft/hard): STACK 8192k/infinity , CORE 0k/infinity , NPROC 31362/31362 , NOFILE 1048576/1048576 , AS infinity/infinity , CPU infinity/infinity , DATA infinity/infinity , FSIZE infinity/infinity , MEMLOCK 65536k/65536k
load average: 0.75 0.43 0.34

/proc/meminfo:
MemTotal:        8105892 kB
MemFree:          338180 kB
MemAvailable:    1694240 kB
Buffers:           51064 kB
Cached:          1691316 kB
SwapCached:        53360 kB
Active:          1321008 kB
Inactive:        5155300 kB
Active(anon):     577616 kB
Inactive(anon):  4389812 kB
Active(file):     743392 kB
Inactive(file):   765488 kB
Unevictable:          16 kB
Mlocked:              16 kB
SwapTotal:       1190340 kB
SwapFree:         412132 kB
Dirty:               572 kB
Writeback:             0 kB
AnonPages:       4689232 kB
Mapped:           955184 kB
Shmem:            235000 kB
KReclaimable:     135904 kB
Slab:             283644 kB
SReclaimable:     135904 kB
SUnreclaim:       147740 kB
KernelStack:       27792 kB
PageTables:        50692 kB
NFS_Unstable:          0 kB
Bounce:                0 kB
WritebackTmp:          0 kB
CommitLimit:     5243284 kB
Committed_AS:   11240400 kB
VmallocTotal:   34359738367 kB
VmallocUsed:       76880 kB
VmallocChunk:          0 kB
Percpu:           121856 kB
HardwareCorrupted:     0 kB
AnonHugePages:         0 kB
ShmemHugePages:        0 kB
ShmemPmdMapped:        0 kB
FileHugePages:         0 kB
FilePmdMapped:         0 kB
HugePages_Total:       0
HugePages_Free:        0
HugePages_Rsvd:        0
HugePages_Surp:        0
Hugepagesize:       2048 kB
Hugetlb:               0 kB
DirectMap4k:      419712 kB
DirectMap2M:     6920192 kB
DirectMap1G:     3145728 kB

/sys/kernel/mm/transparent_hugepage/enabled: always [madvise] never
/sys/kernel/mm/transparent_hugepage/defrag (defrag/compaction efforts parameter): always defer defer+madvise [madvise] never

Process Memory:
Virtual Size: 5249760K (peak: 5249760K)
Resident Set Size: 104236K (peak: 104236K) (anon: 45780K, file: 58456K, shmem: 0K)
Swapped out: 0K
C-Heap outstanding allocations: 43004K, retained: 2683K
glibc malloc tunables: (default)

/proc/sys/kernel/threads-max (system-wide limit on the number of threads): 62725
/proc/sys/vm/max_map_count (maximum number of memory map areas a process may have): 65530
/proc/sys/kernel/pid_max (system-wide limit on number of process identifiers): 4194304

container (cgroup) information:
container_type: cgroupv1
cpu_cpuset_cpus: 0-15
cpu_memory_nodes: 0
active_processor_count: 16
cpu_quota: no quota
cpu_period: 100000
cpu_shares: no shares
memory_limit_in_bytes: unlimited
memory_and_swap_limit_in_bytes: unlimited
memory_soft_limit_in_bytes: unlimited
memory_usage_in_bytes: 6138120 k
memory_max_usage_in_bytes: 6637600 k
maximum number of tasks: unlimited
current number of tasks: 1204

VMWare virtualization detected
Steal ticks since vm start: 0
Steal ticks percentage since vm start:  0.000

CPU: total 16 (initial active 16) (4 cores per cpu, 1 threads per core) family 25 model 80 stepping 0 microcode 0xffffffff, cx8, cmov, fxsr, mmx, sse, sse2, sse3, ssse3, sse4a, sse4.1, sse4.2, popcnt, lzcnt, tsc, tscinvbit, avx, avx2, aes, erms, clmul, bmi1, bmi2, adx, sha, fma, vzeroupper, clflush, clflushopt, hv
CPU Model and flags from /proc/cpuinfo:
model name	: AMD Ryzen 7 5800H with Radeon Graphics
flags		: fpu vme de pse tsc msr pae mce cx8 apic sep mtrr pge mca cmov pat pse36 clflush mmx fxsr sse sse2 ht syscall nx mmxext pdpe1gb rdtscp lm constant_tsc rep_good nopl tsc_reliable nonstop_tsc cpuid extd_apicid tsc_known_freq pni pclmulqdq ssse3 fma cx16 sse4_1 sse4_2 x2apic movbe popcnt aes xsave avx f16c rdrand hypervisor lahf_lm cmp_legacy cr8_legacy abm sse4a misalignsse 3dnowprefetch osvw topoext ibpb vmmcall fsgsbase bmi1 avx2 smep bmi2 erms invpcid rdseed adx smap clflushopt clwb sha_ni xsaveopt xsavec xgetbv1 xsaves clzero arat umip vaes vpclmulqdq rdpid overflow_recov succor fsrm

Online cpus: 0-15
Offline cpus: 16-127
BIOS frequency limitation: <Not Available>
Frequency switch latency (ns): <Not Available>
Available cpu frequencies: <Not Available>
Current governor: <Not Available>
Core performance/turbo boost: <Not Available>

Memory: 4k page, physical 8105892k(338180k free), swap 1190340k(412132k free)
Page Sizes: 4k

vm_info: OpenJDK 64-Bit Server VM (17.0.5+8-LTS) for linux-amd64 JRE (17.0.5+8-LTS), built on Oct 13 2022 05:01:28 by "jenkins" with gcc 7.3.1 20180303 (Red Hat 7.3.1-5)

END.
